2024-11-15 15:40:15,862 DEBUG    root            Metrics collector initialized...
2024-11-15 15:40:15,863 DEBUG    root            Loaded Command Group: ['gcloud', 'components']
2024-11-15 15:40:15,870 DEBUG    root            Loaded Command Group: ['gcloud', 'components', 'update']
2024-11-15 15:40:15,871 DEBUG    root            Running [gcloud.components.update] with arguments: [--no-compile-python: "False", --quiet: "True", COMPONENT-IDS:6: "['alpha', 'beta', 'gke-gcloud-auth-plugin', 'kubectl', 'skaffold', 'minikube']"]
2024-11-15 15:40:15,871 INFO     ___FILE_ONLY___ Beginning update. This process may take several minutes.

2024-11-15 15:40:15,899 DEBUG    urllib3.connectionpool Starting new HTTPS connection (1): dl.google.com:443
2024-11-15 15:40:16,119 DEBUG    urllib3.connectionpool https://dl.google.com:443 "GET /dl/cloudsdk/channels/rapid/components-2.json HTTP/1.1" 200 226997
2024-11-15 15:40:16,208 INFO     ___FILE_ONLY___ 

2024-11-15 15:40:16,209 INFO     ___FILE_ONLY___ 
Your current Google Cloud CLI version is: 501.0.0

2024-11-15 15:40:16,209 INFO     ___FILE_ONLY___ Installing components from version: 501.0.0

2024-11-15 15:40:16,209 INFO     ___FILE_ONLY___ 

2024-11-15 15:40:16,210 DEBUG    root            Chosen display Format:table[box,title="These components will be removed."](details.display_name:label=Name:align=left,version.version_string:label=Version:align=right,data.size.size(zero="",min=1048576):label=Size:align=right)
2024-11-15 15:40:16,210 DEBUG    root            Chosen display Format:table[box,title="These components will be updated."](details.display_name:label=Name:align=left,version.version_string:label=Version:align=right,data.size.size(zero="",min=1048576):label=Size:align=right)
2024-11-15 15:40:16,210 DEBUG    root            Chosen display Format:table[box,title="These components will be installed."](details.display_name:label=Name:align=left,version.version_string:label=Version:align=right,data.size.size(zero="",min=1048576):label=Size:align=right)
2024-11-15 15:40:16,251 INFO     ___FILE_ONLY___ ┌─────────────────────────────────────────────────────────────────────────────┐
2024-11-15 15:40:16,251 INFO     ___FILE_ONLY___ 

2024-11-15 15:40:16,252 INFO     ___FILE_ONLY___ │                     These components will be installed.                     │
2024-11-15 15:40:16,252 INFO     ___FILE_ONLY___ 

2024-11-15 15:40:16,252 INFO     ___FILE_ONLY___ ├─────────────────────────────────────────────────────┬────────────┬──────────┤
2024-11-15 15:40:16,252 INFO     ___FILE_ONLY___ 

2024-11-15 15:40:16,252 INFO     ___FILE_ONLY___ │                         Name                        │  Version   │   Size   │
2024-11-15 15:40:16,252 INFO     ___FILE_ONLY___ 

2024-11-15 15:40:16,252 INFO     ___FILE_ONLY___ ├─────────────────────────────────────────────────────┼────────────┼──────────┤
2024-11-15 15:40:16,252 INFO     ___FILE_ONLY___ 

2024-11-15 15:40:16,252 INFO     ___FILE_ONLY___ │ 
2024-11-15 15:40:16,252 INFO     ___FILE_ONLY___ Google Cloud CLI Core Libraries (Platform Specific)
2024-11-15 15:40:16,252 INFO     ___FILE_ONLY___  
2024-11-15 15:40:16,252 INFO     ___FILE_ONLY___ │ 
2024-11-15 15:40:16,252 INFO     ___FILE_ONLY___ 2024.08.30
2024-11-15 15:40:16,252 INFO     ___FILE_ONLY___  
2024-11-15 15:40:16,252 INFO     ___FILE_ONLY___ │ 
2024-11-15 15:40:16,252 INFO     ___FILE_ONLY___  < 1 MiB
2024-11-15 15:40:16,252 INFO     ___FILE_ONLY___  
2024-11-15 15:40:16,252 INFO     ___FILE_ONLY___ │
2024-11-15 15:40:16,252 INFO     ___FILE_ONLY___ 

2024-11-15 15:40:16,252 INFO     ___FILE_ONLY___ │ 
2024-11-15 15:40:16,252 INFO     ___FILE_ONLY___ Minikube (Platform Specific)                       
2024-11-15 15:40:16,252 INFO     ___FILE_ONLY___  
2024-11-15 15:40:16,252 INFO     ___FILE_ONLY___ │ 
2024-11-15 15:40:16,252 INFO     ___FILE_ONLY___     1.34.0
2024-11-15 15:40:16,252 INFO     ___FILE_ONLY___  
2024-11-15 15:40:16,252 INFO     ___FILE_ONLY___ │ 
2024-11-15 15:40:16,252 INFO     ___FILE_ONLY___ 37.2 MiB
2024-11-15 15:40:16,252 INFO     ___FILE_ONLY___  
2024-11-15 15:40:16,252 INFO     ___FILE_ONLY___ │
2024-11-15 15:40:16,252 INFO     ___FILE_ONLY___ 

2024-11-15 15:40:16,252 INFO     ___FILE_ONLY___ │ 
2024-11-15 15:40:16,252 INFO     ___FILE_ONLY___ Skaffold (Platform Specific)                       
2024-11-15 15:40:16,252 INFO     ___FILE_ONLY___  
2024-11-15 15:40:16,252 INFO     ___FILE_ONLY___ │ 
2024-11-15 15:40:16,252 INFO     ___FILE_ONLY___     2.13.1
2024-11-15 15:40:16,252 INFO     ___FILE_ONLY___  
2024-11-15 15:40:16,252 INFO     ___FILE_ONLY___ │ 
2024-11-15 15:40:16,252 INFO     ___FILE_ONLY___ 22.9 MiB
2024-11-15 15:40:16,252 INFO     ___FILE_ONLY___  
2024-11-15 15:40:16,252 INFO     ___FILE_ONLY___ │
2024-11-15 15:40:16,252 INFO     ___FILE_ONLY___ 

2024-11-15 15:40:16,253 INFO     ___FILE_ONLY___ │ 
2024-11-15 15:40:16,253 INFO     ___FILE_ONLY___ gcloud Alpha Commands                              
2024-11-15 15:40:16,253 INFO     ___FILE_ONLY___  
2024-11-15 15:40:16,253 INFO     ___FILE_ONLY___ │ 
2024-11-15 15:40:16,253 INFO     ___FILE_ONLY___ 2024.11.08
2024-11-15 15:40:16,253 INFO     ___FILE_ONLY___  
2024-11-15 15:40:16,253 INFO     ___FILE_ONLY___ │ 
2024-11-15 15:40:16,253 INFO     ___FILE_ONLY___  < 1 MiB
2024-11-15 15:40:16,253 INFO     ___FILE_ONLY___  
2024-11-15 15:40:16,253 INFO     ___FILE_ONLY___ │
2024-11-15 15:40:16,253 INFO     ___FILE_ONLY___ 

2024-11-15 15:40:16,253 INFO     ___FILE_ONLY___ │ 
2024-11-15 15:40:16,253 INFO     ___FILE_ONLY___ gcloud Beta Commands                               
2024-11-15 15:40:16,253 INFO     ___FILE_ONLY___  
2024-11-15 15:40:16,253 INFO     ___FILE_ONLY___ │ 
2024-11-15 15:40:16,253 INFO     ___FILE_ONLY___ 2024.11.08
2024-11-15 15:40:16,253 INFO     ___FILE_ONLY___  
2024-11-15 15:40:16,253 INFO     ___FILE_ONLY___ │ 
2024-11-15 15:40:16,253 INFO     ___FILE_ONLY___  < 1 MiB
2024-11-15 15:40:16,253 INFO     ___FILE_ONLY___  
2024-11-15 15:40:16,253 INFO     ___FILE_ONLY___ │
2024-11-15 15:40:16,253 INFO     ___FILE_ONLY___ 

2024-11-15 15:40:16,253 INFO     ___FILE_ONLY___ │ 
2024-11-15 15:40:16,253 INFO     ___FILE_ONLY___ gcloud cli dependencies (Platform Specific)        
2024-11-15 15:40:16,253 INFO     ___FILE_ONLY___  
2024-11-15 15:40:16,253 INFO     ___FILE_ONLY___ │ 
2024-11-15 15:40:16,253 INFO     ___FILE_ONLY___ 2021.04.16
2024-11-15 15:40:16,253 INFO     ___FILE_ONLY___  
2024-11-15 15:40:16,253 INFO     ___FILE_ONLY___ │ 
2024-11-15 15:40:16,253 INFO     ___FILE_ONLY___  < 1 MiB
2024-11-15 15:40:16,253 INFO     ___FILE_ONLY___  
2024-11-15 15:40:16,253 INFO     ___FILE_ONLY___ │
2024-11-15 15:40:16,253 INFO     ___FILE_ONLY___ 

2024-11-15 15:40:16,253 INFO     ___FILE_ONLY___ │ 
2024-11-15 15:40:16,253 INFO     ___FILE_ONLY___ gke-gcloud-auth-plugin (Platform Specific)         
2024-11-15 15:40:16,253 INFO     ___FILE_ONLY___  
2024-11-15 15:40:16,253 INFO     ___FILE_ONLY___ │ 
2024-11-15 15:40:16,253 INFO     ___FILE_ONLY___      0.5.9
2024-11-15 15:40:16,253 INFO     ___FILE_ONLY___  
2024-11-15 15:40:16,253 INFO     ___FILE_ONLY___ │ 
2024-11-15 15:40:16,253 INFO     ___FILE_ONLY___  4.0 MiB
2024-11-15 15:40:16,253 INFO     ___FILE_ONLY___  
2024-11-15 15:40:16,253 INFO     ___FILE_ONLY___ │
2024-11-15 15:40:16,253 INFO     ___FILE_ONLY___ 

2024-11-15 15:40:16,253 INFO     ___FILE_ONLY___ │ 
2024-11-15 15:40:16,253 INFO     ___FILE_ONLY___ kubectl                                            
2024-11-15 15:40:16,253 INFO     ___FILE_ONLY___  
2024-11-15 15:40:16,253 INFO     ___FILE_ONLY___ │ 
2024-11-15 15:40:16,254 INFO     ___FILE_ONLY___     1.30.5
2024-11-15 15:40:16,254 INFO     ___FILE_ONLY___  
2024-11-15 15:40:16,254 INFO     ___FILE_ONLY___ │ 
2024-11-15 15:40:16,254 INFO     ___FILE_ONLY___  < 1 MiB
2024-11-15 15:40:16,254 INFO     ___FILE_ONLY___  
2024-11-15 15:40:16,254 INFO     ___FILE_ONLY___ │
2024-11-15 15:40:16,254 INFO     ___FILE_ONLY___ 

2024-11-15 15:40:16,254 INFO     ___FILE_ONLY___ │ 
2024-11-15 15:40:16,254 INFO     ___FILE_ONLY___ kubectl (Platform Specific)                        
2024-11-15 15:40:16,254 INFO     ___FILE_ONLY___  
2024-11-15 15:40:16,254 INFO     ___FILE_ONLY___ │ 
2024-11-15 15:40:16,254 INFO     ___FILE_ONLY___     1.30.6
2024-11-15 15:40:16,254 INFO     ___FILE_ONLY___  
2024-11-15 15:40:16,254 INFO     ___FILE_ONLY___ │ 
2024-11-15 15:40:16,254 INFO     ___FILE_ONLY___ 86.1 MiB
2024-11-15 15:40:16,254 INFO     ___FILE_ONLY___  
2024-11-15 15:40:16,254 INFO     ___FILE_ONLY___ │
2024-11-15 15:40:16,254 INFO     ___FILE_ONLY___ 

2024-11-15 15:40:16,254 INFO     ___FILE_ONLY___ └─────────────────────────────────────────────────────┴────────────┴──────────┘
2024-11-15 15:40:16,254 INFO     ___FILE_ONLY___ 

2024-11-15 15:40:16,254 INFO     ___FILE_ONLY___ 

2024-11-15 15:40:16,256 DEBUG    urllib3.connectionpool Starting new HTTPS connection (1): dl.google.com:443
2024-11-15 15:40:16,459 DEBUG    urllib3.connectionpool https://dl.google.com:443 "GET /dl/cloudsdk/channels/rapid/RELEASE_NOTES HTTP/1.1" 200 1311270
2024-11-15 15:40:16,894 INFO     ___FILE_ONLY___ For the latest full release notes, please visit:
  https://cloud.google.com/sdk/release_notes


2024-11-15 15:40:16,895 INFO     ___FILE_ONLY___ Performing in place update...


2024-11-15 15:40:16,910 INFO     ___FILE_ONLY___ ╔════════════════════════════════════════════════════════════╗

2024-11-15 15:40:16,910 INFO     ___FILE_ONLY___ ╠═ Downloading: Google Cloud CLI Core Libraries (Platfor... ═╣

2024-11-15 15:40:16,910 INFO     ___FILE_ONLY___ ╚
2024-11-15 15:40:16,915 DEBUG    urllib3.connectionpool Starting new HTTPS connection (1): dl.google.com:443
2024-11-15 15:40:17,147 DEBUG    urllib3.connectionpool https://dl.google.com:443 "GET /dl/cloudsdk/channels/rapid/components/google-cloud-sdk-core-nix-20240830134514.tar.gz HTTP/1.1" 200 2306
2024-11-15 15:40:17,147 INFO     ___FILE_ONLY___ ════════════════════════════════════════════════════════════
2024-11-15 15:40:17,147 INFO     ___FILE_ONLY___ ╝

2024-11-15 15:40:17,164 INFO     ___FILE_ONLY___ ╔════════════════════════════════════════════════════════════╗

2024-11-15 15:40:17,164 INFO     ___FILE_ONLY___ ╠═ Downloading: Minikube                                    ═╣

2024-11-15 15:40:17,164 INFO     ___FILE_ONLY___ ╚
2024-11-15 15:40:17,164 INFO     ___FILE_ONLY___ ════════════════════════════════════════════════════════════
2024-11-15 15:40:17,164 INFO     ___FILE_ONLY___ ╝

2024-11-15 15:40:17,174 INFO     ___FILE_ONLY___ ╔════════════════════════════════════════════════════════════╗

2024-11-15 15:40:17,174 INFO     ___FILE_ONLY___ ╠═ Downloading: Minikube (Platform Specific)                ═╣

2024-11-15 15:40:17,174 INFO     ___FILE_ONLY___ ╚
2024-11-15 15:40:17,176 DEBUG    urllib3.connectionpool Starting new HTTPS connection (1): dl.google.com:443
2024-11-15 15:40:17,327 DEBUG    urllib3.connectionpool https://dl.google.com:443 "GET /dl/cloudsdk/channels/rapid/components/google-cloud-sdk-minikube-darwin-arm-20240927140238.tar.gz HTTP/1.1" 200 38981244
2024-11-15 15:40:30,167 INFO     ___FILE_ONLY___ ═
2024-11-15 15:40:30,169 INFO     ___FILE_ONLY___ ═
2024-11-15 15:40:30,170 INFO     ___FILE_ONLY___ ═
2024-11-15 15:40:30,171 INFO     ___FILE_ONLY___ ═
2024-11-15 15:40:30,172 INFO     ___FILE_ONLY___ ═
2024-11-15 15:40:30,173 INFO     ___FILE_ONLY___ ═
2024-11-15 15:40:30,174 INFO     ___FILE_ONLY___ ═
2024-11-15 15:40:30,174 INFO     ___FILE_ONLY___ ═
2024-11-15 15:40:30,175 INFO     ___FILE_ONLY___ ═
2024-11-15 15:40:30,176 INFO     ___FILE_ONLY___ ═
2024-11-15 15:40:30,177 INFO     ___FILE_ONLY___ ═
2024-11-15 15:40:30,178 INFO     ___FILE_ONLY___ ═
2024-11-15 15:40:30,180 INFO     ___FILE_ONLY___ ═
2024-11-15 15:40:30,180 INFO     ___FILE_ONLY___ ═
2024-11-15 15:40:30,181 INFO     ___FILE_ONLY___ ═
2024-11-15 15:40:30,182 INFO     ___FILE_ONLY___ ═
2024-11-15 15:40:30,182 INFO     ___FILE_ONLY___ ═
2024-11-15 15:40:30,183 INFO     ___FILE_ONLY___ ═
2024-11-15 15:40:30,184 INFO     ___FILE_ONLY___ ═
2024-11-15 15:40:30,186 INFO     ___FILE_ONLY___ ═
2024-11-15 15:40:30,189 INFO     ___FILE_ONLY___ ═
2024-11-15 15:40:30,190 INFO     ___FILE_ONLY___ ═
2024-11-15 15:40:30,190 INFO     ___FILE_ONLY___ ═
2024-11-15 15:40:30,191 INFO     ___FILE_ONLY___ ═
2024-11-15 15:40:30,192 INFO     ___FILE_ONLY___ ═
2024-11-15 15:40:30,193 INFO     ___FILE_ONLY___ ═
2024-11-15 15:40:30,193 INFO     ___FILE_ONLY___ ═
2024-11-15 15:40:30,194 INFO     ___FILE_ONLY___ ═
2024-11-15 15:40:30,194 INFO     ___FILE_ONLY___ ═
2024-11-15 15:40:30,195 INFO     ___FILE_ONLY___ ═
2024-11-15 15:40:30,196 INFO     ___FILE_ONLY___ ═
2024-11-15 15:40:30,196 INFO     ___FILE_ONLY___ ═
2024-11-15 15:40:30,197 INFO     ___FILE_ONLY___ ═
2024-11-15 15:40:30,197 INFO     ___FILE_ONLY___ ═
2024-11-15 15:40:30,198 INFO     ___FILE_ONLY___ ═
2024-11-15 15:40:30,199 INFO     ___FILE_ONLY___ ═
2024-11-15 15:40:30,200 INFO     ___FILE_ONLY___ ═
2024-11-15 15:40:30,201 INFO     ___FILE_ONLY___ ═
2024-11-15 15:40:30,205 INFO     ___FILE_ONLY___ ═
2024-11-15 15:40:30,206 INFO     ___FILE_ONLY___ ═
2024-11-15 15:40:30,206 INFO     ___FILE_ONLY___ ═
2024-11-15 15:40:30,207 INFO     ___FILE_ONLY___ ═
2024-11-15 15:40:30,207 INFO     ___FILE_ONLY___ ═
2024-11-15 15:40:30,208 INFO     ___FILE_ONLY___ ═
2024-11-15 15:40:30,208 INFO     ___FILE_ONLY___ ═
2024-11-15 15:40:30,209 INFO     ___FILE_ONLY___ ═
2024-11-15 15:40:30,209 INFO     ___FILE_ONLY___ ═
2024-11-15 15:40:30,210 INFO     ___FILE_ONLY___ ═
2024-11-15 15:40:30,210 INFO     ___FILE_ONLY___ ═
2024-11-15 15:40:30,211 INFO     ___FILE_ONLY___ ═
2024-11-15 15:40:30,211 INFO     ___FILE_ONLY___ ═
2024-11-15 15:40:30,215 INFO     ___FILE_ONLY___ ═
2024-11-15 15:40:30,216 INFO     ___FILE_ONLY___ ═
2024-11-15 15:40:30,216 INFO     ___FILE_ONLY___ ═
2024-11-15 15:40:30,217 INFO     ___FILE_ONLY___ ═
2024-11-15 15:40:30,217 INFO     ___FILE_ONLY___ ═
2024-11-15 15:40:30,218 INFO     ___FILE_ONLY___ ═
2024-11-15 15:40:30,218 INFO     ___FILE_ONLY___ ═
2024-11-15 15:40:30,219 INFO     ___FILE_ONLY___ ═
2024-11-15 15:40:30,219 INFO     ___FILE_ONLY___ ═
2024-11-15 15:40:30,219 INFO     ___FILE_ONLY___ ╝

2024-11-15 15:40:30,245 INFO     ___FILE_ONLY___ ╔════════════════════════════════════════════════════════════╗

2024-11-15 15:40:30,245 INFO     ___FILE_ONLY___ ╠═ Downloading: Skaffold                                    ═╣

2024-11-15 15:40:30,245 INFO     ___FILE_ONLY___ ╚
2024-11-15 15:40:30,245 INFO     ___FILE_ONLY___ ════════════════════════════════════════════════════════════
2024-11-15 15:40:30,245 INFO     ___FILE_ONLY___ ╝

2024-11-15 15:40:30,254 INFO     ___FILE_ONLY___ ╔════════════════════════════════════════════════════════════╗

2024-11-15 15:40:30,254 INFO     ___FILE_ONLY___ ╠═ Downloading: Skaffold (Platform Specific)                ═╣

2024-11-15 15:40:30,254 INFO     ___FILE_ONLY___ ╚
2024-11-15 15:40:30,258 DEBUG    urllib3.connectionpool Starting new HTTPS connection (1): dl.google.com:443
2024-11-15 15:40:30,495 DEBUG    urllib3.connectionpool https://dl.google.com:443 "GET /dl/cloudsdk/channels/rapid/components/google-cloud-sdk-skaffold-darwin-arm-20240806142304.tar.gz HTTP/1.1" 200 24031362
2024-11-15 15:40:38,638 INFO     ___FILE_ONLY___ ═
2024-11-15 15:40:38,640 INFO     ___FILE_ONLY___ ═
2024-11-15 15:40:38,642 INFO     ___FILE_ONLY___ ═
2024-11-15 15:40:38,643 INFO     ___FILE_ONLY___ ═
2024-11-15 15:40:38,644 INFO     ___FILE_ONLY___ ═
2024-11-15 15:40:38,645 INFO     ___FILE_ONLY___ ═
2024-11-15 15:40:38,647 INFO     ___FILE_ONLY___ ═
2024-11-15 15:40:38,648 INFO     ___FILE_ONLY___ ═
2024-11-15 15:40:38,648 INFO     ___FILE_ONLY___ ═
2024-11-15 15:40:38,649 INFO     ___FILE_ONLY___ ═
2024-11-15 15:40:38,649 INFO     ___FILE_ONLY___ ═
2024-11-15 15:40:38,650 INFO     ___FILE_ONLY___ ═
2024-11-15 15:40:38,650 INFO     ___FILE_ONLY___ ═
2024-11-15 15:40:38,651 INFO     ___FILE_ONLY___ ═
2024-11-15 15:40:38,651 INFO     ___FILE_ONLY___ ═
2024-11-15 15:40:38,652 INFO     ___FILE_ONLY___ ═
2024-11-15 15:40:38,652 INFO     ___FILE_ONLY___ ═
2024-11-15 15:40:38,652 INFO     ___FILE_ONLY___ ═
2024-11-15 15:40:38,653 INFO     ___FILE_ONLY___ ═
2024-11-15 15:40:38,653 INFO     ___FILE_ONLY___ ═
2024-11-15 15:40:38,654 INFO     ___FILE_ONLY___ ═
2024-11-15 15:40:38,655 INFO     ___FILE_ONLY___ ═
2024-11-15 15:40:38,655 INFO     ___FILE_ONLY___ ═
2024-11-15 15:40:38,656 INFO     ___FILE_ONLY___ ═
2024-11-15 15:40:38,657 INFO     ___FILE_ONLY___ ═
2024-11-15 15:40:38,658 INFO     ___FILE_ONLY___ ═
2024-11-15 15:40:38,659 INFO     ___FILE_ONLY___ ═
2024-11-15 15:40:38,659 INFO     ___FILE_ONLY___ ═
2024-11-15 15:40:38,659 INFO     ___FILE_ONLY___ ═
2024-11-15 15:40:38,660 INFO     ___FILE_ONLY___ ═
2024-11-15 15:40:38,660 INFO     ___FILE_ONLY___ ═
2024-11-15 15:40:38,661 INFO     ___FILE_ONLY___ ═
2024-11-15 15:40:38,661 INFO     ___FILE_ONLY___ ═
2024-11-15 15:40:38,662 INFO     ___FILE_ONLY___ ═
2024-11-15 15:40:38,662 INFO     ___FILE_ONLY___ ═
2024-11-15 15:40:38,663 INFO     ___FILE_ONLY___ ═
2024-11-15 15:40:38,663 INFO     ___FILE_ONLY___ ═
2024-11-15 15:40:38,664 INFO     ___FILE_ONLY___ ═
2024-11-15 15:40:38,664 INFO     ___FILE_ONLY___ ═
2024-11-15 15:40:38,665 INFO     ___FILE_ONLY___ ═
2024-11-15 15:40:38,665 INFO     ___FILE_ONLY___ ═
2024-11-15 15:40:38,666 INFO     ___FILE_ONLY___ ═
2024-11-15 15:40:38,667 INFO     ___FILE_ONLY___ ═
2024-11-15 15:40:38,667 INFO     ___FILE_ONLY___ ═
2024-11-15 15:40:38,668 INFO     ___FILE_ONLY___ ═
2024-11-15 15:40:38,669 INFO     ___FILE_ONLY___ ═
2024-11-15 15:40:38,669 INFO     ___FILE_ONLY___ ═
2024-11-15 15:40:38,670 INFO     ___FILE_ONLY___ ═
2024-11-15 15:40:38,670 INFO     ___FILE_ONLY___ ═
2024-11-15 15:40:38,671 INFO     ___FILE_ONLY___ ═
2024-11-15 15:40:38,671 INFO     ___FILE_ONLY___ ═
2024-11-15 15:40:38,671 INFO     ___FILE_ONLY___ ═
2024-11-15 15:40:38,672 INFO     ___FILE_ONLY___ ═
2024-11-15 15:40:38,672 INFO     ___FILE_ONLY___ ═
2024-11-15 15:40:38,672 INFO     ___FILE_ONLY___ ═
2024-11-15 15:40:38,673 INFO     ___FILE_ONLY___ ═
2024-11-15 15:40:38,673 INFO     ___FILE_ONLY___ ═
2024-11-15 15:40:38,673 INFO     ___FILE_ONLY___ ═
2024-11-15 15:40:38,674 INFO     ___FILE_ONLY___ ═
2024-11-15 15:40:38,674 INFO     ___FILE_ONLY___ ═
2024-11-15 15:40:38,674 INFO     ___FILE_ONLY___ ╝

2024-11-15 15:40:38,694 INFO     ___FILE_ONLY___ ╔════════════════════════════════════════════════════════════╗

2024-11-15 15:40:38,694 INFO     ___FILE_ONLY___ ╠═ Downloading: gcloud Alpha Commands                       ═╣

2024-11-15 15:40:38,694 INFO     ___FILE_ONLY___ ╚
2024-11-15 15:40:38,697 DEBUG    urllib3.connectionpool Starting new HTTPS connection (1): dl.google.com:443
2024-11-15 15:40:38,839 DEBUG    urllib3.connectionpool https://dl.google.com:443 "GET /dl/cloudsdk/channels/rapid/components/google-cloud-sdk-alpha-20241108162203.tar.gz HTTP/1.1" 200 800
2024-11-15 15:40:38,840 INFO     ___FILE_ONLY___ ════════════════════════════════════════════════════════════
2024-11-15 15:40:38,840 INFO     ___FILE_ONLY___ ╝

2024-11-15 15:40:38,851 INFO     ___FILE_ONLY___ ╔════════════════════════════════════════════════════════════╗

2024-11-15 15:40:38,851 INFO     ___FILE_ONLY___ ╠═ Downloading: gcloud Beta Commands                        ═╣

2024-11-15 15:40:38,851 INFO     ___FILE_ONLY___ ╚
2024-11-15 15:40:38,853 DEBUG    urllib3.connectionpool Starting new HTTPS connection (1): dl.google.com:443
2024-11-15 15:40:38,996 DEBUG    urllib3.connectionpool https://dl.google.com:443 "GET /dl/cloudsdk/channels/rapid/components/google-cloud-sdk-beta-20241108162203.tar.gz HTTP/1.1" 200 797
2024-11-15 15:40:38,998 INFO     ___FILE_ONLY___ ════════════════════════════════════════════════════════════
2024-11-15 15:40:38,999 INFO     ___FILE_ONLY___ ╝

2024-11-15 15:40:39,015 INFO     ___FILE_ONLY___ ╔════════════════════════════════════════════════════════════╗

2024-11-15 15:40:39,015 INFO     ___FILE_ONLY___ ╠═ Downloading: gcloud cli dependencies (Platform Specific) ═╣

2024-11-15 15:40:39,015 INFO     ___FILE_ONLY___ ╚
2024-11-15 15:40:39,018 DEBUG    urllib3.connectionpool Starting new HTTPS connection (1): dl.google.com:443
2024-11-15 15:40:39,211 DEBUG    urllib3.connectionpool https://dl.google.com:443 "GET /dl/cloudsdk/channels/rapid/components/google-cloud-sdk-gcloud-deps-darwin-x86_64-20210416153011.tar.gz HTTP/1.1" 200 105
2024-11-15 15:40:39,212 INFO     ___FILE_ONLY___ ════════════════════════════════════════════════════════════
2024-11-15 15:40:39,212 INFO     ___FILE_ONLY___ ╝

2024-11-15 15:40:39,232 INFO     ___FILE_ONLY___ ╔════════════════════════════════════════════════════════════╗

2024-11-15 15:40:39,233 INFO     ___FILE_ONLY___ ╠═ Downloading: gke-gcloud-auth-plugin                      ═╣

2024-11-15 15:40:39,233 INFO     ___FILE_ONLY___ ╚
2024-11-15 15:40:39,233 INFO     ___FILE_ONLY___ ════════════════════════════════════════════════════════════
2024-11-15 15:40:39,233 INFO     ___FILE_ONLY___ ╝

2024-11-15 15:40:39,244 INFO     ___FILE_ONLY___ ╔════════════════════════════════════════════════════════════╗

2024-11-15 15:40:39,245 INFO     ___FILE_ONLY___ ╠═ Downloading: gke-gcloud-auth-plugin (Platform Specific)  ═╣

2024-11-15 15:40:39,245 INFO     ___FILE_ONLY___ ╚
2024-11-15 15:40:39,247 DEBUG    urllib3.connectionpool Starting new HTTPS connection (1): dl.google.com:443
2024-11-15 15:40:39,474 DEBUG    urllib3.connectionpool https://dl.google.com:443 "GET /dl/cloudsdk/channels/rapid/components/google-cloud-sdk-gke-gcloud-auth-plugin-darwin-arm-20240628141907.tar.gz HTTP/1.1" 200 4148014
2024-11-15 15:40:40,886 INFO     ___FILE_ONLY___ ═
2024-11-15 15:40:40,888 INFO     ___FILE_ONLY___ ═
2024-11-15 15:40:40,888 INFO     ___FILE_ONLY___ ═
2024-11-15 15:40:40,888 INFO     ___FILE_ONLY___ ═
2024-11-15 15:40:40,888 INFO     ___FILE_ONLY___ ═
2024-11-15 15:40:40,888 INFO     ___FILE_ONLY___ ═
2024-11-15 15:40:40,889 INFO     ___FILE_ONLY___ ═
2024-11-15 15:40:40,889 INFO     ___FILE_ONLY___ ═
2024-11-15 15:40:40,889 INFO     ___FILE_ONLY___ ═
2024-11-15 15:40:40,889 INFO     ___FILE_ONLY___ ═
2024-11-15 15:40:40,890 INFO     ___FILE_ONLY___ ═
2024-11-15 15:40:40,890 INFO     ___FILE_ONLY___ ═
2024-11-15 15:40:40,890 INFO     ___FILE_ONLY___ ═
2024-11-15 15:40:40,891 INFO     ___FILE_ONLY___ ═
2024-11-15 15:40:40,891 INFO     ___FILE_ONLY___ ═
2024-11-15 15:40:40,891 INFO     ___FILE_ONLY___ ═
2024-11-15 15:40:40,891 INFO     ___FILE_ONLY___ ═
2024-11-15 15:40:40,892 INFO     ___FILE_ONLY___ ═
2024-11-15 15:40:40,892 INFO     ___FILE_ONLY___ ═
2024-11-15 15:40:40,892 INFO     ___FILE_ONLY___ ═
2024-11-15 15:40:40,892 INFO     ___FILE_ONLY___ ═
2024-11-15 15:40:40,892 INFO     ___FILE_ONLY___ ═
2024-11-15 15:40:40,893 INFO     ___FILE_ONLY___ ═
2024-11-15 15:40:40,893 INFO     ___FILE_ONLY___ ═
2024-11-15 15:40:40,893 INFO     ___FILE_ONLY___ ═
2024-11-15 15:40:40,893 INFO     ___FILE_ONLY___ ═
2024-11-15 15:40:40,894 INFO     ___FILE_ONLY___ ═
2024-11-15 15:40:40,894 INFO     ___FILE_ONLY___ ═
2024-11-15 15:40:40,894 INFO     ___FILE_ONLY___ ═
2024-11-15 15:40:40,894 INFO     ___FILE_ONLY___ ═
2024-11-15 15:40:40,894 INFO     ___FILE_ONLY___ ═
2024-11-15 15:40:40,894 INFO     ___FILE_ONLY___ ═
2024-11-15 15:40:40,895 INFO     ___FILE_ONLY___ ═
2024-11-15 15:40:40,895 INFO     ___FILE_ONLY___ ═
2024-11-15 15:40:40,895 INFO     ___FILE_ONLY___ ═
2024-11-15 15:40:40,895 INFO     ___FILE_ONLY___ ═
2024-11-15 15:40:40,896 INFO     ___FILE_ONLY___ ═
2024-11-15 15:40:40,896 INFO     ___FILE_ONLY___ ═
2024-11-15 15:40:40,896 INFO     ___FILE_ONLY___ ═
2024-11-15 15:40:40,896 INFO     ___FILE_ONLY___ ═
2024-11-15 15:40:40,897 INFO     ___FILE_ONLY___ ═
2024-11-15 15:40:40,897 INFO     ___FILE_ONLY___ ═
2024-11-15 15:40:40,897 INFO     ___FILE_ONLY___ ═
2024-11-15 15:40:40,897 INFO     ___FILE_ONLY___ ═
2024-11-15 15:40:40,897 INFO     ___FILE_ONLY___ ═
2024-11-15 15:40:40,898 INFO     ___FILE_ONLY___ ═
2024-11-15 15:40:40,898 INFO     ___FILE_ONLY___ ═
2024-11-15 15:40:40,898 INFO     ___FILE_ONLY___ ═
2024-11-15 15:40:40,898 INFO     ___FILE_ONLY___ ═
2024-11-15 15:40:40,898 INFO     ___FILE_ONLY___ ═
2024-11-15 15:40:40,898 INFO     ___FILE_ONLY___ ═
2024-11-15 15:40:40,898 INFO     ___FILE_ONLY___ ═
2024-11-15 15:40:40,899 INFO     ___FILE_ONLY___ ═
2024-11-15 15:40:40,899 INFO     ___FILE_ONLY___ ═
2024-11-15 15:40:40,899 INFO     ___FILE_ONLY___ ═
2024-11-15 15:40:40,899 INFO     ___FILE_ONLY___ ═
2024-11-15 15:40:40,899 INFO     ___FILE_ONLY___ ═
2024-11-15 15:40:40,899 INFO     ___FILE_ONLY___ ═
2024-11-15 15:40:40,900 INFO     ___FILE_ONLY___ ═
2024-11-15 15:40:40,900 INFO     ___FILE_ONLY___ ═
2024-11-15 15:40:40,900 INFO     ___FILE_ONLY___ ╝

2024-11-15 15:40:40,923 INFO     ___FILE_ONLY___ ╔════════════════════════════════════════════════════════════╗

2024-11-15 15:40:40,923 INFO     ___FILE_ONLY___ ╠═ Downloading: kubectl                                     ═╣

2024-11-15 15:40:40,923 INFO     ___FILE_ONLY___ ╚
2024-11-15 15:40:40,934 DEBUG    urllib3.connectionpool Starting new HTTPS connection (1): dl.google.com:443
2024-11-15 15:40:41,080 DEBUG    urllib3.connectionpool https://dl.google.com:443 "GET /dl/cloudsdk/channels/rapid/components/google-cloud-sdk-kubectl-20241004144944.tar.gz HTTP/1.1" 200 36206
2024-11-15 15:40:41,094 INFO     ___FILE_ONLY___ ═══════════════════════════
2024-11-15 15:40:41,094 INFO     ___FILE_ONLY___ ═══════════════════════════
2024-11-15 15:40:41,094 INFO     ___FILE_ONLY___ ══════
2024-11-15 15:40:41,095 INFO     ___FILE_ONLY___ ╝

2024-11-15 15:40:41,113 INFO     ___FILE_ONLY___ ╔════════════════════════════════════════════════════════════╗

2024-11-15 15:40:41,113 INFO     ___FILE_ONLY___ ╠═ Downloading: kubectl (Platform Specific)                 ═╣

2024-11-15 15:40:41,113 INFO     ___FILE_ONLY___ ╚
2024-11-15 15:40:41,115 DEBUG    urllib3.connectionpool Starting new HTTPS connection (1): dl.google.com:443
2024-11-15 15:40:41,325 DEBUG    urllib3.connectionpool https://dl.google.com:443 "GET /dl/cloudsdk/channels/rapid/components/google-cloud-sdk-kubectl-darwin-arm-20241108162203.tar.gz HTTP/1.1" 200 90277960
2024-11-15 15:41:10,517 INFO     ___FILE_ONLY___ ═
2024-11-15 15:41:10,519 INFO     ___FILE_ONLY___ ═
2024-11-15 15:41:10,520 INFO     ___FILE_ONLY___ ═
2024-11-15 15:41:10,521 INFO     ___FILE_ONLY___ ═
2024-11-15 15:41:10,522 INFO     ___FILE_ONLY___ ═
2024-11-15 15:41:10,523 INFO     ___FILE_ONLY___ ═
2024-11-15 15:41:10,524 INFO     ___FILE_ONLY___ ═
2024-11-15 15:41:10,525 INFO     ___FILE_ONLY___ ═
2024-11-15 15:41:10,526 INFO     ___FILE_ONLY___ ═
2024-11-15 15:41:10,527 INFO     ___FILE_ONLY___ ═
2024-11-15 15:41:10,528 INFO     ___FILE_ONLY___ ═
2024-11-15 15:41:10,529 INFO     ___FILE_ONLY___ ═
2024-11-15 15:41:10,530 INFO     ___FILE_ONLY___ ═
2024-11-15 15:41:10,531 INFO     ___FILE_ONLY___ ═
2024-11-15 15:41:10,532 INFO     ___FILE_ONLY___ ═
2024-11-15 15:41:10,534 INFO     ___FILE_ONLY___ ═
2024-11-15 15:41:10,541 INFO     ___FILE_ONLY___ ═
2024-11-15 15:41:10,542 INFO     ___FILE_ONLY___ ═
2024-11-15 15:41:10,543 INFO     ___FILE_ONLY___ ═
2024-11-15 15:41:10,543 INFO     ___FILE_ONLY___ ═
2024-11-15 15:41:10,544 INFO     ___FILE_ONLY___ ═
2024-11-15 15:41:10,545 INFO     ___FILE_ONLY___ ═
2024-11-15 15:41:10,551 INFO     ___FILE_ONLY___ ═
2024-11-15 15:41:10,554 INFO     ___FILE_ONLY___ ═
2024-11-15 15:41:10,555 INFO     ___FILE_ONLY___ ═
2024-11-15 15:41:10,556 INFO     ___FILE_ONLY___ ═
2024-11-15 15:41:10,557 INFO     ___FILE_ONLY___ ═
2024-11-15 15:41:10,564 INFO     ___FILE_ONLY___ ═
2024-11-15 15:41:10,565 INFO     ___FILE_ONLY___ ═
2024-11-15 15:41:10,566 INFO     ___FILE_ONLY___ ═
2024-11-15 15:41:10,568 INFO     ___FILE_ONLY___ ═
2024-11-15 15:41:10,569 INFO     ___FILE_ONLY___ ═
2024-11-15 15:41:10,570 INFO     ___FILE_ONLY___ ═
2024-11-15 15:41:10,578 INFO     ___FILE_ONLY___ ═
2024-11-15 15:41:10,579 INFO     ___FILE_ONLY___ ═
2024-11-15 15:41:10,580 INFO     ___FILE_ONLY___ ═
2024-11-15 15:41:10,581 INFO     ___FILE_ONLY___ ═
2024-11-15 15:41:10,583 INFO     ___FILE_ONLY___ ═
2024-11-15 15:41:10,584 INFO     ___FILE_ONLY___ ═
2024-11-15 15:41:10,592 INFO     ___FILE_ONLY___ ═
2024-11-15 15:41:10,593 INFO     ___FILE_ONLY___ ═
2024-11-15 15:41:10,594 INFO     ___FILE_ONLY___ ═
2024-11-15 15:41:10,595 INFO     ___FILE_ONLY___ ═
2024-11-15 15:41:10,595 INFO     ___FILE_ONLY___ ═
2024-11-15 15:41:10,603 INFO     ___FILE_ONLY___ ═
2024-11-15 15:41:10,604 INFO     ___FILE_ONLY___ ═
2024-11-15 15:41:10,605 INFO     ___FILE_ONLY___ ═
2024-11-15 15:41:10,606 INFO     ___FILE_ONLY___ ═
2024-11-15 15:41:10,607 INFO     ___FILE_ONLY___ ═
2024-11-15 15:41:10,608 INFO     ___FILE_ONLY___ ═
2024-11-15 15:41:10,614 INFO     ___FILE_ONLY___ ═
2024-11-15 15:41:10,616 INFO     ___FILE_ONLY___ ═
2024-11-15 15:41:10,617 INFO     ___FILE_ONLY___ ═
2024-11-15 15:41:10,618 INFO     ___FILE_ONLY___ ═
2024-11-15 15:41:10,619 INFO     ___FILE_ONLY___ ═
2024-11-15 15:41:10,624 INFO     ___FILE_ONLY___ ═
2024-11-15 15:41:10,625 INFO     ___FILE_ONLY___ ═
2024-11-15 15:41:10,626 INFO     ___FILE_ONLY___ ═
2024-11-15 15:41:10,627 INFO     ___FILE_ONLY___ ═
2024-11-15 15:41:10,628 INFO     ___FILE_ONLY___ ═
2024-11-15 15:41:10,628 INFO     ___FILE_ONLY___ ╝

2024-11-15 15:41:10,660 INFO     ___FILE_ONLY___ ╔════════════════════════════════════════════════════════════╗

2024-11-15 15:41:10,660 INFO     ___FILE_ONLY___ ╠═ Installing: Google Cloud CLI Core Libraries (Platform... ═╣

2024-11-15 15:41:10,660 INFO     ___FILE_ONLY___ ╚
2024-11-15 15:41:10,664 INFO     ___FILE_ONLY___ ══════════════════════════════
2024-11-15 15:41:10,664 INFO     ___FILE_ONLY___ ══════════════════════════════
2024-11-15 15:41:10,664 INFO     ___FILE_ONLY___ ╝

2024-11-15 15:41:10,679 INFO     ___FILE_ONLY___ ╔════════════════════════════════════════════════════════════╗

2024-11-15 15:41:10,679 INFO     ___FILE_ONLY___ ╠═ Installing: Minikube                                     ═╣

2024-11-15 15:41:10,679 INFO     ___FILE_ONLY___ ╚
2024-11-15 15:41:10,681 INFO     ___FILE_ONLY___ ════════════════════════════════════════════════════════════
2024-11-15 15:41:10,681 INFO     ___FILE_ONLY___ ╝

2024-11-15 15:41:10,691 INFO     ___FILE_ONLY___ ╔════════════════════════════════════════════════════════════╗

2024-11-15 15:41:10,691 INFO     ___FILE_ONLY___ ╠═ Installing: Minikube (Platform Specific)                 ═╣

2024-11-15 15:41:10,691 INFO     ___FILE_ONLY___ ╚
2024-11-15 15:41:11,035 INFO     ___FILE_ONLY___ ════════════════════════════════════════════════════════════
2024-11-15 15:41:11,039 INFO     ___FILE_ONLY___ ╝

2024-11-15 15:41:11,052 INFO     ___FILE_ONLY___ ╔════════════════════════════════════════════════════════════╗

2024-11-15 15:41:11,052 INFO     ___FILE_ONLY___ ╠═ Installing: Skaffold                                     ═╣

2024-11-15 15:41:11,052 INFO     ___FILE_ONLY___ ╚
2024-11-15 15:41:11,054 INFO     ___FILE_ONLY___ ════════════════════════════════════════════════════════════
2024-11-15 15:41:11,054 INFO     ___FILE_ONLY___ ╝

2024-11-15 15:41:11,062 INFO     ___FILE_ONLY___ ╔════════════════════════════════════════════════════════════╗

2024-11-15 15:41:11,062 INFO     ___FILE_ONLY___ ╠═ Installing: Skaffold (Platform Specific)                 ═╣

2024-11-15 15:41:11,062 INFO     ___FILE_ONLY___ ╚
2024-11-15 15:41:11,356 INFO     ___FILE_ONLY___ ════════════════════════════════════════════════════════════
2024-11-15 15:41:11,356 INFO     ___FILE_ONLY___ ╝

2024-11-15 15:41:11,375 INFO     ___FILE_ONLY___ ╔════════════════════════════════════════════════════════════╗

2024-11-15 15:41:11,376 INFO     ___FILE_ONLY___ ╠═ Installing: gcloud Alpha Commands                        ═╣

2024-11-15 15:41:11,376 INFO     ___FILE_ONLY___ ╚
2024-11-15 15:41:11,377 INFO     ___FILE_ONLY___ ════════════════════════════════════════════════════════════
2024-11-15 15:41:11,377 INFO     ___FILE_ONLY___ ╝

2024-11-15 15:41:11,388 INFO     ___FILE_ONLY___ ╔════════════════════════════════════════════════════════════╗

2024-11-15 15:41:11,388 INFO     ___FILE_ONLY___ ╠═ Installing: gcloud Beta Commands                         ═╣

2024-11-15 15:41:11,388 INFO     ___FILE_ONLY___ ╚
2024-11-15 15:41:11,390 INFO     ___FILE_ONLY___ ════════════════════════════════════════════════════════════
2024-11-15 15:41:11,390 INFO     ___FILE_ONLY___ ╝

2024-11-15 15:41:11,400 INFO     ___FILE_ONLY___ ╔════════════════════════════════════════════════════════════╗

2024-11-15 15:41:11,401 INFO     ___FILE_ONLY___ ╠═ Installing: gcloud cli dependencies (Platform Specific)  ═╣

2024-11-15 15:41:11,401 INFO     ___FILE_ONLY___ ╚
2024-11-15 15:41:11,401 INFO     ___FILE_ONLY___ ════════════════════════════════════════════════════════════
2024-11-15 15:41:11,401 INFO     ___FILE_ONLY___ ╝

2024-11-15 15:41:11,412 INFO     ___FILE_ONLY___ ╔════════════════════════════════════════════════════════════╗

2024-11-15 15:41:11,412 INFO     ___FILE_ONLY___ ╠═ Installing: gke-gcloud-auth-plugin                       ═╣

2024-11-15 15:41:11,412 INFO     ___FILE_ONLY___ ╚
2024-11-15 15:41:11,414 INFO     ___FILE_ONLY___ ════════════════════════════════════════════════════════════
2024-11-15 15:41:11,414 INFO     ___FILE_ONLY___ ╝

2024-11-15 15:41:11,423 INFO     ___FILE_ONLY___ ╔════════════════════════════════════════════════════════════╗

2024-11-15 15:41:11,423 INFO     ___FILE_ONLY___ ╠═ Installing: gke-gcloud-auth-plugin (Platform Specific)   ═╣

2024-11-15 15:41:11,423 INFO     ___FILE_ONLY___ ╚
2024-11-15 15:41:11,479 INFO     ___FILE_ONLY___ ════════════════════════════════════════════════════════════
2024-11-15 15:41:11,479 INFO     ___FILE_ONLY___ ╝

2024-11-15 15:41:11,494 INFO     ___FILE_ONLY___ ╔════════════════════════════════════════════════════════════╗

2024-11-15 15:41:11,494 INFO     ___FILE_ONLY___ ╠═ Installing: kubectl                                      ═╣

2024-11-15 15:41:11,494 INFO     ___FILE_ONLY___ ╚
2024-11-15 15:41:11,496 INFO     ___FILE_ONLY___ ════════════════════════════════════════════════════════════
2024-11-15 15:41:11,496 INFO     ___FILE_ONLY___ ╝

2024-11-15 15:41:11,508 INFO     ___FILE_ONLY___ ╔════════════════════════════════════════════════════════════╗

2024-11-15 15:41:11,508 INFO     ___FILE_ONLY___ ╠═ Installing: kubectl (Platform Specific)                  ═╣

2024-11-15 15:41:11,508 INFO     ___FILE_ONLY___ ╚
2024-11-15 15:41:12,050 INFO     ___FILE_ONLY___ ══════════
2024-11-15 15:41:12,162 INFO     ___FILE_ONLY___ ══════════
2024-11-15 15:41:12,274 INFO     ___FILE_ONLY___ ══════════
2024-11-15 15:41:12,385 INFO     ___FILE_ONLY___ ══════════
2024-11-15 15:41:12,503 INFO     ___FILE_ONLY___ ══════════
2024-11-15 15:41:12,629 INFO     ___FILE_ONLY___ ══════════
2024-11-15 15:41:12,629 INFO     ___FILE_ONLY___ ╝

2024-11-15 15:41:12,642 DEBUG    root            Updating notification cache...
2024-11-15 15:41:12,642 INFO     ___FILE_ONLY___ 

2024-11-15 15:41:12,654 INFO     ___FILE_ONLY___ Performing post processing steps...
2024-11-15 15:41:12,654 DEBUG    root            Executing command: ['/Users/demetris.mina/Library/Application Support/cloud-code/installer/google-cloud-sdk/bin/gcloud', 'components', 'post-process', '--no-compile-python']
2024-11-15 15:41:13,390 DEBUG    ___FILE_ONLY___ 
2024-11-15 15:41:13,390 DEBUG    ___FILE_ONLY___ 
2024-11-15 15:41:13,423 INFO     ___FILE_ONLY___ 
Update done!


2024-11-15 15:41:13,432 DEBUG    root            Chosen display Format:none
2024-11-15 15:41:13,432 INFO     root            Display format: "none"
2024-11-15 15:41:13,435 DEBUG    root            Executing command: ['curl', '--silent', '-O', 'https://dl.google.com/dl/cloudsdk/channels/rapid/python-3.11.6-macos11.tar.gz']
2024-11-15 15:41:27,897 DEBUG    root            Executing command: ['tar', '-xf', 'python-3.11.6-macos11.tar.gz']
2024-11-15 15:41:27,984 DEBUG    root            Executing command: ['sudo', 'installer', '-target', '/', '-pkg', './python-3.11.6-macos11.pkg']
