2024-12-09 14:54:14,686 DEBUG    root            Loaded Command Group: ['gcloud', 'auth']
2024-12-09 14:54:14,702 DEBUG    root            Loaded Command Group: ['gcloud', 'auth', 'login']
2024-12-09 14:54:14,703 DEBUG    root            Running [gcloud.auth.login] with arguments: []
2024-12-09 14:54:14,843 DEBUG    requests_oauthlib.oauth2_session Generated new state zB4HgFFfzyWw2f2ii9dgWnpVcKXWrQ.
2024-12-09 14:54:15,074 INFO     ___FILE_ONLY___ Your browser has been opened to visit:

    https://accounts.google.com/o/oauth2/auth?response_type=code&client_id=32555940559.apps.googleusercontent.com&redirect_uri=http%3A%2F%2Flocalhost%3A8085%2F&scope=openid+https%3A%2F%2Fwww.googleapis.com%2Fauth%2Fuserinfo.email+https%3A%2F%2Fwww.googleapis.com%2Fauth%2Fcloud-platform+https%3A%2F%2Fwww.googleapis.com%2Fauth%2Fappengine.admin+https%3A%2F%2Fwww.googleapis.com%2Fauth%2Fsqlservice.login+https%3A%2F%2Fwww.googleapis.com%2Fauth%2Fcompute+https%3A%2F%2Fwww.googleapis.com%2Fauth%2Faccounts.reauth&state=zB4HgFFfzyWw2f2ii9dgWnpVcKXWrQ&access_type=offline&code_challenge=1FD96AY1dLGFYhP-uR-5P4AFGjwUmdfyw7AYood5fOM&code_challenge_method=S256


2024-12-09 14:54:26,612 INFO     google_auth_oauthlib.flow "GET /?state=zB4HgFFfzyWw2f2ii9dgWnpVcKXWrQ&code=4/0AeanS0bPcKJ2Qw9TMESs3wfnlAWJ-hhblMO8v231gGbrqEo3riemk4FOCNHg_HUItGPwGQ&scope=email%20openid%20https://www.googleapis.com/auth/userinfo.email%20https://www.googleapis.com/auth/cloud-platform%20https://www.googleapis.com/auth/appengine.admin%20https://www.googleapis.com/auth/sqlservice.login%20https://www.googleapis.com/auth/compute%20https://www.googleapis.com/auth/accounts.reauth&authuser=1&hd=richemont.com&prompt=consent HTTP/1.1" 200 959
2024-12-09 14:54:26,614 DEBUG    requests_oauthlib.oauth2_session Requesting url https://oauth2.googleapis.com/token using method POST.
2024-12-09 14:54:26,614 DEBUG    requests_oauthlib.oauth2_session Supplying headers {b'Accept': b'application/json', b'Content-Type': b'application/x-www-form-urlencoded;charset=UTF-8', b'user-agent': b'google-cloud-sdk gcloud/502.0.0 command/gcloud.auth.login invocation-id/184497968f4f46aea216ce03f6551ce7 environment/None environment-version/None client-os/MACOSX client-os-ver/24.1.0 client-pltf-arch/arm interactive/True from-script/False python/3.11.11 term/xterm-256color (Macintosh; Intel Mac OS X 24.1.0)'} and data {'grant_type': 'authorization_code', 'client_id': '32555940559.apps.googleusercontent.com', 'client_secret': 'ZmssLNjJy2998hD4CTg2ejr2', 'code': '4/0AeanS0bPcKJ2Qw9TMESs3wfnlAWJ-hhblMO8v231gGbrqEo3riemk4FOCNHg_HUItGPwGQ', 'redirect_uri': 'http://localhost:8085/', 'code_verifier': 'zhQMGljQZx08E0L3cuW-vkC7CApZ41a.zLQ-MWiKObK0oJEpomyQqW0K4zi5cf~A4FfaHnMiLJJB0.yySLLsjs4dnA0w7ZnWL7VA9gHV1HVn6SVIjlfz0S09ednfsIfR'}
2024-12-09 14:54:26,614 DEBUG    requests_oauthlib.oauth2_session Passing through key word arguments {'json': None, 'timeout': None, 'auth': None, 'verify': None, 'proxies': None}.
2024-12-09 14:54:26,624 DEBUG    urllib3.connectionpool Starting new HTTPS connection (1): oauth2.googleapis.com:443
2024-12-09 14:54:26,991 DEBUG    urllib3.connectionpool https://oauth2.googleapis.com:443 "POST /token HTTP/1.1" 200 None
2024-12-09 14:54:26,993 DEBUG    requests_oauthlib.oauth2_session Prepared fetch token request body grant_type=authorization_code&client_id=32555940559.apps.googleusercontent.com&client_secret=ZmssLNjJy2998hD4CTg2ejr2&code=4%2F0AeanS0bPcKJ2Qw9TMESs3wfnlAWJ-hhblMO8v231gGbrqEo3riemk4FOCNHg_HUItGPwGQ&redirect_uri=http%3A%2F%2Flocalhost%3A8085%2F&code_verifier=zhQMGljQZx08E0L3cuW-vkC7CApZ41a.zLQ-MWiKObK0oJEpomyQqW0K4zi5cf~A4FfaHnMiLJJB0.yySLLsjs4dnA0w7ZnWL7VA9gHV1HVn6SVIjlfz0S09ednfsIfR
2024-12-09 14:54:26,994 DEBUG    requests_oauthlib.oauth2_session Request to fetch token completed with status 200.
2024-12-09 14:54:26,994 DEBUG    requests_oauthlib.oauth2_session Request headers were {'user-agent': b'google-cloud-sdk gcloud/502.0.0 command/gcloud.auth.login invocation-id/184497968f4f46aea216ce03f6551ce7 environment/None environment-version/None client-os/MACOSX client-os-ver/24.1.0 client-pltf-arch/arm interactive/True from-script/False python/3.11.11 term/xterm-256color (Macintosh; Intel Mac OS X 24.1.0)', 'Accept-Encoding': 'gzip, deflate', 'Accept': b'application/json', 'Connection': 'keep-alive', 'Content-Type': b'application/x-www-form-urlencoded;charset=UTF-8', 'Content-Length': '387'}
2024-12-09 14:54:26,994 DEBUG    requests_oauthlib.oauth2_session Request body was grant_type=authorization_code&client_id=32555940559.apps.googleusercontent.com&client_secret=ZmssLNjJy2998hD4CTg2ejr2&code=4%2F0AeanS0bPcKJ2Qw9TMESs3wfnlAWJ-hhblMO8v231gGbrqEo3riemk4FOCNHg_HUItGPwGQ&redirect_uri=http%3A%2F%2Flocalhost%3A8085%2F&code_verifier=zhQMGljQZx08E0L3cuW-vkC7CApZ41a.zLQ-MWiKObK0oJEpomyQqW0K4zi5cf~A4FfaHnMiLJJB0.yySLLsjs4dnA0w7ZnWL7VA9gHV1HVn6SVIjlfz0S09ednfsIfR
2024-12-09 14:54:26,994 DEBUG    requests_oauthlib.oauth2_session Response headers were {'Date': 'Mon, 09 Dec 2024 13:54:27 GMT', 'Expires': 'Mon, 01 Jan 1990 00:00:00 GMT', 'Pragma': 'no-cache', 'Cache-Control': 'no-cache, no-store, max-age=0, must-revalidate', 'Content-Type': 'application/json; charset=utf-8', 'Vary': 'Origin, X-Origin, Referer', 'Content-Encoding': 'gzip', 'Server': 'scaffolding on HTTPServer2', 'X-XSS-Protection': '0', 'X-Frame-Options': 'SAMEORIGIN', 'X-Content-Type-Options': 'nosniff', 'Alt-Svc': 'h3=":443"; ma=2592000,h3-29=":443"; ma=2592000', 'Transfer-Encoding': 'chunked'} and content {
  "access_token": "ya29.a0AeDClZBGcMRJksicMpiZcq6429pdpaRzYLG6tnf6qfA5jMA9g1272cwkI8W3OiBTNFD01XEgTBhj03SMTAk42ZFvREoPWGt4GFCE3KPqB0Wq919gn0NirtkoM4ww4HDbwHGZ7Cxg4fSefXt9OH8_9fc8oUffb1RcgmHHvWlZcye-3AaCgYKAVwSARESFQHGX2MikrbUT8RkM4E84R7XpB5kAw0181",
  "expires_in": 3599,
  "refresh_token": "1//09Dnv37eSN6gjCgYIARAAGAkSNwF-L9Irhi5XJSWcVXifdAZwFx-YG8J4Wq0q8fPDFShZ8HAAl9-SbAkFGokm4E21fbn8Wl2YO24",
  "scope": "https://www.googleapis.com/auth/accounts.reauth https://www.googleapis.com/auth/appengine.admin https://www.googleapis.com/auth/compute https://www.googleapis.com/auth/cloud-platform https://www.googleapis.com/auth/sqlservice.login openid https://www.googleapis.com/auth/userinfo.email",
  "token_type": "Bearer",
  "id_token": "eyJhbGciOiJSUzI1NiIsImtpZCI6IjJjOGEyMGFmN2ZjOThmOTdmNDRiMTQyYjRkNWQwODg0ZWIwOTM3YzQiLCJ0eXAiOiJKV1QifQ.eyJpc3MiOiJodHRwczovL2FjY291bnRzLmdvb2dsZS5jb20iLCJhenAiOiIzMjU1NTk0MDU1OS5hcHBzLmdvb2dsZXVzZXJjb250ZW50LmNvbSIsImF1ZCI6IjMyNTU1OTQwNTU5LmFwcHMuZ29vZ2xldXNlcmNvbnRlbnQuY29tIiwic3ViIjoiMTAwMzMyMDU0Mzg3MDAxMDA0MDYxIiwiaGQiOiJyaWNoZW1vbnQuY29tIiwiZW1haWwiOiJkZW1ldHJpcy5taW5hQHJpY2hlbW9udC5jb20iLCJlbWFpbF92ZXJpZmllZCI6dHJ1ZSwiYXRfaGFzaCI6Ilh5M3Y5eFJNYkJkNWVBd08zam5sVEEiLCJpYXQiOjE3MzM3NTI0NjcsImV4cCI6MTczMzc1NjA2N30.c_7hv9TUQl4SFJqrVonFOyarwiWBlOs9grMIBx89aHolaATk3MPtR8CMxYi49ka7Y9KEeXYmaNxxnGftBDthePxZFvdynJLkoMkvtFLJ8g_bpF1GUXB5bqBCq6AG4aXEhDL0JMldg3MwZx7cnf5fVTx4Qias8kZ-t8uHCcmmldQiGvJdWcluZ_2p_rZCCh_qynRHAcIrKj0v1kHOLvc4tAckRH8j21WQQppEWK_Ce-0Rb-hAOoSAVwh9592Bt1FunzL-2cx8_WzZw3I72U0zZy52ZgiAEjakK45M-jy9CyglE6PbF98tKzHVAQxsJnbBIEAgm3RSvYfWokjeZIJddA"
}.
2024-12-09 14:54:26,994 DEBUG    requests_oauthlib.oauth2_session Invoking 0 token response hooks.
2024-12-09 14:54:26,995 DEBUG    requests_oauthlib.oauth2_session Obtained token {'access_token': 'ya29.a0AeDClZBGcMRJksicMpiZcq6429pdpaRzYLG6tnf6qfA5jMA9g1272cwkI8W3OiBTNFD01XEgTBhj03SMTAk42ZFvREoPWGt4GFCE3KPqB0Wq919gn0NirtkoM4ww4HDbwHGZ7Cxg4fSefXt9OH8_9fc8oUffb1RcgmHHvWlZcye-3AaCgYKAVwSARESFQHGX2MikrbUT8RkM4E84R7XpB5kAw0181', 'expires_in': 3599, 'refresh_token': '1//09Dnv37eSN6gjCgYIARAAGAkSNwF-L9Irhi5XJSWcVXifdAZwFx-YG8J4Wq0q8fPDFShZ8HAAl9-SbAkFGokm4E21fbn8Wl2YO24', 'scope': ['https://www.googleapis.com/auth/accounts.reauth', 'https://www.googleapis.com/auth/appengine.admin', 'https://www.googleapis.com/auth/compute', 'https://www.googleapis.com/auth/cloud-platform', 'https://www.googleapis.com/auth/sqlservice.login', 'openid', 'https://www.googleapis.com/auth/userinfo.email'], 'token_type': 'Bearer', 'id_token': 'eyJhbGciOiJSUzI1NiIsImtpZCI6IjJjOGEyMGFmN2ZjOThmOTdmNDRiMTQyYjRkNWQwODg0ZWIwOTM3YzQiLCJ0eXAiOiJKV1QifQ.eyJpc3MiOiJodHRwczovL2FjY291bnRzLmdvb2dsZS5jb20iLCJhenAiOiIzMjU1NTk0MDU1OS5hcHBzLmdvb2dsZXVzZXJjb250ZW50LmNvbSIsImF1ZCI6IjMyNTU1OTQwNTU5LmFwcHMuZ29vZ2xldXNlcmNvbnRlbnQuY29tIiwic3ViIjoiMTAwMzMyMDU0Mzg3MDAxMDA0MDYxIiwiaGQiOiJyaWNoZW1vbnQuY29tIiwiZW1haWwiOiJkZW1ldHJpcy5taW5hQHJpY2hlbW9udC5jb20iLCJlbWFpbF92ZXJpZmllZCI6dHJ1ZSwiYXRfaGFzaCI6Ilh5M3Y5eFJNYkJkNWVBd08zam5sVEEiLCJpYXQiOjE3MzM3NTI0NjcsImV4cCI6MTczMzc1NjA2N30.c_7hv9TUQl4SFJqrVonFOyarwiWBlOs9grMIBx89aHolaATk3MPtR8CMxYi49ka7Y9KEeXYmaNxxnGftBDthePxZFvdynJLkoMkvtFLJ8g_bpF1GUXB5bqBCq6AG4aXEhDL0JMldg3MwZx7cnf5fVTx4Qias8kZ-t8uHCcmmldQiGvJdWcluZ_2p_rZCCh_qynRHAcIrKj0v1kHOLvc4tAckRH8j21WQQppEWK_Ce-0Rb-hAOoSAVwh9592Bt1FunzL-2cx8_WzZw3I72U0zZy52ZgiAEjakK45M-jy9CyglE6PbF98tKzHVAQxsJnbBIEAgm3RSvYfWokjeZIJddA', 'expires_at': 1733756065.995031}.
2024-12-09 14:54:27,023 INFO     ___FILE_ONLY___ 
You are now logged in as [demetris.mina@richemont.com].
Your current project is [None].  You can change this setting by running:
  $ gcloud config set project PROJECT_ID

2024-12-09 14:54:27,023 DEBUG    root            Chosen display Format:none
2024-12-09 14:54:27,024 INFO     root            Display format: "none"
2024-12-09 14:54:27,050 DEBUG    root            Checking for updates...
2024-12-09 14:54:27,056 DEBUG    urllib3.connectionpool Starting new HTTPS connection (1): dl.google.com:443
2024-12-09 14:54:27,274 DEBUG    urllib3.connectionpool https://dl.google.com:443 "GET /dl/cloudsdk/channels/rapid/components-2.json HTTP/1.1" 200 227816
