2024-12-03 09:54:08,733 DEBUG    root            Loaded Command Group: ['gcloud', 'auth']
2024-12-03 09:54:08,749 DEBUG    root            Loaded Command Group: ['gcloud', 'auth', 'login']
2024-12-03 09:54:08,750 DEBUG    root            Running [gcloud.auth.login] with arguments: []
2024-12-03 09:54:08,874 DEBUG    requests_oauthlib.oauth2_session Generated new state 1IhHEMZHw40PMdoQtGmCXys2wacGN1.
2024-12-03 09:54:09,100 INFO     ___FILE_ONLY___ Your browser has been opened to visit:

    https://accounts.google.com/o/oauth2/auth?response_type=code&client_id=32555940559.apps.googleusercontent.com&redirect_uri=http%3A%2F%2Flocalhost%3A8085%2F&scope=openid+https%3A%2F%2Fwww.googleapis.com%2Fauth%2Fuserinfo.email+https%3A%2F%2Fwww.googleapis.com%2Fauth%2Fcloud-platform+https%3A%2F%2Fwww.googleapis.com%2Fauth%2Fappengine.admin+https%3A%2F%2Fwww.googleapis.com%2Fauth%2Fsqlservice.login+https%3A%2F%2Fwww.googleapis.com%2Fauth%2Fcompute+https%3A%2F%2Fwww.googleapis.com%2Fauth%2Faccounts.reauth&state=1IhHEMZHw40PMdoQtGmCXys2wacGN1&access_type=offline&code_challenge=edgVOUdRvMLYvLzoTVbVoQz122Yj5ZuXriA2Niob964&code_challenge_method=S256


2024-12-03 09:54:44,636 INFO     google_auth_oauthlib.flow "GET /?state=1IhHEMZHw40PMdoQtGmCXys2wacGN1&code=4/0AeanS0ai5Lq0_t6FFf9stwyNNC2UgbNj3nzlvTnQvzn2wtjHW1daNpG3W0FgJTvDJvhnAA&scope=email%20openid%20https://www.googleapis.com/auth/userinfo.email%20https://www.googleapis.com/auth/cloud-platform%20https://www.googleapis.com/auth/appengine.admin%20https://www.googleapis.com/auth/sqlservice.login%20https://www.googleapis.com/auth/compute%20https://www.googleapis.com/auth/accounts.reauth&authuser=1&hd=richemont.com&prompt=consent HTTP/1.1" 200 959
2024-12-03 09:54:44,637 DEBUG    requests_oauthlib.oauth2_session Requesting url https://oauth2.googleapis.com/token using method POST.
2024-12-03 09:54:44,637 DEBUG    requests_oauthlib.oauth2_session Supplying headers {b'Accept': b'application/json', b'Content-Type': b'application/x-www-form-urlencoded;charset=UTF-8', b'user-agent': b'google-cloud-sdk gcloud/502.0.0 command/gcloud.auth.login invocation-id/24c3039ec2194ab3b8464c4ed6de856e environment/None environment-version/None client-os/MACOSX client-os-ver/24.1.0 client-pltf-arch/arm interactive/True from-script/False python/3.11.10 term/xterm-256color (Macintosh; Intel Mac OS X 24.1.0)'} and data {'grant_type': 'authorization_code', 'client_id': '32555940559.apps.googleusercontent.com', 'client_secret': 'ZmssLNjJy2998hD4CTg2ejr2', 'code': '4/0AeanS0ai5Lq0_t6FFf9stwyNNC2UgbNj3nzlvTnQvzn2wtjHW1daNpG3W0FgJTvDJvhnAA', 'redirect_uri': 'http://localhost:8085/', 'code_verifier': '-HG.MHP1jL9OldYVF.JvXa~mrDsQdwGYNsiOM36~yVBRsm91_qotYFp2GQxVXEqOBjtPph0rc4dmUnG-Z-P2zHEmHT.GOqqz~TfSbCVRA0kQ038vpQQHshqsL~-xFWYB'}
2024-12-03 09:54:44,638 DEBUG    requests_oauthlib.oauth2_session Passing through key word arguments {'json': None, 'timeout': None, 'auth': None, 'verify': None, 'proxies': None}.
2024-12-03 09:54:44,653 DEBUG    urllib3.connectionpool Starting new HTTPS connection (1): oauth2.googleapis.com:443
2024-12-03 09:54:44,896 DEBUG    urllib3.connectionpool https://oauth2.googleapis.com:443 "POST /token HTTP/1.1" 200 None
2024-12-03 09:54:44,898 DEBUG    requests_oauthlib.oauth2_session Prepared fetch token request body grant_type=authorization_code&client_id=32555940559.apps.googleusercontent.com&client_secret=ZmssLNjJy2998hD4CTg2ejr2&code=4%2F0AeanS0ai5Lq0_t6FFf9stwyNNC2UgbNj3nzlvTnQvzn2wtjHW1daNpG3W0FgJTvDJvhnAA&redirect_uri=http%3A%2F%2Flocalhost%3A8085%2F&code_verifier=-HG.MHP1jL9OldYVF.JvXa~mrDsQdwGYNsiOM36~yVBRsm91_qotYFp2GQxVXEqOBjtPph0rc4dmUnG-Z-P2zHEmHT.GOqqz~TfSbCVRA0kQ038vpQQHshqsL~-xFWYB
2024-12-03 09:54:44,898 DEBUG    requests_oauthlib.oauth2_session Request to fetch token completed with status 200.
2024-12-03 09:54:44,898 DEBUG    requests_oauthlib.oauth2_session Request headers were {'user-agent': b'google-cloud-sdk gcloud/502.0.0 command/gcloud.auth.login invocation-id/24c3039ec2194ab3b8464c4ed6de856e environment/None environment-version/None client-os/MACOSX client-os-ver/24.1.0 client-pltf-arch/arm interactive/True from-script/False python/3.11.10 term/xterm-256color (Macintosh; Intel Mac OS X 24.1.0)', 'Accept-Encoding': 'gzip, deflate', 'Accept': b'application/json', 'Connection': 'keep-alive', 'Content-Type': b'application/x-www-form-urlencoded;charset=UTF-8', 'Content-Length': '387'}
2024-12-03 09:54:44,898 DEBUG    requests_oauthlib.oauth2_session Request body was grant_type=authorization_code&client_id=32555940559.apps.googleusercontent.com&client_secret=ZmssLNjJy2998hD4CTg2ejr2&code=4%2F0AeanS0ai5Lq0_t6FFf9stwyNNC2UgbNj3nzlvTnQvzn2wtjHW1daNpG3W0FgJTvDJvhnAA&redirect_uri=http%3A%2F%2Flocalhost%3A8085%2F&code_verifier=-HG.MHP1jL9OldYVF.JvXa~mrDsQdwGYNsiOM36~yVBRsm91_qotYFp2GQxVXEqOBjtPph0rc4dmUnG-Z-P2zHEmHT.GOqqz~TfSbCVRA0kQ038vpQQHshqsL~-xFWYB
2024-12-03 09:54:44,898 DEBUG    requests_oauthlib.oauth2_session Response headers were {'Date': 'Tue, 03 Dec 2024 08:54:44 GMT', 'Cache-Control': 'no-cache, no-store, max-age=0, must-revalidate', 'Expires': 'Mon, 01 Jan 1990 00:00:00 GMT', 'Pragma': 'no-cache', 'Content-Type': 'application/json; charset=utf-8', 'Vary': 'Origin, X-Origin, Referer', 'Content-Encoding': 'gzip', 'Server': 'scaffolding on HTTPServer2', 'X-XSS-Protection': '0', 'X-Frame-Options': 'SAMEORIGIN', 'X-Content-Type-Options': 'nosniff', 'Alt-Svc': 'h3=":443"; ma=2592000,h3-29=":443"; ma=2592000', 'Transfer-Encoding': 'chunked'} and content {
  "access_token": "ya29.a0AeDClZAFKtvSces4fFmSWAo6yksFmW44sLsy_sxIfMJmQynZIX33TznfnL_jOuEMu8LSJ7cUNnCoJd3gOff4EyPCLtTfpJaDn8tJeYMnoe4RVmnmlRMBBKbt5yRrY-TlAw7LDxWft_jdVdQrAyVqjvD15q2kzErZTQHNhFe71V3UOQaCgYKAQMSARESFQHGX2MiT8TOPbG_Eslf0jU32UEZ9A0181",
  "expires_in": 3599,
  "refresh_token": "1//096HjLN9EUxnRCgYIARAAGAkSNwF-L9Irma731k1VrQgf2HmraOceN3oWXkyEeqrguoWHPxWIg_1I1bVXU6A6OlzzK7ppYyrpOpU",
  "scope": "https://www.googleapis.com/auth/appengine.admin https://www.googleapis.com/auth/cloud-platform https://www.googleapis.com/auth/sqlservice.login https://www.googleapis.com/auth/userinfo.email openid https://www.googleapis.com/auth/accounts.reauth https://www.googleapis.com/auth/compute",
  "token_type": "Bearer",
  "id_token": "eyJhbGciOiJSUzI1NiIsImtpZCI6IjM2MjgyNTg2MDExMTNlNjU3NmE0NTMzNzM2NWZlOGI4OTczZDE2NzEiLCJ0eXAiOiJKV1QifQ.eyJpc3MiOiJodHRwczovL2FjY291bnRzLmdvb2dsZS5jb20iLCJhenAiOiIzMjU1NTk0MDU1OS5hcHBzLmdvb2dsZXVzZXJjb250ZW50LmNvbSIsImF1ZCI6IjMyNTU1OTQwNTU5LmFwcHMuZ29vZ2xldXNlcmNvbnRlbnQuY29tIiwic3ViIjoiMTAwMzMyMDU0Mzg3MDAxMDA0MDYxIiwiaGQiOiJyaWNoZW1vbnQuY29tIiwiZW1haWwiOiJkZW1ldHJpcy5taW5hQHJpY2hlbW9udC5jb20iLCJlbWFpbF92ZXJpZmllZCI6dHJ1ZSwiYXRfaGFzaCI6Im96Sjc5cUcxYlFIRlRoSng4X3dqbkEiLCJpYXQiOjE3MzMyMTYwODQsImV4cCI6MTczMzIxOTY4NH0.YG4NqzrheMnmbIMdOPtlNK9BOZfyXPRvayFAzA2yBcjdSuNYFL5Dmotp4Jqu7eACpb1Q01FphoEK4Q6PybnMwyR0WsltXmklf_ClNbDooh6YhMLaBtUm7aQbkbyCGVHTsO96Rq3JdijvB54vusm8-Q2vIoqVRHB3Iq1Yiy-wUZ_GqZI9swLlaBAsXgtREeITvrL7ysLGzF3aKotJUM1MAWpLuGwe6H3tdqVqvXN7aNkN2kK6ixuSTHdbpnJlxMqAj5DAAMoenT4v6ndWi7nvBLyzozWiag1_oN-G_NkremYXsDy-jBi3jSIJGrIYtcWvgrmSYaIIovzcBy_8hibPDw"
}.
2024-12-03 09:54:44,899 DEBUG    requests_oauthlib.oauth2_session Invoking 0 token response hooks.
2024-12-03 09:54:44,899 DEBUG    requests_oauthlib.oauth2_session Obtained token {'access_token': 'ya29.a0AeDClZAFKtvSces4fFmSWAo6yksFmW44sLsy_sxIfMJmQynZIX33TznfnL_jOuEMu8LSJ7cUNnCoJd3gOff4EyPCLtTfpJaDn8tJeYMnoe4RVmnmlRMBBKbt5yRrY-TlAw7LDxWft_jdVdQrAyVqjvD15q2kzErZTQHNhFe71V3UOQaCgYKAQMSARESFQHGX2MiT8TOPbG_Eslf0jU32UEZ9A0181', 'expires_in': 3599, 'refresh_token': '1//096HjLN9EUxnRCgYIARAAGAkSNwF-L9Irma731k1VrQgf2HmraOceN3oWXkyEeqrguoWHPxWIg_1I1bVXU6A6OlzzK7ppYyrpOpU', 'scope': ['https://www.googleapis.com/auth/appengine.admin', 'https://www.googleapis.com/auth/cloud-platform', 'https://www.googleapis.com/auth/sqlservice.login', 'https://www.googleapis.com/auth/userinfo.email', 'openid', 'https://www.googleapis.com/auth/accounts.reauth', 'https://www.googleapis.com/auth/compute'], 'token_type': 'Bearer', 'id_token': 'eyJhbGciOiJSUzI1NiIsImtpZCI6IjM2MjgyNTg2MDExMTNlNjU3NmE0NTMzNzM2NWZlOGI4OTczZDE2NzEiLCJ0eXAiOiJKV1QifQ.eyJpc3MiOiJodHRwczovL2FjY291bnRzLmdvb2dsZS5jb20iLCJhenAiOiIzMjU1NTk0MDU1OS5hcHBzLmdvb2dsZXVzZXJjb250ZW50LmNvbSIsImF1ZCI6IjMyNTU1OTQwNTU5LmFwcHMuZ29vZ2xldXNlcmNvbnRlbnQuY29tIiwic3ViIjoiMTAwMzMyMDU0Mzg3MDAxMDA0MDYxIiwiaGQiOiJyaWNoZW1vbnQuY29tIiwiZW1haWwiOiJkZW1ldHJpcy5taW5hQHJpY2hlbW9udC5jb20iLCJlbWFpbF92ZXJpZmllZCI6dHJ1ZSwiYXRfaGFzaCI6Im96Sjc5cUcxYlFIRlRoSng4X3dqbkEiLCJpYXQiOjE3MzMyMTYwODQsImV4cCI6MTczMzIxOTY4NH0.YG4NqzrheMnmbIMdOPtlNK9BOZfyXPRvayFAzA2yBcjdSuNYFL5Dmotp4Jqu7eACpb1Q01FphoEK4Q6PybnMwyR0WsltXmklf_ClNbDooh6YhMLaBtUm7aQbkbyCGVHTsO96Rq3JdijvB54vusm8-Q2vIoqVRHB3Iq1Yiy-wUZ_GqZI9swLlaBAsXgtREeITvrL7ysLGzF3aKotJUM1MAWpLuGwe6H3tdqVqvXN7aNkN2kK6ixuSTHdbpnJlxMqAj5DAAMoenT4v6ndWi7nvBLyzozWiag1_oN-G_NkremYXsDy-jBi3jSIJGrIYtcWvgrmSYaIIovzcBy_8hibPDw', 'expires_at': 1733219683.899431}.
2024-12-03 09:54:44,925 INFO     ___FILE_ONLY___ 
You are now logged in as [demetris.mina@richemont.com].
Your current project is [None].  You can change this setting by running:
  $ gcloud config set project PROJECT_ID

2024-12-03 09:54:44,925 DEBUG    root            Chosen display Format:none
2024-12-03 09:54:44,926 INFO     root            Display format: "none"
