2024-12-04 15:37:32,048 DEBUG    root            Loaded Command Group: ['gcloud', 'meta']
2024-12-04 15:37:32,061 DEBUG    root            Loaded Command Group: ['gcloud', 'meta', 'list_commands']
2024-12-04 15:37:32,062 DEBUG    root            Running [gcloud.meta.list-commands] with arguments: []
2024-12-04 15:37:32,063 DEBUG    root            Loaded Command Group: ['gcloud', 'pam']
2024-12-04 15:37:32,064 DEBUG    root            Loaded Command Group: ['gcloud', 'pam', 'grants']
2024-12-04 15:37:32,119 DEBUG    root            Loaded Command Group: ['gcloud', 'pam', 'grants', 'revoke']
2024-12-04 15:37:32,149 DEBUG    root            Loaded Command Group: ['gcloud', 'pam', 'grants', 'deny']
2024-12-04 15:37:32,177 DEBUG    root            Loaded Command Group: ['gcloud', 'pam', 'grants', 'approve']
2024-12-04 15:37:32,202 DEBUG    root            Loaded Command Group: ['gcloud', 'pam', 'grants', 'search']
2024-12-04 15:37:32,216 DEBUG    root            Loaded Command Group: ['gcloud', 'pam', 'grants', 'list']
2024-12-04 15:37:32,236 DEBUG    root            Loaded Command Group: ['gcloud', 'pam', 'grants', 'describe']
2024-12-04 15:37:32,261 DEBUG    root            Loaded Command Group: ['gcloud', 'pam', 'grants', 'create']
2024-12-04 15:37:32,283 DEBUG    root            Loaded Command Group: ['gcloud', 'pam', 'entitlements']
2024-12-04 15:37:32,288 DEBUG    root            Loaded Command Group: ['gcloud', 'pam', 'entitlements', 'search']
2024-12-04 15:37:32,302 DEBUG    root            Loaded Command Group: ['gcloud', 'pam', 'entitlements', 'delete']
2024-12-04 15:37:32,323 DEBUG    root            Loaded Command Group: ['gcloud', 'pam', 'entitlements', 'list']
2024-12-04 15:37:32,348 DEBUG    root            Loaded Command Group: ['gcloud', 'pam', 'entitlements', 'update']
2024-12-04 15:37:32,374 DEBUG    root            Loaded Command Group: ['gcloud', 'pam', 'entitlements', 'describe']
2024-12-04 15:37:32,398 DEBUG    root            Loaded Command Group: ['gcloud', 'pam', 'entitlements', 'create']
2024-12-04 15:37:32,434 DEBUG    root            Loaded Command Group: ['gcloud', 'pam', 'entitlements', 'export']
2024-12-04 15:37:32,456 DEBUG    root            Loaded Command Group: ['gcloud', 'pam', 'check_onboarding_status']
2024-12-04 15:37:32,466 DEBUG    root            Loaded Command Group: ['gcloud', 'pam', 'operations']
2024-12-04 15:37:32,470 DEBUG    root            Loaded Command Group: ['gcloud', 'pam', 'operations', 'wait']
2024-12-04 15:37:32,489 DEBUG    root            Loaded Command Group: ['gcloud', 'pam', 'operations', 'list']
2024-12-04 15:37:32,505 DEBUG    root            Loaded Command Group: ['gcloud', 'pam', 'operations', 'describe']
2024-12-04 15:37:32,525 DEBUG    root            Loaded Command Group: ['gcloud', 'pam', 'operations', 'delete']
2024-12-04 15:37:32,546 DEBUG    root            Loaded Command Group: ['gcloud', 'docker']
2024-12-04 15:37:32,548 DEBUG    root            Loaded Command Group: ['gcloud', 'iam']
2024-12-04 15:37:32,573 DEBUG    root            Loaded Command Group: ['gcloud', 'iam', 'list_grantable_roles']
2024-12-04 15:37:32,574 DEBUG    root            Loaded Command Group: ['gcloud', 'iam', 'roles']
2024-12-04 15:37:32,576 DEBUG    root            Loaded Command Group: ['gcloud', 'iam', 'roles', 'copy']
2024-12-04 15:37:32,577 DEBUG    root            Loaded Command Group: ['gcloud', 'iam', 'roles', 'delete']
2024-12-04 15:37:32,578 DEBUG    root            Loaded Command Group: ['gcloud', 'iam', 'roles', 'list']
2024-12-04 15:37:32,580 DEBUG    root            Loaded Command Group: ['gcloud', 'iam', 'roles', 'update']
2024-12-04 15:37:32,581 DEBUG    root            Loaded Command Group: ['gcloud', 'iam', 'roles', 'undelete']
2024-12-04 15:37:32,582 DEBUG    root            Loaded Command Group: ['gcloud', 'iam', 'roles', 'create']
2024-12-04 15:37:32,583 DEBUG    root            Loaded Command Group: ['gcloud', 'iam', 'roles', 'describe']
2024-12-04 15:37:32,584 DEBUG    root            Loaded Command Group: ['gcloud', 'iam', 'workforce_pools']
2024-12-04 15:37:32,612 DEBUG    root            Loaded Command Group: ['gcloud', 'iam', 'workforce-pools', 'delete']
2024-12-04 15:37:32,621 DEBUG    root            Loaded Command Group: ['gcloud', 'iam', 'workforce-pools', 'operations']
2024-12-04 15:37:32,623 DEBUG    root            Loaded Command Group: ['gcloud', 'iam', 'workforce-pools', 'operations', 'describe']
2024-12-04 15:37:32,631 DEBUG    root            Loaded Command Group: ['gcloud', 'iam', 'workforce-pools', 'create_login_config']
2024-12-04 15:37:32,633 DEBUG    root            Loaded Command Group: ['gcloud', 'iam', 'workforce-pools', 'list']
2024-12-04 15:37:32,636 DEBUG    root            Loaded Command Group: ['gcloud', 'iam', 'workforce-pools', 'set_iam_policy']
2024-12-04 15:37:32,643 DEBUG    root            Loaded Command Group: ['gcloud', 'iam', 'workforce-pools', 'undelete']
2024-12-04 15:37:32,652 DEBUG    root            Loaded Command Group: ['gcloud', 'iam', 'workforce-pools', 'create']
2024-12-04 15:37:32,670 DEBUG    root            Loaded Command Group: ['gcloud', 'iam', 'workforce-pools', 'subjects']
2024-12-04 15:37:32,672 DEBUG    root            Loaded Command Group: ['gcloud', 'iam', 'workforce-pools', 'subjects', 'undelete']
2024-12-04 15:37:32,680 DEBUG    root            Loaded Command Group: ['gcloud', 'iam', 'workforce-pools', 'subjects', 'delete']
2024-12-04 15:37:32,688 DEBUG    root            Loaded Command Group: ['gcloud', 'iam', 'workforce-pools', 'subjects', 'operations']
2024-12-04 15:37:32,690 DEBUG    root            Loaded Command Group: ['gcloud', 'iam', 'workforce-pools', 'subjects', 'operations', 'describe']
2024-12-04 15:37:32,735 DEBUG    root            Loaded Command Group: ['gcloud', 'iam', 'workforce-pools', 'update']
2024-12-04 15:37:32,742 DEBUG    root            Loaded Command Group: ['gcloud', 'iam', 'workforce-pools', 'create_cred_config']
2024-12-04 15:37:32,743 DEBUG    root            Loaded Command Group: ['gcloud', 'iam', 'workforce-pools', 'providers']
2024-12-04 15:37:32,746 DEBUG    root            Loaded Command Group: ['gcloud', 'iam', 'workforce-pools', 'providers', 'delete']
2024-12-04 15:37:32,753 DEBUG    root            Loaded Command Group: ['gcloud', 'iam', 'workforce-pools', 'providers', 'operations']
2024-12-04 15:37:32,755 DEBUG    root            Loaded Command Group: ['gcloud', 'iam', 'workforce-pools', 'providers', 'operations', 'describe']
2024-12-04 15:37:32,768 DEBUG    root            Loaded Command Group: ['gcloud', 'iam', 'workforce-pools', 'providers', 'create_oidc']
2024-12-04 15:37:32,778 DEBUG    root            Loaded Command Group: ['gcloud', 'iam', 'workforce-pools', 'providers', 'list']
2024-12-04 15:37:32,784 DEBUG    root            Loaded Command Group: ['gcloud', 'iam', 'workforce-pools', 'providers', 'keys']
2024-12-04 15:37:32,787 DEBUG    root            Loaded Command Group: ['gcloud', 'iam', 'workforce-pools', 'providers', 'keys', 'delete']
2024-12-04 15:37:32,795 DEBUG    root            Loaded Command Group: ['gcloud', 'iam', 'workforce-pools', 'providers', 'keys', 'operations']
2024-12-04 15:37:32,797 DEBUG    root            Loaded Command Group: ['gcloud', 'iam', 'workforce-pools', 'providers', 'keys', 'operations', 'describe']
2024-12-04 15:37:32,809 DEBUG    root            Loaded Command Group: ['gcloud', 'iam', 'workforce-pools', 'providers', 'keys', 'list']
2024-12-04 15:37:32,818 DEBUG    root            Loaded Command Group: ['gcloud', 'iam', 'workforce-pools', 'providers', 'keys', 'describe']
2024-12-04 15:37:32,827 DEBUG    root            Loaded Command Group: ['gcloud', 'iam', 'workforce-pools', 'providers', 'keys', 'undelete']
2024-12-04 15:37:32,838 DEBUG    root            Loaded Command Group: ['gcloud', 'iam', 'workforce-pools', 'providers', 'keys', 'create']
2024-12-04 15:37:32,849 DEBUG    root            Loaded Command Group: ['gcloud', 'iam', 'workforce-pools', 'providers', 'update_saml']
2024-12-04 15:37:32,858 DEBUG    root            Loaded Command Group: ['gcloud', 'iam', 'workforce-pools', 'providers', 'undelete']
2024-12-04 15:37:32,869 DEBUG    root            Loaded Command Group: ['gcloud', 'iam', 'workforce-pools', 'providers', 'update_oidc']
2024-12-04 15:37:32,879 DEBUG    root            Loaded Command Group: ['gcloud', 'iam', 'workforce-pools', 'providers', 'create_saml']
2024-12-04 15:37:32,888 DEBUG    root            Loaded Command Group: ['gcloud', 'iam', 'workforce-pools', 'providers', 'describe']
2024-12-04 15:37:32,897 DEBUG    root            Loaded Command Group: ['gcloud', 'iam', 'workforce-pools', 'get_iam_policy']
2024-12-04 15:37:32,905 DEBUG    root            Loaded Command Group: ['gcloud', 'iam', 'workforce-pools', 'describe']
2024-12-04 15:37:32,918 DEBUG    root            Loaded Command Group: ['gcloud', 'iam', 'principal_access_boundary_policies']
