2024-12-04 15:37:19,606 DEBUG    root            Loaded Command Group: ['gcloud', 'components']
2024-12-04 15:37:19,608 DEBUG    root            Loaded Command Group: ['gcloud', 'components', 'install']
2024-12-04 15:37:19,609 DEBUG    root            Running [gcloud.components.install] with arguments: [--no-compile-python: "False", --quiet: "True", COMPONENT-IDS:6: "['alpha', 'beta', 'gke-gcloud-auth-plugin', 'kubectl', 'skaffold', 'minikube']"]
2024-12-04 15:37:19,618 DEBUG    urllib3.connectionpool Starting new HTTPS connection (1): dl.google.com:443
2024-12-04 15:37:19,803 DEBUG    urllib3.connectionpool https://dl.google.com:443 "GET /dl/cloudsdk/channels/rapid/components-v502.0.0.json HTTP/1.1" 200 227816
2024-12-04 15:37:19,904 INFO     ___FILE_ONLY___ 

2024-12-04 15:37:19,904 INFO     ___FILE_ONLY___ 
Your current Google Cloud CLI version is: 502.0.0

2024-12-04 15:37:19,904 INFO     ___FILE_ONLY___ Installing components from version: 502.0.0

2024-12-04 15:37:19,904 INFO     ___FILE_ONLY___ 

2024-12-04 15:37:19,905 DEBUG    root            Chosen display Format:table[box,title="These components will be removed."](details.display_name:label=Name:align=left,version.version_string:label=Version:align=right,data.size.size(zero="",min=1048576):label=Size:align=right)
2024-12-04 15:37:19,905 DEBUG    root            Chosen display Format:table[box,title="These components will be updated."](details.display_name:label=Name:align=left,version.version_string:label=Version:align=right,data.size.size(zero="",min=1048576):label=Size:align=right)
2024-12-04 15:37:19,905 DEBUG    root            Chosen display Format:table[box,title="These components will be installed."](details.display_name:label=Name:align=left,version.version_string:label=Version:align=right,data.size.size(zero="",min=1048576):label=Size:align=right)
2024-12-04 15:37:19,913 INFO     ___FILE_ONLY___ ┌────────────────────────────────────────────────────────────────────┐
2024-12-04 15:37:19,913 INFO     ___FILE_ONLY___ 

2024-12-04 15:37:19,913 INFO     ___FILE_ONLY___ │                These components will be installed.                 │
2024-12-04 15:37:19,913 INFO     ___FILE_ONLY___ 

2024-12-04 15:37:19,913 INFO     ___FILE_ONLY___ ├────────────────────────────────────────────┬────────────┬──────────┤
2024-12-04 15:37:19,913 INFO     ___FILE_ONLY___ 

2024-12-04 15:37:19,913 INFO     ___FILE_ONLY___ │                    Name                    │  Version   │   Size   │
2024-12-04 15:37:19,914 INFO     ___FILE_ONLY___ 

2024-12-04 15:37:19,914 INFO     ___FILE_ONLY___ ├────────────────────────────────────────────┼────────────┼──────────┤
2024-12-04 15:37:19,914 INFO     ___FILE_ONLY___ 

2024-12-04 15:37:19,914 INFO     ___FILE_ONLY___ │ 
2024-12-04 15:37:19,914 INFO     ___FILE_ONLY___ Skaffold (Platform Specific)              
2024-12-04 15:37:19,914 INFO     ___FILE_ONLY___  
2024-12-04 15:37:19,914 INFO     ___FILE_ONLY___ │ 
2024-12-04 15:37:19,914 INFO     ___FILE_ONLY___     2.13.1
2024-12-04 15:37:19,914 INFO     ___FILE_ONLY___  
2024-12-04 15:37:19,914 INFO     ___FILE_ONLY___ │ 
2024-12-04 15:37:19,914 INFO     ___FILE_ONLY___ 22.9 MiB
2024-12-04 15:37:19,914 INFO     ___FILE_ONLY___  
2024-12-04 15:37:19,914 INFO     ___FILE_ONLY___ │
2024-12-04 15:37:19,914 INFO     ___FILE_ONLY___ 

2024-12-04 15:37:19,914 INFO     ___FILE_ONLY___ │ 
2024-12-04 15:37:19,914 INFO     ___FILE_ONLY___ gcloud Alpha Commands                     
2024-12-04 15:37:19,914 INFO     ___FILE_ONLY___  
2024-12-04 15:37:19,914 INFO     ___FILE_ONLY___ │ 
2024-12-04 15:37:19,914 INFO     ___FILE_ONLY___ 2024.11.15
2024-12-04 15:37:19,914 INFO     ___FILE_ONLY___  
2024-12-04 15:37:19,914 INFO     ___FILE_ONLY___ │ 
2024-12-04 15:37:19,914 INFO     ___FILE_ONLY___  < 1 MiB
2024-12-04 15:37:19,914 INFO     ___FILE_ONLY___  
2024-12-04 15:37:19,914 INFO     ___FILE_ONLY___ │
2024-12-04 15:37:19,914 INFO     ___FILE_ONLY___ 

2024-12-04 15:37:19,914 INFO     ___FILE_ONLY___ │ 
2024-12-04 15:37:19,914 INFO     ___FILE_ONLY___ gcloud Beta Commands                      
2024-12-04 15:37:19,914 INFO     ___FILE_ONLY___  
2024-12-04 15:37:19,914 INFO     ___FILE_ONLY___ │ 
2024-12-04 15:37:19,914 INFO     ___FILE_ONLY___ 2024.11.15
2024-12-04 15:37:19,914 INFO     ___FILE_ONLY___  
2024-12-04 15:37:19,914 INFO     ___FILE_ONLY___ │ 
2024-12-04 15:37:19,914 INFO     ___FILE_ONLY___  < 1 MiB
2024-12-04 15:37:19,914 INFO     ___FILE_ONLY___  
2024-12-04 15:37:19,914 INFO     ___FILE_ONLY___ │
2024-12-04 15:37:19,914 INFO     ___FILE_ONLY___ 

2024-12-04 15:37:19,914 INFO     ___FILE_ONLY___ │ 
2024-12-04 15:37:19,914 INFO     ___FILE_ONLY___ gke-gcloud-auth-plugin (Platform Specific)
2024-12-04 15:37:19,914 INFO     ___FILE_ONLY___  
2024-12-04 15:37:19,914 INFO     ___FILE_ONLY___ │ 
2024-12-04 15:37:19,914 INFO     ___FILE_ONLY___      0.5.9
2024-12-04 15:37:19,914 INFO     ___FILE_ONLY___  
2024-12-04 15:37:19,914 INFO     ___FILE_ONLY___ │ 
2024-12-04 15:37:19,914 INFO     ___FILE_ONLY___  4.0 MiB
2024-12-04 15:37:19,914 INFO     ___FILE_ONLY___  
2024-12-04 15:37:19,914 INFO     ___FILE_ONLY___ │
2024-12-04 15:37:19,914 INFO     ___FILE_ONLY___ 

2024-12-04 15:37:19,914 INFO     ___FILE_ONLY___ │ 
2024-12-04 15:37:19,914 INFO     ___FILE_ONLY___ kubectl                                   
2024-12-04 15:37:19,914 INFO     ___FILE_ONLY___  
2024-12-04 15:37:19,914 INFO     ___FILE_ONLY___ │ 
2024-12-04 15:37:19,914 INFO     ___FILE_ONLY___     1.30.5
2024-12-04 15:37:19,914 INFO     ___FILE_ONLY___  
2024-12-04 15:37:19,914 INFO     ___FILE_ONLY___ │ 
2024-12-04 15:37:19,914 INFO     ___FILE_ONLY___  < 1 MiB
2024-12-04 15:37:19,914 INFO     ___FILE_ONLY___  
2024-12-04 15:37:19,915 INFO     ___FILE_ONLY___ │
2024-12-04 15:37:19,915 INFO     ___FILE_ONLY___ 

2024-12-04 15:37:19,915 INFO     ___FILE_ONLY___ │ 
2024-12-04 15:37:19,915 INFO     ___FILE_ONLY___ kubectl (Platform Specific)               
2024-12-04 15:37:19,915 INFO     ___FILE_ONLY___  
2024-12-04 15:37:19,915 INFO     ___FILE_ONLY___ │ 
2024-12-04 15:37:19,915 INFO     ___FILE_ONLY___     1.30.6
2024-12-04 15:37:19,915 INFO     ___FILE_ONLY___  
2024-12-04 15:37:19,915 INFO     ___FILE_ONLY___ │ 
2024-12-04 15:37:19,915 INFO     ___FILE_ONLY___ 86.1 MiB
2024-12-04 15:37:19,915 INFO     ___FILE_ONLY___  
2024-12-04 15:37:19,915 INFO     ___FILE_ONLY___ │
2024-12-04 15:37:19,915 INFO     ___FILE_ONLY___ 

2024-12-04 15:37:19,915 INFO     ___FILE_ONLY___ └────────────────────────────────────────────┴────────────┴──────────┘
2024-12-04 15:37:19,915 INFO     ___FILE_ONLY___ 

2024-12-04 15:37:19,915 INFO     ___FILE_ONLY___ 

2024-12-04 15:37:19,916 DEBUG    urllib3.connectionpool Starting new HTTPS connection (1): dl.google.com:443
2024-12-04 15:37:20,106 DEBUG    urllib3.connectionpool https://dl.google.com:443 "GET /dl/cloudsdk/channels/rapid/RELEASE_NOTES HTTP/1.1" 200 1314602
2024-12-04 15:37:20,295 INFO     ___FILE_ONLY___ For the latest full release notes, please visit:
  https://cloud.google.com/sdk/release_notes


2024-12-04 15:37:20,295 INFO     ___FILE_ONLY___ Performing in place update...


2024-12-04 15:37:20,303 INFO     ___FILE_ONLY___ ╔════════════════════════════════════════════════════════════╗

2024-12-04 15:37:20,303 INFO     ___FILE_ONLY___ ╠═ Downloading: Skaffold                                    ═╣

2024-12-04 15:37:20,303 INFO     ___FILE_ONLY___ ╚
2024-12-04 15:37:20,303 INFO     ___FILE_ONLY___ ════════════════════════════════════════════════════════════
2024-12-04 15:37:20,303 INFO     ___FILE_ONLY___ ╝

2024-12-04 15:37:20,308 INFO     ___FILE_ONLY___ ╔════════════════════════════════════════════════════════════╗

2024-12-04 15:37:20,308 INFO     ___FILE_ONLY___ ╠═ Downloading: Skaffold (Platform Specific)                ═╣

2024-12-04 15:37:20,308 INFO     ___FILE_ONLY___ ╚
2024-12-04 15:37:20,311 DEBUG    urllib3.connectionpool Starting new HTTPS connection (1): dl.google.com:443
2024-12-04 15:37:20,521 DEBUG    urllib3.connectionpool https://dl.google.com:443 "GET /dl/cloudsdk/channels/rapid/components/google-cloud-sdk-skaffold-darwin-arm-20240806142304.tar.gz HTTP/1.1" 200 24031362
2024-12-04 15:37:21,868 INFO     ___FILE_ONLY___ ═
2024-12-04 15:37:21,871 INFO     ___FILE_ONLY___ ═
2024-12-04 15:37:21,872 INFO     ___FILE_ONLY___ ═
2024-12-04 15:37:21,873 INFO     ___FILE_ONLY___ ═
2024-12-04 15:37:21,873 INFO     ___FILE_ONLY___ ═
2024-12-04 15:37:21,874 INFO     ___FILE_ONLY___ ═
2024-12-04 15:37:21,874 INFO     ___FILE_ONLY___ ═
2024-12-04 15:37:21,874 INFO     ___FILE_ONLY___ ═
2024-12-04 15:37:21,874 INFO     ___FILE_ONLY___ ═
2024-12-04 15:37:21,875 INFO     ___FILE_ONLY___ ═
2024-12-04 15:37:21,875 INFO     ___FILE_ONLY___ ═
2024-12-04 15:37:21,875 INFO     ___FILE_ONLY___ ═
2024-12-04 15:37:21,875 INFO     ___FILE_ONLY___ ═
2024-12-04 15:37:21,876 INFO     ___FILE_ONLY___ ═
2024-12-04 15:37:21,876 INFO     ___FILE_ONLY___ ═
2024-12-04 15:37:21,876 INFO     ___FILE_ONLY___ ═
2024-12-04 15:37:21,877 INFO     ___FILE_ONLY___ ═
2024-12-04 15:37:21,877 INFO     ___FILE_ONLY___ ═
2024-12-04 15:37:21,877 INFO     ___FILE_ONLY___ ═
2024-12-04 15:37:21,877 INFO     ___FILE_ONLY___ ═
2024-12-04 15:37:21,878 INFO     ___FILE_ONLY___ ═
2024-12-04 15:37:21,878 INFO     ___FILE_ONLY___ ═
2024-12-04 15:37:21,878 INFO     ___FILE_ONLY___ ═
2024-12-04 15:37:21,879 INFO     ___FILE_ONLY___ ═
2024-12-04 15:37:21,879 INFO     ___FILE_ONLY___ ═
2024-12-04 15:37:21,879 INFO     ___FILE_ONLY___ ═
2024-12-04 15:37:21,880 INFO     ___FILE_ONLY___ ═
2024-12-04 15:37:21,880 INFO     ___FILE_ONLY___ ═
2024-12-04 15:37:21,880 INFO     ___FILE_ONLY___ ═
2024-12-04 15:37:21,881 INFO     ___FILE_ONLY___ ═
2024-12-04 15:37:21,881 INFO     ___FILE_ONLY___ ═
2024-12-04 15:37:21,882 INFO     ___FILE_ONLY___ ═
2024-12-04 15:37:21,883 INFO     ___FILE_ONLY___ ═
2024-12-04 15:37:21,883 INFO     ___FILE_ONLY___ ═
2024-12-04 15:37:21,884 INFO     ___FILE_ONLY___ ═
2024-12-04 15:37:21,884 INFO     ___FILE_ONLY___ ═
2024-12-04 15:37:21,885 INFO     ___FILE_ONLY___ ═
2024-12-04 15:37:21,885 INFO     ___FILE_ONLY___ ═
2024-12-04 15:37:21,886 INFO     ___FILE_ONLY___ ═
2024-12-04 15:37:21,887 INFO     ___FILE_ONLY___ ═
2024-12-04 15:37:21,887 INFO     ___FILE_ONLY___ ═
2024-12-04 15:37:21,888 INFO     ___FILE_ONLY___ ═
2024-12-04 15:37:21,888 INFO     ___FILE_ONLY___ ═
2024-12-04 15:37:21,889 INFO     ___FILE_ONLY___ ═
2024-12-04 15:37:21,889 INFO     ___FILE_ONLY___ ═
2024-12-04 15:37:21,890 INFO     ___FILE_ONLY___ ═
2024-12-04 15:37:21,890 INFO     ___FILE_ONLY___ ═
2024-12-04 15:37:21,891 INFO     ___FILE_ONLY___ ═
2024-12-04 15:37:21,891 INFO     ___FILE_ONLY___ ═
2024-12-04 15:37:21,892 INFO     ___FILE_ONLY___ ═
2024-12-04 15:37:21,892 INFO     ___FILE_ONLY___ ═
2024-12-04 15:37:21,892 INFO     ___FILE_ONLY___ ═
2024-12-04 15:37:21,893 INFO     ___FILE_ONLY___ ═
2024-12-04 15:37:21,893 INFO     ___FILE_ONLY___ ═
2024-12-04 15:37:21,894 INFO     ___FILE_ONLY___ ═
2024-12-04 15:37:21,894 INFO     ___FILE_ONLY___ ═
2024-12-04 15:37:21,895 INFO     ___FILE_ONLY___ ═
2024-12-04 15:37:21,895 INFO     ___FILE_ONLY___ ═
2024-12-04 15:37:21,895 INFO     ___FILE_ONLY___ ═
2024-12-04 15:37:21,896 INFO     ___FILE_ONLY___ ═
2024-12-04 15:37:21,896 INFO     ___FILE_ONLY___ ╝

2024-12-04 15:37:21,915 INFO     ___FILE_ONLY___ ╔════════════════════════════════════════════════════════════╗

2024-12-04 15:37:21,915 INFO     ___FILE_ONLY___ ╠═ Downloading: gcloud Alpha Commands                       ═╣

2024-12-04 15:37:21,915 INFO     ___FILE_ONLY___ ╚
2024-12-04 15:37:21,918 DEBUG    urllib3.connectionpool Starting new HTTPS connection (1): dl.google.com:443
2024-12-04 15:37:22,140 DEBUG    urllib3.connectionpool https://dl.google.com:443 "GET /dl/cloudsdk/channels/rapid/components/google-cloud-sdk-alpha-20241115154308.tar.gz HTTP/1.1" 200 800
2024-12-04 15:37:22,143 INFO     ___FILE_ONLY___ ════════════════════════════════════════════════════════════
2024-12-04 15:37:22,148 INFO     ___FILE_ONLY___ ╝

2024-12-04 15:37:22,164 INFO     ___FILE_ONLY___ ╔════════════════════════════════════════════════════════════╗

2024-12-04 15:37:22,165 INFO     ___FILE_ONLY___ ╠═ Downloading: gcloud Beta Commands                        ═╣

2024-12-04 15:37:22,165 INFO     ___FILE_ONLY___ ╚
2024-12-04 15:37:22,168 DEBUG    urllib3.connectionpool Starting new HTTPS connection (1): dl.google.com:443
2024-12-04 15:37:22,428 DEBUG    urllib3.connectionpool https://dl.google.com:443 "GET /dl/cloudsdk/channels/rapid/components/google-cloud-sdk-beta-20241115154308.tar.gz HTTP/1.1" 200 797
2024-12-04 15:37:22,430 INFO     ___FILE_ONLY___ ════════════════════════════════════════════════════════════
2024-12-04 15:37:22,430 INFO     ___FILE_ONLY___ ╝

2024-12-04 15:37:22,446 INFO     ___FILE_ONLY___ ╔════════════════════════════════════════════════════════════╗

2024-12-04 15:37:22,446 INFO     ___FILE_ONLY___ ╠═ Downloading: gke-gcloud-auth-plugin                      ═╣

2024-12-04 15:37:22,446 INFO     ___FILE_ONLY___ ╚
2024-12-04 15:37:22,446 INFO     ___FILE_ONLY___ ════════════════════════════════════════════════════════════
2024-12-04 15:37:22,446 INFO     ___FILE_ONLY___ ╝

2024-12-04 15:37:22,456 INFO     ___FILE_ONLY___ ╔════════════════════════════════════════════════════════════╗

2024-12-04 15:37:22,456 INFO     ___FILE_ONLY___ ╠═ Downloading: gke-gcloud-auth-plugin (Platform Specific)  ═╣

2024-12-04 15:37:22,456 INFO     ___FILE_ONLY___ ╚
2024-12-04 15:37:22,460 DEBUG    urllib3.connectionpool Starting new HTTPS connection (1): dl.google.com:443
2024-12-04 15:37:22,659 DEBUG    urllib3.connectionpool https://dl.google.com:443 "GET /dl/cloudsdk/channels/rapid/components/google-cloud-sdk-gke-gcloud-auth-plugin-darwin-arm-20240628141907.tar.gz HTTP/1.1" 200 4148014
2024-12-04 15:37:22,960 INFO     ___FILE_ONLY___ ═
2024-12-04 15:37:22,961 INFO     ___FILE_ONLY___ ═
2024-12-04 15:37:22,962 INFO     ___FILE_ONLY___ ═
2024-12-04 15:37:22,962 INFO     ___FILE_ONLY___ ═
2024-12-04 15:37:22,962 INFO     ___FILE_ONLY___ ═
2024-12-04 15:37:22,963 INFO     ___FILE_ONLY___ ═
2024-12-04 15:37:22,963 INFO     ___FILE_ONLY___ ═
2024-12-04 15:37:22,963 INFO     ___FILE_ONLY___ ═
2024-12-04 15:37:22,963 INFO     ___FILE_ONLY___ ═
2024-12-04 15:37:22,963 INFO     ___FILE_ONLY___ ═
2024-12-04 15:37:22,964 INFO     ___FILE_ONLY___ ═
2024-12-04 15:37:22,964 INFO     ___FILE_ONLY___ ═
2024-12-04 15:37:22,964 INFO     ___FILE_ONLY___ ═
2024-12-04 15:37:22,964 INFO     ___FILE_ONLY___ ═
2024-12-04 15:37:22,964 INFO     ___FILE_ONLY___ ═
2024-12-04 15:37:22,964 INFO     ___FILE_ONLY___ ═
2024-12-04 15:37:22,964 INFO     ___FILE_ONLY___ ═
2024-12-04 15:37:22,964 INFO     ___FILE_ONLY___ ═
2024-12-04 15:37:22,965 INFO     ___FILE_ONLY___ ═
2024-12-04 15:37:22,965 INFO     ___FILE_ONLY___ ═
2024-12-04 15:37:22,965 INFO     ___FILE_ONLY___ ═
2024-12-04 15:37:22,965 INFO     ___FILE_ONLY___ ═
2024-12-04 15:37:22,965 INFO     ___FILE_ONLY___ ═
2024-12-04 15:37:22,965 INFO     ___FILE_ONLY___ ═
2024-12-04 15:37:22,965 INFO     ___FILE_ONLY___ ═
2024-12-04 15:37:22,965 INFO     ___FILE_ONLY___ ═
2024-12-04 15:37:22,966 INFO     ___FILE_ONLY___ ═
2024-12-04 15:37:22,966 INFO     ___FILE_ONLY___ ═
2024-12-04 15:37:22,966 INFO     ___FILE_ONLY___ ═
2024-12-04 15:37:22,966 INFO     ___FILE_ONLY___ ═
2024-12-04 15:37:22,966 INFO     ___FILE_ONLY___ ═
2024-12-04 15:37:22,966 INFO     ___FILE_ONLY___ ═
2024-12-04 15:37:22,966 INFO     ___FILE_ONLY___ ═
2024-12-04 15:37:22,966 INFO     ___FILE_ONLY___ ═
2024-12-04 15:37:22,966 INFO     ___FILE_ONLY___ ═
2024-12-04 15:37:22,966 INFO     ___FILE_ONLY___ ═
2024-12-04 15:37:22,966 INFO     ___FILE_ONLY___ ═
2024-12-04 15:37:22,967 INFO     ___FILE_ONLY___ ═
2024-12-04 15:37:22,967 INFO     ___FILE_ONLY___ ═
2024-12-04 15:37:22,967 INFO     ___FILE_ONLY___ ═
2024-12-04 15:37:22,967 INFO     ___FILE_ONLY___ ═
2024-12-04 15:37:22,967 INFO     ___FILE_ONLY___ ═
2024-12-04 15:37:22,967 INFO     ___FILE_ONLY___ ═
2024-12-04 15:37:22,967 INFO     ___FILE_ONLY___ ═
2024-12-04 15:37:22,968 INFO     ___FILE_ONLY___ ═
2024-12-04 15:37:22,968 INFO     ___FILE_ONLY___ ═
2024-12-04 15:37:22,968 INFO     ___FILE_ONLY___ ═
2024-12-04 15:37:22,968 INFO     ___FILE_ONLY___ ═
2024-12-04 15:37:22,968 INFO     ___FILE_ONLY___ ═
2024-12-04 15:37:22,968 INFO     ___FILE_ONLY___ ═
2024-12-04 15:37:22,968 INFO     ___FILE_ONLY___ ═
2024-12-04 15:37:22,968 INFO     ___FILE_ONLY___ ═
2024-12-04 15:37:22,968 INFO     ___FILE_ONLY___ ═
2024-12-04 15:37:22,968 INFO     ___FILE_ONLY___ ═
2024-12-04 15:37:22,969 INFO     ___FILE_ONLY___ ═
2024-12-04 15:37:22,969 INFO     ___FILE_ONLY___ ═
2024-12-04 15:37:22,969 INFO     ___FILE_ONLY___ ═
2024-12-04 15:37:22,969 INFO     ___FILE_ONLY___ ═
2024-12-04 15:37:22,969 INFO     ___FILE_ONLY___ ═
2024-12-04 15:37:22,969 INFO     ___FILE_ONLY___ ═
2024-12-04 15:37:22,969 INFO     ___FILE_ONLY___ ╝

2024-12-04 15:37:22,980 INFO     ___FILE_ONLY___ ╔════════════════════════════════════════════════════════════╗

2024-12-04 15:37:22,980 INFO     ___FILE_ONLY___ ╠═ Downloading: kubectl                                     ═╣

2024-12-04 15:37:22,980 INFO     ___FILE_ONLY___ ╚
2024-12-04 15:37:22,984 DEBUG    urllib3.connectionpool Starting new HTTPS connection (1): dl.google.com:443
2024-12-04 15:37:23,174 DEBUG    urllib3.connectionpool https://dl.google.com:443 "GET /dl/cloudsdk/channels/rapid/components/google-cloud-sdk-kubectl-20241004144944.tar.gz HTTP/1.1" 200 36206
2024-12-04 15:37:23,222 INFO     ___FILE_ONLY___ ═══════════════════════════
2024-12-04 15:37:23,222 INFO     ___FILE_ONLY___ ═══════════════════════════
2024-12-04 15:37:23,223 INFO     ___FILE_ONLY___ ══════
2024-12-04 15:37:23,223 INFO     ___FILE_ONLY___ ╝

2024-12-04 15:37:23,240 INFO     ___FILE_ONLY___ ╔════════════════════════════════════════════════════════════╗

2024-12-04 15:37:23,240 INFO     ___FILE_ONLY___ ╠═ Downloading: kubectl (Platform Specific)                 ═╣

2024-12-04 15:37:23,241 INFO     ___FILE_ONLY___ ╚
2024-12-04 15:37:23,258 DEBUG    urllib3.connectionpool Starting new HTTPS connection (1): dl.google.com:443
2024-12-04 15:37:23,563 DEBUG    urllib3.connectionpool https://dl.google.com:443 "GET /dl/cloudsdk/channels/rapid/components/google-cloud-sdk-kubectl-darwin-arm-20241108162203.tar.gz HTTP/1.1" 200 90277960
2024-12-04 15:37:28,848 INFO     ___FILE_ONLY___ ═
2024-12-04 15:37:28,849 INFO     ___FILE_ONLY___ ═
2024-12-04 15:37:28,850 INFO     ___FILE_ONLY___ ═
2024-12-04 15:37:28,851 INFO     ___FILE_ONLY___ ═
2024-12-04 15:37:28,852 INFO     ___FILE_ONLY___ ═
2024-12-04 15:37:28,853 INFO     ___FILE_ONLY___ ═
2024-12-04 15:37:28,854 INFO     ___FILE_ONLY___ ═
2024-12-04 15:37:28,855 INFO     ___FILE_ONLY___ ═
2024-12-04 15:37:28,856 INFO     ___FILE_ONLY___ ═
2024-12-04 15:37:28,857 INFO     ___FILE_ONLY___ ═
2024-12-04 15:37:28,858 INFO     ___FILE_ONLY___ ═
2024-12-04 15:37:28,860 INFO     ___FILE_ONLY___ ═
2024-12-04 15:37:28,861 INFO     ___FILE_ONLY___ ═
2024-12-04 15:37:28,862 INFO     ___FILE_ONLY___ ═
2024-12-04 15:37:28,863 INFO     ___FILE_ONLY___ ═
2024-12-04 15:37:28,864 INFO     ___FILE_ONLY___ ═
2024-12-04 15:37:28,865 INFO     ___FILE_ONLY___ ═
2024-12-04 15:37:28,866 INFO     ___FILE_ONLY___ ═
2024-12-04 15:37:28,867 INFO     ___FILE_ONLY___ ═
2024-12-04 15:37:28,868 INFO     ___FILE_ONLY___ ═
2024-12-04 15:37:28,870 INFO     ___FILE_ONLY___ ═
2024-12-04 15:37:28,872 INFO     ___FILE_ONLY___ ═
2024-12-04 15:37:28,874 INFO     ___FILE_ONLY___ ═
2024-12-04 15:37:28,875 INFO     ___FILE_ONLY___ ═
2024-12-04 15:37:28,876 INFO     ___FILE_ONLY___ ═
2024-12-04 15:37:28,877 INFO     ___FILE_ONLY___ ═
2024-12-04 15:37:28,878 INFO     ___FILE_ONLY___ ═
2024-12-04 15:37:28,880 INFO     ___FILE_ONLY___ ═
2024-12-04 15:37:28,881 INFO     ___FILE_ONLY___ ═
2024-12-04 15:37:28,882 INFO     ___FILE_ONLY___ ═
2024-12-04 15:37:28,883 INFO     ___FILE_ONLY___ ═
2024-12-04 15:37:28,884 INFO     ___FILE_ONLY___ ═
2024-12-04 15:37:28,885 INFO     ___FILE_ONLY___ ═
2024-12-04 15:37:28,887 INFO     ___FILE_ONLY___ ═
2024-12-04 15:37:28,887 INFO     ___FILE_ONLY___ ═
2024-12-04 15:37:28,888 INFO     ___FILE_ONLY___ ═
2024-12-04 15:37:28,889 INFO     ___FILE_ONLY___ ═
2024-12-04 15:37:28,890 INFO     ___FILE_ONLY___ ═
2024-12-04 15:37:28,891 INFO     ___FILE_ONLY___ ═
2024-12-04 15:37:28,892 INFO     ___FILE_ONLY___ ═
2024-12-04 15:37:28,893 INFO     ___FILE_ONLY___ ═
2024-12-04 15:37:28,894 INFO     ___FILE_ONLY___ ═
2024-12-04 15:37:28,895 INFO     ___FILE_ONLY___ ═
2024-12-04 15:37:28,896 INFO     ___FILE_ONLY___ ═
2024-12-04 15:37:28,897 INFO     ___FILE_ONLY___ ═
2024-12-04 15:37:28,898 INFO     ___FILE_ONLY___ ═
2024-12-04 15:37:28,899 INFO     ___FILE_ONLY___ ═
2024-12-04 15:37:28,900 INFO     ___FILE_ONLY___ ═
2024-12-04 15:37:28,901 INFO     ___FILE_ONLY___ ═
2024-12-04 15:37:28,902 INFO     ___FILE_ONLY___ ═
2024-12-04 15:37:28,903 INFO     ___FILE_ONLY___ ═
2024-12-04 15:37:28,904 INFO     ___FILE_ONLY___ ═
2024-12-04 15:37:28,906 INFO     ___FILE_ONLY___ ═
2024-12-04 15:37:28,907 INFO     ___FILE_ONLY___ ═
2024-12-04 15:37:28,908 INFO     ___FILE_ONLY___ ═
2024-12-04 15:37:28,909 INFO     ___FILE_ONLY___ ═
2024-12-04 15:37:28,910 INFO     ___FILE_ONLY___ ═
2024-12-04 15:37:28,911 INFO     ___FILE_ONLY___ ═
2024-12-04 15:37:28,912 INFO     ___FILE_ONLY___ ═
2024-12-04 15:37:28,913 INFO     ___FILE_ONLY___ ═
2024-12-04 15:37:28,913 INFO     ___FILE_ONLY___ ╝

2024-12-04 15:37:28,931 INFO     ___FILE_ONLY___ ╔════════════════════════════════════════════════════════════╗

2024-12-04 15:37:28,931 INFO     ___FILE_ONLY___ ╠═ Installing: Skaffold                                     ═╣

2024-12-04 15:37:28,931 INFO     ___FILE_ONLY___ ╚
2024-12-04 15:37:28,938 INFO     ___FILE_ONLY___ ════════════════════════════════════════════════════════════
2024-12-04 15:37:28,938 INFO     ___FILE_ONLY___ ╝

2024-12-04 15:37:28,943 INFO     ___FILE_ONLY___ ╔════════════════════════════════════════════════════════════╗

2024-12-04 15:37:28,944 INFO     ___FILE_ONLY___ ╠═ Installing: Skaffold (Platform Specific)                 ═╣

2024-12-04 15:37:28,944 INFO     ___FILE_ONLY___ ╚
2024-12-04 15:37:29,331 INFO     ___FILE_ONLY___ ════════════════════════════════════════════════════════════
2024-12-04 15:37:29,333 INFO     ___FILE_ONLY___ ╝

2024-12-04 15:37:29,346 INFO     ___FILE_ONLY___ ╔════════════════════════════════════════════════════════════╗

2024-12-04 15:37:29,346 INFO     ___FILE_ONLY___ ╠═ Installing: gcloud Alpha Commands                        ═╣

2024-12-04 15:37:29,346 INFO     ___FILE_ONLY___ ╚
2024-12-04 15:37:29,347 INFO     ___FILE_ONLY___ ════════════════════════════════════════════════════════════
2024-12-04 15:37:29,347 INFO     ___FILE_ONLY___ ╝

2024-12-04 15:37:29,355 INFO     ___FILE_ONLY___ ╔════════════════════════════════════════════════════════════╗

2024-12-04 15:37:29,355 INFO     ___FILE_ONLY___ ╠═ Installing: gcloud Beta Commands                         ═╣

2024-12-04 15:37:29,355 INFO     ___FILE_ONLY___ ╚
2024-12-04 15:37:29,356 INFO     ___FILE_ONLY___ ════════════════════════════════════════════════════════════
2024-12-04 15:37:29,356 INFO     ___FILE_ONLY___ ╝

2024-12-04 15:37:29,365 INFO     ___FILE_ONLY___ ╔════════════════════════════════════════════════════════════╗

2024-12-04 15:37:29,365 INFO     ___FILE_ONLY___ ╠═ Installing: gke-gcloud-auth-plugin                       ═╣

2024-12-04 15:37:29,366 INFO     ___FILE_ONLY___ ╚
2024-12-04 15:37:29,368 INFO     ___FILE_ONLY___ ════════════════════════════════════════════════════════════
2024-12-04 15:37:29,368 INFO     ___FILE_ONLY___ ╝

2024-12-04 15:37:29,375 INFO     ___FILE_ONLY___ ╔════════════════════════════════════════════════════════════╗

2024-12-04 15:37:29,375 INFO     ___FILE_ONLY___ ╠═ Installing: gke-gcloud-auth-plugin (Platform Specific)   ═╣

2024-12-04 15:37:29,375 INFO     ___FILE_ONLY___ ╚
2024-12-04 15:37:29,438 INFO     ___FILE_ONLY___ ════════════════════════════════════════════════════════════
2024-12-04 15:37:29,438 INFO     ___FILE_ONLY___ ╝

2024-12-04 15:37:29,446 INFO     ___FILE_ONLY___ ╔════════════════════════════════════════════════════════════╗

2024-12-04 15:37:29,446 INFO     ___FILE_ONLY___ ╠═ Installing: kubectl                                      ═╣

2024-12-04 15:37:29,446 INFO     ___FILE_ONLY___ ╚
2024-12-04 15:37:29,451 INFO     ___FILE_ONLY___ ════════════════════════════════════════════════════════════
2024-12-04 15:37:29,451 INFO     ___FILE_ONLY___ ╝

2024-12-04 15:37:29,458 INFO     ___FILE_ONLY___ ╔════════════════════════════════════════════════════════════╗

2024-12-04 15:37:29,458 INFO     ___FILE_ONLY___ ╠═ Installing: kubectl (Platform Specific)                  ═╣

2024-12-04 15:37:29,459 INFO     ___FILE_ONLY___ ╚
2024-12-04 15:37:30,159 INFO     ___FILE_ONLY___ ══════════
2024-12-04 15:37:30,281 INFO     ___FILE_ONLY___ ══════════
2024-12-04 15:37:30,407 INFO     ___FILE_ONLY___ ══════════
2024-12-04 15:37:30,543 INFO     ___FILE_ONLY___ ══════════
2024-12-04 15:37:30,687 INFO     ___FILE_ONLY___ ══════════
2024-12-04 15:37:30,821 INFO     ___FILE_ONLY___ ══════════
2024-12-04 15:37:30,824 INFO     ___FILE_ONLY___ ╝

2024-12-04 15:37:30,839 DEBUG    root            Updating notification cache...
2024-12-04 15:37:30,839 INFO     ___FILE_ONLY___ 

2024-12-04 15:37:30,848 INFO     ___FILE_ONLY___ Performing post processing steps...
2024-12-04 15:37:30,850 DEBUG    root            Executing command: ['/Users/demetris.mina/Library/Application Support/cloud-code/installer/google-cloud-sdk/bin/gcloud', 'components', 'post-process', '--no-compile-python']
2024-12-04 15:37:31,430 DEBUG    ___FILE_ONLY___ 
2024-12-04 15:37:31,430 DEBUG    ___FILE_ONLY___ 
2024-12-04 15:37:31,619 INFO     ___FILE_ONLY___ 
Update done!


2024-12-04 15:37:31,622 WARNING  root              There are other instances of Google Cloud tools on your system PATH.
  Please remove the following to avoid confusion or accidental invocation:

  /opt/homebrew/share/google-cloud-sdk/bin/gcloud
/opt/homebrew/share/google-cloud-sdk/bin/docker-credential-gcloud

  
2024-12-04 15:37:31,625 DEBUG    root            Chosen display Format:none
2024-12-04 15:37:31,625 INFO     root            Display format: "none"
2024-12-04 15:37:31,630 DEBUG    root            Metrics reporting process started...
