2024-12-04 15:38:37,932 DEBUG    root            Metrics collector initialized...
2024-12-04 15:38:37,933 DEBUG    root            Loaded Command Group: ['gcloud', 'components']
2024-12-04 15:38:37,936 DEBUG    root            Loaded Command Group: ['gcloud', 'components', 'update']
2024-12-04 15:38:37,937 DEBUG    root            Running [gcloud.components.update] with arguments: [--no-compile-python: "False", --quiet: "True", COMPONENT-IDS:6: "['alpha', 'beta', 'gke-gcloud-auth-plugin', 'kubectl', 'skaffold', 'minikube']"]
2024-12-04 15:38:37,937 INFO     ___FILE_ONLY___ Beginning update. This process may take several minutes.

2024-12-04 15:38:37,959 DEBUG    urllib3.connectionpool Starting new HTTPS connection (1): dl.google.com:443
2024-12-04 15:38:38,166 DEBUG    urllib3.connectionpool https://dl.google.com:443 "GET /dl/cloudsdk/channels/rapid/components-2.json HTTP/1.1" 200 227816
2024-12-04 15:38:38,278 INFO     ___FILE_ONLY___ 

2024-12-04 15:38:38,279 INFO     ___FILE_ONLY___ 
Your current Google Cloud CLI version is: 502.0.0

2024-12-04 15:38:38,279 INFO     ___FILE_ONLY___ Installing components from version: 502.0.0

2024-12-04 15:38:38,279 INFO     ___FILE_ONLY___ 

2024-12-04 15:38:38,280 DEBUG    root            Chosen display Format:table[box,title="These components will be removed."](details.display_name:label=Name:align=left,version.version_string:label=Version:align=right,data.size.size(zero="",min=1048576):label=Size:align=right)
2024-12-04 15:38:38,280 DEBUG    root            Chosen display Format:table[box,title="These components will be updated."](details.display_name:label=Name:align=left,version.version_string:label=Version:align=right,data.size.size(zero="",min=1048576):label=Size:align=right)
2024-12-04 15:38:38,281 DEBUG    root            Chosen display Format:table[box,title="These components will be installed."](details.display_name:label=Name:align=left,version.version_string:label=Version:align=right,data.size.size(zero="",min=1048576):label=Size:align=right)
2024-12-04 15:38:38,324 INFO     ___FILE_ONLY___ ┌─────────────────────────────────────────────────────────────────────────────┐
2024-12-04 15:38:38,324 INFO     ___FILE_ONLY___ 

2024-12-04 15:38:38,324 INFO     ___FILE_ONLY___ │                     These components will be installed.                     │
2024-12-04 15:38:38,324 INFO     ___FILE_ONLY___ 

2024-12-04 15:38:38,324 INFO     ___FILE_ONLY___ ├─────────────────────────────────────────────────────┬────────────┬──────────┤
2024-12-04 15:38:38,324 INFO     ___FILE_ONLY___ 

2024-12-04 15:38:38,324 INFO     ___FILE_ONLY___ │                         Name                        │  Version   │   Size   │
2024-12-04 15:38:38,324 INFO     ___FILE_ONLY___ 

2024-12-04 15:38:38,324 INFO     ___FILE_ONLY___ ├─────────────────────────────────────────────────────┼────────────┼──────────┤
2024-12-04 15:38:38,324 INFO     ___FILE_ONLY___ 

2024-12-04 15:38:38,324 INFO     ___FILE_ONLY___ │ 
2024-12-04 15:38:38,324 INFO     ___FILE_ONLY___ Google Cloud CLI Core Libraries (Platform Specific)
2024-12-04 15:38:38,324 INFO     ___FILE_ONLY___  
2024-12-04 15:38:38,324 INFO     ___FILE_ONLY___ │ 
2024-12-04 15:38:38,324 INFO     ___FILE_ONLY___ 2024.08.30
2024-12-04 15:38:38,324 INFO     ___FILE_ONLY___  
2024-12-04 15:38:38,324 INFO     ___FILE_ONLY___ │ 
2024-12-04 15:38:38,324 INFO     ___FILE_ONLY___  < 1 MiB
2024-12-04 15:38:38,324 INFO     ___FILE_ONLY___  
2024-12-04 15:38:38,324 INFO     ___FILE_ONLY___ │
2024-12-04 15:38:38,324 INFO     ___FILE_ONLY___ 

2024-12-04 15:38:38,324 INFO     ___FILE_ONLY___ │ 
2024-12-04 15:38:38,324 INFO     ___FILE_ONLY___ Minikube (Platform Specific)                       
2024-12-04 15:38:38,324 INFO     ___FILE_ONLY___  
2024-12-04 15:38:38,324 INFO     ___FILE_ONLY___ │ 
2024-12-04 15:38:38,324 INFO     ___FILE_ONLY___     1.34.0
2024-12-04 15:38:38,324 INFO     ___FILE_ONLY___  
2024-12-04 15:38:38,324 INFO     ___FILE_ONLY___ │ 
2024-12-04 15:38:38,324 INFO     ___FILE_ONLY___ 37.2 MiB
2024-12-04 15:38:38,324 INFO     ___FILE_ONLY___  
2024-12-04 15:38:38,324 INFO     ___FILE_ONLY___ │
2024-12-04 15:38:38,324 INFO     ___FILE_ONLY___ 

2024-12-04 15:38:38,324 INFO     ___FILE_ONLY___ │ 
2024-12-04 15:38:38,324 INFO     ___FILE_ONLY___ Skaffold (Platform Specific)                       
2024-12-04 15:38:38,325 INFO     ___FILE_ONLY___  
2024-12-04 15:38:38,325 INFO     ___FILE_ONLY___ │ 
2024-12-04 15:38:38,325 INFO     ___FILE_ONLY___     2.13.1
2024-12-04 15:38:38,325 INFO     ___FILE_ONLY___  
2024-12-04 15:38:38,325 INFO     ___FILE_ONLY___ │ 
2024-12-04 15:38:38,325 INFO     ___FILE_ONLY___ 22.9 MiB
2024-12-04 15:38:38,325 INFO     ___FILE_ONLY___  
2024-12-04 15:38:38,325 INFO     ___FILE_ONLY___ │
2024-12-04 15:38:38,325 INFO     ___FILE_ONLY___ 

2024-12-04 15:38:38,325 INFO     ___FILE_ONLY___ │ 
2024-12-04 15:38:38,325 INFO     ___FILE_ONLY___ gcloud Alpha Commands                              
2024-12-04 15:38:38,325 INFO     ___FILE_ONLY___  
2024-12-04 15:38:38,325 INFO     ___FILE_ONLY___ │ 
2024-12-04 15:38:38,325 INFO     ___FILE_ONLY___ 2024.11.15
2024-12-04 15:38:38,325 INFO     ___FILE_ONLY___  
2024-12-04 15:38:38,325 INFO     ___FILE_ONLY___ │ 
2024-12-04 15:38:38,325 INFO     ___FILE_ONLY___  < 1 MiB
2024-12-04 15:38:38,325 INFO     ___FILE_ONLY___  
2024-12-04 15:38:38,325 INFO     ___FILE_ONLY___ │
2024-12-04 15:38:38,325 INFO     ___FILE_ONLY___ 

2024-12-04 15:38:38,325 INFO     ___FILE_ONLY___ │ 
2024-12-04 15:38:38,325 INFO     ___FILE_ONLY___ gcloud Beta Commands                               
2024-12-04 15:38:38,325 INFO     ___FILE_ONLY___  
2024-12-04 15:38:38,325 INFO     ___FILE_ONLY___ │ 
2024-12-04 15:38:38,325 INFO     ___FILE_ONLY___ 2024.11.15
2024-12-04 15:38:38,325 INFO     ___FILE_ONLY___  
2024-12-04 15:38:38,325 INFO     ___FILE_ONLY___ │ 
2024-12-04 15:38:38,325 INFO     ___FILE_ONLY___  < 1 MiB
2024-12-04 15:38:38,325 INFO     ___FILE_ONLY___  
2024-12-04 15:38:38,325 INFO     ___FILE_ONLY___ │
2024-12-04 15:38:38,325 INFO     ___FILE_ONLY___ 

2024-12-04 15:38:38,325 INFO     ___FILE_ONLY___ │ 
2024-12-04 15:38:38,325 INFO     ___FILE_ONLY___ gcloud cli dependencies (Platform Specific)        
2024-12-04 15:38:38,325 INFO     ___FILE_ONLY___  
2024-12-04 15:38:38,325 INFO     ___FILE_ONLY___ │ 
2024-12-04 15:38:38,325 INFO     ___FILE_ONLY___ 2021.04.16
2024-12-04 15:38:38,325 INFO     ___FILE_ONLY___  
2024-12-04 15:38:38,325 INFO     ___FILE_ONLY___ │ 
2024-12-04 15:38:38,325 INFO     ___FILE_ONLY___  < 1 MiB
2024-12-04 15:38:38,325 INFO     ___FILE_ONLY___  
2024-12-04 15:38:38,325 INFO     ___FILE_ONLY___ │
2024-12-04 15:38:38,325 INFO     ___FILE_ONLY___ 

2024-12-04 15:38:38,325 INFO     ___FILE_ONLY___ │ 
2024-12-04 15:38:38,325 INFO     ___FILE_ONLY___ gke-gcloud-auth-plugin (Platform Specific)         
2024-12-04 15:38:38,325 INFO     ___FILE_ONLY___  
2024-12-04 15:38:38,325 INFO     ___FILE_ONLY___ │ 
2024-12-04 15:38:38,325 INFO     ___FILE_ONLY___      0.5.9
2024-12-04 15:38:38,326 INFO     ___FILE_ONLY___  
2024-12-04 15:38:38,326 INFO     ___FILE_ONLY___ │ 
2024-12-04 15:38:38,326 INFO     ___FILE_ONLY___  4.0 MiB
2024-12-04 15:38:38,326 INFO     ___FILE_ONLY___  
2024-12-04 15:38:38,326 INFO     ___FILE_ONLY___ │
2024-12-04 15:38:38,326 INFO     ___FILE_ONLY___ 

2024-12-04 15:38:38,326 INFO     ___FILE_ONLY___ │ 
2024-12-04 15:38:38,326 INFO     ___FILE_ONLY___ kubectl                                            
2024-12-04 15:38:38,326 INFO     ___FILE_ONLY___  
2024-12-04 15:38:38,326 INFO     ___FILE_ONLY___ │ 
2024-12-04 15:38:38,326 INFO     ___FILE_ONLY___     1.30.5
2024-12-04 15:38:38,326 INFO     ___FILE_ONLY___  
2024-12-04 15:38:38,326 INFO     ___FILE_ONLY___ │ 
2024-12-04 15:38:38,326 INFO     ___FILE_ONLY___  < 1 MiB
2024-12-04 15:38:38,326 INFO     ___FILE_ONLY___  
2024-12-04 15:38:38,326 INFO     ___FILE_ONLY___ │
2024-12-04 15:38:38,326 INFO     ___FILE_ONLY___ 

2024-12-04 15:38:38,326 INFO     ___FILE_ONLY___ │ 
2024-12-04 15:38:38,326 INFO     ___FILE_ONLY___ kubectl (Platform Specific)                        
2024-12-04 15:38:38,326 INFO     ___FILE_ONLY___  
2024-12-04 15:38:38,326 INFO     ___FILE_ONLY___ │ 
2024-12-04 15:38:38,326 INFO     ___FILE_ONLY___     1.30.6
2024-12-04 15:38:38,326 INFO     ___FILE_ONLY___  
2024-12-04 15:38:38,326 INFO     ___FILE_ONLY___ │ 
2024-12-04 15:38:38,326 INFO     ___FILE_ONLY___ 86.1 MiB
2024-12-04 15:38:38,326 INFO     ___FILE_ONLY___  
2024-12-04 15:38:38,326 INFO     ___FILE_ONLY___ │
2024-12-04 15:38:38,326 INFO     ___FILE_ONLY___ 

2024-12-04 15:38:38,326 INFO     ___FILE_ONLY___ └─────────────────────────────────────────────────────┴────────────┴──────────┘
2024-12-04 15:38:38,326 INFO     ___FILE_ONLY___ 

2024-12-04 15:38:38,326 INFO     ___FILE_ONLY___ 

2024-12-04 15:38:38,328 DEBUG    urllib3.connectionpool Starting new HTTPS connection (1): dl.google.com:443
2024-12-04 15:38:38,514 DEBUG    urllib3.connectionpool https://dl.google.com:443 "GET /dl/cloudsdk/channels/rapid/RELEASE_NOTES HTTP/1.1" 200 1314602
2024-12-04 15:38:38,742 INFO     ___FILE_ONLY___ For the latest full release notes, please visit:
  https://cloud.google.com/sdk/release_notes


2024-12-04 15:38:38,742 INFO     ___FILE_ONLY___ Performing in place update...


2024-12-04 15:38:38,753 INFO     ___FILE_ONLY___ ╔════════════════════════════════════════════════════════════╗

2024-12-04 15:38:38,754 INFO     ___FILE_ONLY___ ╠═ Downloading: Google Cloud CLI Core Libraries (Platfor... ═╣

2024-12-04 15:38:38,754 INFO     ___FILE_ONLY___ ╚
2024-12-04 15:38:38,758 DEBUG    urllib3.connectionpool Starting new HTTPS connection (1): dl.google.com:443
2024-12-04 15:38:38,956 DEBUG    urllib3.connectionpool https://dl.google.com:443 "GET /dl/cloudsdk/channels/rapid/components/google-cloud-sdk-core-nix-20240830134514.tar.gz HTTP/1.1" 200 2306
2024-12-04 15:38:38,958 INFO     ___FILE_ONLY___ ════════════════════════════════════════════════════════════
2024-12-04 15:38:38,958 INFO     ___FILE_ONLY___ ╝

2024-12-04 15:38:38,972 INFO     ___FILE_ONLY___ ╔════════════════════════════════════════════════════════════╗

2024-12-04 15:38:38,972 INFO     ___FILE_ONLY___ ╠═ Downloading: Minikube                                    ═╣

2024-12-04 15:38:38,972 INFO     ___FILE_ONLY___ ╚
2024-12-04 15:38:38,972 INFO     ___FILE_ONLY___ ════════════════════════════════════════════════════════════
2024-12-04 15:38:38,972 INFO     ___FILE_ONLY___ ╝

2024-12-04 15:38:38,982 INFO     ___FILE_ONLY___ ╔════════════════════════════════════════════════════════════╗

2024-12-04 15:38:38,982 INFO     ___FILE_ONLY___ ╠═ Downloading: Minikube (Platform Specific)                ═╣

2024-12-04 15:38:38,982 INFO     ___FILE_ONLY___ ╚
2024-12-04 15:38:38,986 DEBUG    urllib3.connectionpool Starting new HTTPS connection (1): dl.google.com:443
2024-12-04 15:38:39,198 DEBUG    urllib3.connectionpool https://dl.google.com:443 "GET /dl/cloudsdk/channels/rapid/components/google-cloud-sdk-minikube-darwin-arm-20240927140238.tar.gz HTTP/1.1" 200 38981244
2024-12-04 15:38:41,358 INFO     ___FILE_ONLY___ ═
2024-12-04 15:38:41,360 INFO     ___FILE_ONLY___ ═
2024-12-04 15:38:41,361 INFO     ___FILE_ONLY___ ═
2024-12-04 15:38:41,362 INFO     ___FILE_ONLY___ ═
2024-12-04 15:38:41,363 INFO     ___FILE_ONLY___ ═
2024-12-04 15:38:41,364 INFO     ___FILE_ONLY___ ═
2024-12-04 15:38:41,365 INFO     ___FILE_ONLY___ ═
2024-12-04 15:38:41,366 INFO     ___FILE_ONLY___ ═
2024-12-04 15:38:41,367 INFO     ___FILE_ONLY___ ═
2024-12-04 15:38:41,367 INFO     ___FILE_ONLY___ ═
2024-12-04 15:38:41,367 INFO     ___FILE_ONLY___ ═
2024-12-04 15:38:41,368 INFO     ___FILE_ONLY___ ═
2024-12-04 15:38:41,369 INFO     ___FILE_ONLY___ ═
2024-12-04 15:38:41,369 INFO     ___FILE_ONLY___ ═
2024-12-04 15:38:41,369 INFO     ___FILE_ONLY___ ═
2024-12-04 15:38:41,370 INFO     ___FILE_ONLY___ ═
2024-12-04 15:38:41,371 INFO     ___FILE_ONLY___ ═
2024-12-04 15:38:41,371 INFO     ___FILE_ONLY___ ═
2024-12-04 15:38:41,372 INFO     ___FILE_ONLY___ ═
2024-12-04 15:38:41,372 INFO     ___FILE_ONLY___ ═
2024-12-04 15:38:41,373 INFO     ___FILE_ONLY___ ═
2024-12-04 15:38:41,373 INFO     ___FILE_ONLY___ ═
2024-12-04 15:38:41,373 INFO     ___FILE_ONLY___ ═
2024-12-04 15:38:41,374 INFO     ___FILE_ONLY___ ═
2024-12-04 15:38:41,374 INFO     ___FILE_ONLY___ ═
2024-12-04 15:38:41,380 INFO     ___FILE_ONLY___ ═
2024-12-04 15:38:41,381 INFO     ___FILE_ONLY___ ═
2024-12-04 15:38:41,381 INFO     ___FILE_ONLY___ ═
2024-12-04 15:38:41,382 INFO     ___FILE_ONLY___ ═
2024-12-04 15:38:41,382 INFO     ___FILE_ONLY___ ═
2024-12-04 15:38:41,383 INFO     ___FILE_ONLY___ ═
2024-12-04 15:38:41,383 INFO     ___FILE_ONLY___ ═
2024-12-04 15:38:41,383 INFO     ___FILE_ONLY___ ═
2024-12-04 15:38:41,384 INFO     ___FILE_ONLY___ ═
2024-12-04 15:38:41,384 INFO     ___FILE_ONLY___ ═
2024-12-04 15:38:41,385 INFO     ___FILE_ONLY___ ═
2024-12-04 15:38:41,385 INFO     ___FILE_ONLY___ ═
2024-12-04 15:38:41,386 INFO     ___FILE_ONLY___ ═
2024-12-04 15:38:41,386 INFO     ___FILE_ONLY___ ═
2024-12-04 15:38:41,387 INFO     ___FILE_ONLY___ ═
2024-12-04 15:38:41,388 INFO     ___FILE_ONLY___ ═
2024-12-04 15:38:41,388 INFO     ___FILE_ONLY___ ═
2024-12-04 15:38:41,388 INFO     ___FILE_ONLY___ ═
2024-12-04 15:38:41,389 INFO     ___FILE_ONLY___ ═
2024-12-04 15:38:41,389 INFO     ___FILE_ONLY___ ═
2024-12-04 15:38:41,390 INFO     ___FILE_ONLY___ ═
2024-12-04 15:38:41,390 INFO     ___FILE_ONLY___ ═
2024-12-04 15:38:41,390 INFO     ___FILE_ONLY___ ═
2024-12-04 15:38:41,391 INFO     ___FILE_ONLY___ ═
2024-12-04 15:38:41,391 INFO     ___FILE_ONLY___ ═
2024-12-04 15:38:41,392 INFO     ___FILE_ONLY___ ═
2024-12-04 15:38:41,394 INFO     ___FILE_ONLY___ ═
2024-12-04 15:38:41,395 INFO     ___FILE_ONLY___ ═
2024-12-04 15:38:41,395 INFO     ___FILE_ONLY___ ═
2024-12-04 15:38:41,396 INFO     ___FILE_ONLY___ ═
2024-12-04 15:38:41,396 INFO     ___FILE_ONLY___ ═
2024-12-04 15:38:41,397 INFO     ___FILE_ONLY___ ═
2024-12-04 15:38:41,397 INFO     ___FILE_ONLY___ ═
2024-12-04 15:38:41,398 INFO     ___FILE_ONLY___ ═
2024-12-04 15:38:41,399 INFO     ___FILE_ONLY___ ═
2024-12-04 15:38:41,399 INFO     ___FILE_ONLY___ ╝

2024-12-04 15:38:41,430 INFO     ___FILE_ONLY___ ╔════════════════════════════════════════════════════════════╗

2024-12-04 15:38:41,431 INFO     ___FILE_ONLY___ ╠═ Downloading: Skaffold                                    ═╣

2024-12-04 15:38:41,431 INFO     ___FILE_ONLY___ ╚
2024-12-04 15:38:41,431 INFO     ___FILE_ONLY___ ════════════════════════════════════════════════════════════
2024-12-04 15:38:41,431 INFO     ___FILE_ONLY___ ╝

2024-12-04 15:38:41,437 INFO     ___FILE_ONLY___ ╔════════════════════════════════════════════════════════════╗

2024-12-04 15:38:41,437 INFO     ___FILE_ONLY___ ╠═ Downloading: Skaffold (Platform Specific)                ═╣

2024-12-04 15:38:41,437 INFO     ___FILE_ONLY___ ╚
2024-12-04 15:38:41,440 DEBUG    urllib3.connectionpool Starting new HTTPS connection (1): dl.google.com:443
2024-12-04 15:38:41,634 DEBUG    urllib3.connectionpool https://dl.google.com:443 "GET /dl/cloudsdk/channels/rapid/components/google-cloud-sdk-skaffold-darwin-arm-20240806142304.tar.gz HTTP/1.1" 200 24031362
2024-12-04 15:38:42,959 INFO     ___FILE_ONLY___ ═
2024-12-04 15:38:42,960 INFO     ___FILE_ONLY___ ═
2024-12-04 15:38:42,961 INFO     ___FILE_ONLY___ ═
2024-12-04 15:38:42,961 INFO     ___FILE_ONLY___ ═
2024-12-04 15:38:42,962 INFO     ___FILE_ONLY___ ═
2024-12-04 15:38:42,962 INFO     ___FILE_ONLY___ ═
2024-12-04 15:38:42,963 INFO     ___FILE_ONLY___ ═
2024-12-04 15:38:42,963 INFO     ___FILE_ONLY___ ═
2024-12-04 15:38:42,963 INFO     ___FILE_ONLY___ ═
2024-12-04 15:38:42,964 INFO     ___FILE_ONLY___ ═
2024-12-04 15:38:42,964 INFO     ___FILE_ONLY___ ═
2024-12-04 15:38:42,964 INFO     ___FILE_ONLY___ ═
2024-12-04 15:38:42,965 INFO     ___FILE_ONLY___ ═
2024-12-04 15:38:42,965 INFO     ___FILE_ONLY___ ═
2024-12-04 15:38:42,965 INFO     ___FILE_ONLY___ ═
2024-12-04 15:38:42,966 INFO     ___FILE_ONLY___ ═
2024-12-04 15:38:42,966 INFO     ___FILE_ONLY___ ═
2024-12-04 15:38:42,966 INFO     ___FILE_ONLY___ ═
2024-12-04 15:38:42,967 INFO     ___FILE_ONLY___ ═
2024-12-04 15:38:42,967 INFO     ___FILE_ONLY___ ═
2024-12-04 15:38:42,967 INFO     ___FILE_ONLY___ ═
2024-12-04 15:38:42,968 INFO     ___FILE_ONLY___ ═
2024-12-04 15:38:42,968 INFO     ___FILE_ONLY___ ═
2024-12-04 15:38:42,968 INFO     ___FILE_ONLY___ ═
2024-12-04 15:38:42,968 INFO     ___FILE_ONLY___ ═
2024-12-04 15:38:42,969 INFO     ___FILE_ONLY___ ═
2024-12-04 15:38:42,969 INFO     ___FILE_ONLY___ ═
2024-12-04 15:38:42,969 INFO     ___FILE_ONLY___ ═
2024-12-04 15:38:42,970 INFO     ___FILE_ONLY___ ═
2024-12-04 15:38:42,970 INFO     ___FILE_ONLY___ ═
2024-12-04 15:38:42,970 INFO     ___FILE_ONLY___ ═
2024-12-04 15:38:42,971 INFO     ___FILE_ONLY___ ═
2024-12-04 15:38:42,971 INFO     ___FILE_ONLY___ ═
2024-12-04 15:38:42,971 INFO     ___FILE_ONLY___ ═
2024-12-04 15:38:42,971 INFO     ___FILE_ONLY___ ═
2024-12-04 15:38:42,972 INFO     ___FILE_ONLY___ ═
2024-12-04 15:38:42,972 INFO     ___FILE_ONLY___ ═
2024-12-04 15:38:42,972 INFO     ___FILE_ONLY___ ═
2024-12-04 15:38:42,973 INFO     ___FILE_ONLY___ ═
2024-12-04 15:38:42,973 INFO     ___FILE_ONLY___ ═
2024-12-04 15:38:42,973 INFO     ___FILE_ONLY___ ═
2024-12-04 15:38:42,973 INFO     ___FILE_ONLY___ ═
2024-12-04 15:38:42,974 INFO     ___FILE_ONLY___ ═
2024-12-04 15:38:42,974 INFO     ___FILE_ONLY___ ═
2024-12-04 15:38:42,974 INFO     ___FILE_ONLY___ ═
2024-12-04 15:38:42,975 INFO     ___FILE_ONLY___ ═
2024-12-04 15:38:42,975 INFO     ___FILE_ONLY___ ═
2024-12-04 15:38:42,975 INFO     ___FILE_ONLY___ ═
2024-12-04 15:38:42,975 INFO     ___FILE_ONLY___ ═
2024-12-04 15:38:42,976 INFO     ___FILE_ONLY___ ═
2024-12-04 15:38:42,976 INFO     ___FILE_ONLY___ ═
2024-12-04 15:38:42,976 INFO     ___FILE_ONLY___ ═
2024-12-04 15:38:42,977 INFO     ___FILE_ONLY___ ═
2024-12-04 15:38:42,977 INFO     ___FILE_ONLY___ ═
2024-12-04 15:38:42,977 INFO     ___FILE_ONLY___ ═
2024-12-04 15:38:42,978 INFO     ___FILE_ONLY___ ═
2024-12-04 15:38:42,978 INFO     ___FILE_ONLY___ ═
2024-12-04 15:38:42,978 INFO     ___FILE_ONLY___ ═
2024-12-04 15:38:42,979 INFO     ___FILE_ONLY___ ═
2024-12-04 15:38:42,979 INFO     ___FILE_ONLY___ ═
2024-12-04 15:38:42,979 INFO     ___FILE_ONLY___ ╝

2024-12-04 15:38:42,988 INFO     ___FILE_ONLY___ ╔════════════════════════════════════════════════════════════╗

2024-12-04 15:38:42,988 INFO     ___FILE_ONLY___ ╠═ Downloading: gcloud Alpha Commands                       ═╣

2024-12-04 15:38:42,988 INFO     ___FILE_ONLY___ ╚
2024-12-04 15:38:42,990 DEBUG    urllib3.connectionpool Starting new HTTPS connection (1): dl.google.com:443
2024-12-04 15:38:43,184 DEBUG    urllib3.connectionpool https://dl.google.com:443 "GET /dl/cloudsdk/channels/rapid/components/google-cloud-sdk-alpha-20241115154308.tar.gz HTTP/1.1" 200 800
2024-12-04 15:38:43,185 INFO     ___FILE_ONLY___ ════════════════════════════════════════════════════════════
2024-12-04 15:38:43,185 INFO     ___FILE_ONLY___ ╝

2024-12-04 15:38:43,196 INFO     ___FILE_ONLY___ ╔════════════════════════════════════════════════════════════╗

2024-12-04 15:38:43,197 INFO     ___FILE_ONLY___ ╠═ Downloading: gcloud Beta Commands                        ═╣

2024-12-04 15:38:43,197 INFO     ___FILE_ONLY___ ╚
2024-12-04 15:38:43,202 DEBUG    urllib3.connectionpool Starting new HTTPS connection (1): dl.google.com:443
2024-12-04 15:38:43,391 DEBUG    urllib3.connectionpool https://dl.google.com:443 "GET /dl/cloudsdk/channels/rapid/components/google-cloud-sdk-beta-20241115154308.tar.gz HTTP/1.1" 200 797
2024-12-04 15:38:43,392 INFO     ___FILE_ONLY___ ════════════════════════════════════════════════════════════
2024-12-04 15:38:43,394 INFO     ___FILE_ONLY___ ╝

2024-12-04 15:38:43,408 INFO     ___FILE_ONLY___ ╔════════════════════════════════════════════════════════════╗

2024-12-04 15:38:43,408 INFO     ___FILE_ONLY___ ╠═ Downloading: gcloud cli dependencies (Platform Specific) ═╣

2024-12-04 15:38:43,408 INFO     ___FILE_ONLY___ ╚
2024-12-04 15:38:43,412 DEBUG    urllib3.connectionpool Starting new HTTPS connection (1): dl.google.com:443
2024-12-04 15:38:43,609 DEBUG    urllib3.connectionpool https://dl.google.com:443 "GET /dl/cloudsdk/channels/rapid/components/google-cloud-sdk-gcloud-deps-darwin-x86_64-20210416153011.tar.gz HTTP/1.1" 200 105
2024-12-04 15:38:43,612 INFO     ___FILE_ONLY___ ════════════════════════════════════════════════════════════
2024-12-04 15:38:43,612 INFO     ___FILE_ONLY___ ╝

2024-12-04 15:38:43,630 INFO     ___FILE_ONLY___ ╔════════════════════════════════════════════════════════════╗

2024-12-04 15:38:43,630 INFO     ___FILE_ONLY___ ╠═ Downloading: gke-gcloud-auth-plugin                      ═╣

2024-12-04 15:38:43,630 INFO     ___FILE_ONLY___ ╚
2024-12-04 15:38:43,630 INFO     ___FILE_ONLY___ ════════════════════════════════════════════════════════════
2024-12-04 15:38:43,630 INFO     ___FILE_ONLY___ ╝

2024-12-04 15:38:43,641 INFO     ___FILE_ONLY___ ╔════════════════════════════════════════════════════════════╗

2024-12-04 15:38:43,642 INFO     ___FILE_ONLY___ ╠═ Downloading: gke-gcloud-auth-plugin (Platform Specific)  ═╣

2024-12-04 15:38:43,642 INFO     ___FILE_ONLY___ ╚
2024-12-04 15:38:43,646 DEBUG    urllib3.connectionpool Starting new HTTPS connection (1): dl.google.com:443
2024-12-04 15:38:43,855 DEBUG    urllib3.connectionpool https://dl.google.com:443 "GET /dl/cloudsdk/channels/rapid/components/google-cloud-sdk-gke-gcloud-auth-plugin-darwin-arm-20240628141907.tar.gz HTTP/1.1" 200 4148014
2024-12-04 15:38:44,156 INFO     ___FILE_ONLY___ ═
2024-12-04 15:38:44,157 INFO     ___FILE_ONLY___ ═
2024-12-04 15:38:44,157 INFO     ___FILE_ONLY___ ═
2024-12-04 15:38:44,157 INFO     ___FILE_ONLY___ ═
2024-12-04 15:38:44,157 INFO     ___FILE_ONLY___ ═
2024-12-04 15:38:44,158 INFO     ___FILE_ONLY___ ═
2024-12-04 15:38:44,158 INFO     ___FILE_ONLY___ ═
2024-12-04 15:38:44,158 INFO     ___FILE_ONLY___ ═
2024-12-04 15:38:44,158 INFO     ___FILE_ONLY___ ═
2024-12-04 15:38:44,158 INFO     ___FILE_ONLY___ ═
2024-12-04 15:38:44,159 INFO     ___FILE_ONLY___ ═
2024-12-04 15:38:44,159 INFO     ___FILE_ONLY___ ═
2024-12-04 15:38:44,159 INFO     ___FILE_ONLY___ ═
2024-12-04 15:38:44,159 INFO     ___FILE_ONLY___ ═
2024-12-04 15:38:44,159 INFO     ___FILE_ONLY___ ═
2024-12-04 15:38:44,159 INFO     ___FILE_ONLY___ ═
2024-12-04 15:38:44,160 INFO     ___FILE_ONLY___ ═
2024-12-04 15:38:44,160 INFO     ___FILE_ONLY___ ═
2024-12-04 15:38:44,160 INFO     ___FILE_ONLY___ ═
2024-12-04 15:38:44,160 INFO     ___FILE_ONLY___ ═
2024-12-04 15:38:44,160 INFO     ___FILE_ONLY___ ═
2024-12-04 15:38:44,160 INFO     ___FILE_ONLY___ ═
2024-12-04 15:38:44,160 INFO     ___FILE_ONLY___ ═
2024-12-04 15:38:44,161 INFO     ___FILE_ONLY___ ═
2024-12-04 15:38:44,161 INFO     ___FILE_ONLY___ ═
2024-12-04 15:38:44,161 INFO     ___FILE_ONLY___ ═
2024-12-04 15:38:44,161 INFO     ___FILE_ONLY___ ═
2024-12-04 15:38:44,161 INFO     ___FILE_ONLY___ ═
2024-12-04 15:38:44,161 INFO     ___FILE_ONLY___ ═
2024-12-04 15:38:44,162 INFO     ___FILE_ONLY___ ═
2024-12-04 15:38:44,162 INFO     ___FILE_ONLY___ ═
2024-12-04 15:38:44,162 INFO     ___FILE_ONLY___ ═
2024-12-04 15:38:44,162 INFO     ___FILE_ONLY___ ═
2024-12-04 15:38:44,162 INFO     ___FILE_ONLY___ ═
2024-12-04 15:38:44,163 INFO     ___FILE_ONLY___ ═
2024-12-04 15:38:44,163 INFO     ___FILE_ONLY___ ═
2024-12-04 15:38:44,163 INFO     ___FILE_ONLY___ ═
2024-12-04 15:38:44,163 INFO     ___FILE_ONLY___ ═
2024-12-04 15:38:44,163 INFO     ___FILE_ONLY___ ═
2024-12-04 15:38:44,163 INFO     ___FILE_ONLY___ ═
2024-12-04 15:38:44,164 INFO     ___FILE_ONLY___ ═
2024-12-04 15:38:44,164 INFO     ___FILE_ONLY___ ═
2024-12-04 15:38:44,164 INFO     ___FILE_ONLY___ ═
2024-12-04 15:38:44,164 INFO     ___FILE_ONLY___ ═
2024-12-04 15:38:44,164 INFO     ___FILE_ONLY___ ═
2024-12-04 15:38:44,164 INFO     ___FILE_ONLY___ ═
2024-12-04 15:38:44,165 INFO     ___FILE_ONLY___ ═
2024-12-04 15:38:44,165 INFO     ___FILE_ONLY___ ═
2024-12-04 15:38:44,165 INFO     ___FILE_ONLY___ ═
2024-12-04 15:38:44,165 INFO     ___FILE_ONLY___ ═
2024-12-04 15:38:44,165 INFO     ___FILE_ONLY___ ═
2024-12-04 15:38:44,165 INFO     ___FILE_ONLY___ ═
2024-12-04 15:38:44,165 INFO     ___FILE_ONLY___ ═
2024-12-04 15:38:44,165 INFO     ___FILE_ONLY___ ═
2024-12-04 15:38:44,166 INFO     ___FILE_ONLY___ ═
2024-12-04 15:38:44,166 INFO     ___FILE_ONLY___ ═
2024-12-04 15:38:44,166 INFO     ___FILE_ONLY___ ═
2024-12-04 15:38:44,166 INFO     ___FILE_ONLY___ ═
2024-12-04 15:38:44,166 INFO     ___FILE_ONLY___ ═
2024-12-04 15:38:44,166 INFO     ___FILE_ONLY___ ═
2024-12-04 15:38:44,166 INFO     ___FILE_ONLY___ ╝

2024-12-04 15:38:44,177 INFO     ___FILE_ONLY___ ╔════════════════════════════════════════════════════════════╗

2024-12-04 15:38:44,177 INFO     ___FILE_ONLY___ ╠═ Downloading: kubectl                                     ═╣

2024-12-04 15:38:44,177 INFO     ___FILE_ONLY___ ╚
2024-12-04 15:38:44,181 DEBUG    urllib3.connectionpool Starting new HTTPS connection (1): dl.google.com:443
2024-12-04 15:38:44,374 DEBUG    urllib3.connectionpool https://dl.google.com:443 "GET /dl/cloudsdk/channels/rapid/components/google-cloud-sdk-kubectl-20241004144944.tar.gz HTTP/1.1" 200 36206
2024-12-04 15:38:44,422 INFO     ___FILE_ONLY___ ═══════════════════════════
2024-12-04 15:38:44,423 INFO     ___FILE_ONLY___ ═══════════════════════════
2024-12-04 15:38:44,423 INFO     ___FILE_ONLY___ ══════
2024-12-04 15:38:44,423 INFO     ___FILE_ONLY___ ╝

2024-12-04 15:38:44,440 INFO     ___FILE_ONLY___ ╔════════════════════════════════════════════════════════════╗

2024-12-04 15:38:44,440 INFO     ___FILE_ONLY___ ╠═ Downloading: kubectl (Platform Specific)                 ═╣

2024-12-04 15:38:44,440 INFO     ___FILE_ONLY___ ╚
2024-12-04 15:38:44,445 DEBUG    urllib3.connectionpool Starting new HTTPS connection (1): dl.google.com:443
2024-12-04 15:38:44,689 DEBUG    urllib3.connectionpool https://dl.google.com:443 "GET /dl/cloudsdk/channels/rapid/components/google-cloud-sdk-kubectl-darwin-arm-20241108162203.tar.gz HTTP/1.1" 200 90277960
2024-12-04 15:38:49,622 INFO     ___FILE_ONLY___ ═
2024-12-04 15:38:49,627 INFO     ___FILE_ONLY___ ═
2024-12-04 15:38:49,631 INFO     ___FILE_ONLY___ ═
2024-12-04 15:38:49,634 INFO     ___FILE_ONLY___ ═
2024-12-04 15:38:49,635 INFO     ___FILE_ONLY___ ═
2024-12-04 15:38:49,636 INFO     ___FILE_ONLY___ ═
2024-12-04 15:38:49,637 INFO     ___FILE_ONLY___ ═
2024-12-04 15:38:49,638 INFO     ___FILE_ONLY___ ═
2024-12-04 15:38:49,639 INFO     ___FILE_ONLY___ ═
2024-12-04 15:38:49,640 INFO     ___FILE_ONLY___ ═
2024-12-04 15:38:49,641 INFO     ___FILE_ONLY___ ═
2024-12-04 15:38:49,644 INFO     ___FILE_ONLY___ ═
2024-12-04 15:38:49,646 INFO     ___FILE_ONLY___ ═
2024-12-04 15:38:49,647 INFO     ___FILE_ONLY___ ═
2024-12-04 15:38:49,651 INFO     ___FILE_ONLY___ ═
2024-12-04 15:38:49,654 INFO     ___FILE_ONLY___ ═
2024-12-04 15:38:49,660 INFO     ___FILE_ONLY___ ═
2024-12-04 15:38:49,663 INFO     ___FILE_ONLY___ ═
2024-12-04 15:38:49,664 INFO     ___FILE_ONLY___ ═
2024-12-04 15:38:49,665 INFO     ___FILE_ONLY___ ═
2024-12-04 15:38:49,666 INFO     ___FILE_ONLY___ ═
2024-12-04 15:38:49,668 INFO     ___FILE_ONLY___ ═
2024-12-04 15:38:49,672 INFO     ___FILE_ONLY___ ═
2024-12-04 15:38:49,673 INFO     ___FILE_ONLY___ ═
2024-12-04 15:38:49,674 INFO     ___FILE_ONLY___ ═
2024-12-04 15:38:49,675 INFO     ___FILE_ONLY___ ═
2024-12-04 15:38:49,676 INFO     ___FILE_ONLY___ ═
2024-12-04 15:38:49,677 INFO     ___FILE_ONLY___ ═
2024-12-04 15:38:49,679 INFO     ___FILE_ONLY___ ═
2024-12-04 15:38:49,680 INFO     ___FILE_ONLY___ ═
2024-12-04 15:38:49,681 INFO     ___FILE_ONLY___ ═
2024-12-04 15:38:49,682 INFO     ___FILE_ONLY___ ═
2024-12-04 15:38:49,683 INFO     ___FILE_ONLY___ ═
2024-12-04 15:38:49,685 INFO     ___FILE_ONLY___ ═
2024-12-04 15:38:49,686 INFO     ___FILE_ONLY___ ═
2024-12-04 15:38:49,687 INFO     ___FILE_ONLY___ ═
2024-12-04 15:38:49,688 INFO     ___FILE_ONLY___ ═
2024-12-04 15:38:49,689 INFO     ___FILE_ONLY___ ═
2024-12-04 15:38:49,690 INFO     ___FILE_ONLY___ ═
2024-12-04 15:38:49,691 INFO     ___FILE_ONLY___ ═
2024-12-04 15:38:49,692 INFO     ___FILE_ONLY___ ═
2024-12-04 15:38:49,693 INFO     ___FILE_ONLY___ ═
2024-12-04 15:38:49,694 INFO     ___FILE_ONLY___ ═
2024-12-04 15:38:49,696 INFO     ___FILE_ONLY___ ═
2024-12-04 15:38:49,700 INFO     ___FILE_ONLY___ ═
2024-12-04 15:38:49,701 INFO     ___FILE_ONLY___ ═
2024-12-04 15:38:49,702 INFO     ___FILE_ONLY___ ═
2024-12-04 15:38:49,703 INFO     ___FILE_ONLY___ ═
2024-12-04 15:38:49,704 INFO     ___FILE_ONLY___ ═
2024-12-04 15:38:49,705 INFO     ___FILE_ONLY___ ═
2024-12-04 15:38:49,706 INFO     ___FILE_ONLY___ ═
2024-12-04 15:38:49,707 INFO     ___FILE_ONLY___ ═
2024-12-04 15:38:49,708 INFO     ___FILE_ONLY___ ═
2024-12-04 15:38:49,709 INFO     ___FILE_ONLY___ ═
2024-12-04 15:38:49,710 INFO     ___FILE_ONLY___ ═
2024-12-04 15:38:49,712 INFO     ___FILE_ONLY___ ═
2024-12-04 15:38:49,713 INFO     ___FILE_ONLY___ ═
2024-12-04 15:38:49,714 INFO     ___FILE_ONLY___ ═
2024-12-04 15:38:49,715 INFO     ___FILE_ONLY___ ═
2024-12-04 15:38:49,717 INFO     ___FILE_ONLY___ ═
2024-12-04 15:38:49,717 INFO     ___FILE_ONLY___ ╝

2024-12-04 15:38:49,746 INFO     ___FILE_ONLY___ ╔════════════════════════════════════════════════════════════╗

2024-12-04 15:38:49,746 INFO     ___FILE_ONLY___ ╠═ Installing: Google Cloud CLI Core Libraries (Platform... ═╣

2024-12-04 15:38:49,746 INFO     ___FILE_ONLY___ ╚
2024-12-04 15:38:49,751 INFO     ___FILE_ONLY___ ══════════════════════════════
2024-12-04 15:38:49,751 INFO     ___FILE_ONLY___ ══════════════════════════════
2024-12-04 15:38:49,751 INFO     ___FILE_ONLY___ ╝

2024-12-04 15:38:49,764 INFO     ___FILE_ONLY___ ╔════════════════════════════════════════════════════════════╗

2024-12-04 15:38:49,764 INFO     ___FILE_ONLY___ ╠═ Installing: Minikube                                     ═╣

2024-12-04 15:38:49,764 INFO     ___FILE_ONLY___ ╚
2024-12-04 15:38:49,774 INFO     ___FILE_ONLY___ ════════════════════════════════════════════════════════════
2024-12-04 15:38:49,774 INFO     ___FILE_ONLY___ ╝

2024-12-04 15:38:49,784 INFO     ___FILE_ONLY___ ╔════════════════════════════════════════════════════════════╗

2024-12-04 15:38:49,785 INFO     ___FILE_ONLY___ ╠═ Installing: Minikube (Platform Specific)                 ═╣

2024-12-04 15:38:49,785 INFO     ___FILE_ONLY___ ╚
2024-12-04 15:38:50,282 INFO     ___FILE_ONLY___ ════════════════════════════════════════════════════════════
2024-12-04 15:38:50,283 INFO     ___FILE_ONLY___ ╝

2024-12-04 15:38:50,317 INFO     ___FILE_ONLY___ ╔════════════════════════════════════════════════════════════╗

2024-12-04 15:38:50,317 INFO     ___FILE_ONLY___ ╠═ Installing: Skaffold                                     ═╣

2024-12-04 15:38:50,317 INFO     ___FILE_ONLY___ ╚
2024-12-04 15:38:50,319 INFO     ___FILE_ONLY___ ════════════════════════════════════════════════════════════
2024-12-04 15:38:50,320 INFO     ___FILE_ONLY___ ╝

2024-12-04 15:38:50,328 INFO     ___FILE_ONLY___ ╔════════════════════════════════════════════════════════════╗

2024-12-04 15:38:50,328 INFO     ___FILE_ONLY___ ╠═ Installing: Skaffold (Platform Specific)                 ═╣

2024-12-04 15:38:50,328 INFO     ___FILE_ONLY___ ╚
2024-12-04 15:38:50,671 INFO     ___FILE_ONLY___ ════════════════════════════════════════════════════════════
2024-12-04 15:38:50,671 INFO     ___FILE_ONLY___ ╝

2024-12-04 15:38:50,679 INFO     ___FILE_ONLY___ ╔════════════════════════════════════════════════════════════╗

2024-12-04 15:38:50,679 INFO     ___FILE_ONLY___ ╠═ Installing: gcloud Alpha Commands                        ═╣

2024-12-04 15:38:50,679 INFO     ___FILE_ONLY___ ╚
2024-12-04 15:38:50,680 INFO     ___FILE_ONLY___ ════════════════════════════════════════════════════════════
2024-12-04 15:38:50,680 INFO     ___FILE_ONLY___ ╝

2024-12-04 15:38:50,687 INFO     ___FILE_ONLY___ ╔════════════════════════════════════════════════════════════╗

2024-12-04 15:38:50,687 INFO     ___FILE_ONLY___ ╠═ Installing: gcloud Beta Commands                         ═╣

2024-12-04 15:38:50,687 INFO     ___FILE_ONLY___ ╚
2024-12-04 15:38:50,688 INFO     ___FILE_ONLY___ ════════════════════════════════════════════════════════════
2024-12-04 15:38:50,688 INFO     ___FILE_ONLY___ ╝

2024-12-04 15:38:50,694 INFO     ___FILE_ONLY___ ╔════════════════════════════════════════════════════════════╗

2024-12-04 15:38:50,694 INFO     ___FILE_ONLY___ ╠═ Installing: gcloud cli dependencies (Platform Specific)  ═╣

2024-12-04 15:38:50,694 INFO     ___FILE_ONLY___ ╚
2024-12-04 15:38:50,694 INFO     ___FILE_ONLY___ ════════════════════════════════════════════════════════════
2024-12-04 15:38:50,694 INFO     ___FILE_ONLY___ ╝

2024-12-04 15:38:50,700 INFO     ___FILE_ONLY___ ╔════════════════════════════════════════════════════════════╗

2024-12-04 15:38:50,700 INFO     ___FILE_ONLY___ ╠═ Installing: gke-gcloud-auth-plugin                       ═╣

2024-12-04 15:38:50,700 INFO     ___FILE_ONLY___ ╚
2024-12-04 15:38:50,701 INFO     ___FILE_ONLY___ ════════════════════════════════════════════════════════════
2024-12-04 15:38:50,701 INFO     ___FILE_ONLY___ ╝

2024-12-04 15:38:50,706 INFO     ___FILE_ONLY___ ╔════════════════════════════════════════════════════════════╗

2024-12-04 15:38:50,706 INFO     ___FILE_ONLY___ ╠═ Installing: gke-gcloud-auth-plugin (Platform Specific)   ═╣

2024-12-04 15:38:50,706 INFO     ___FILE_ONLY___ ╚
2024-12-04 15:38:50,760 INFO     ___FILE_ONLY___ ════════════════════════════════════════════════════════════
2024-12-04 15:38:50,761 INFO     ___FILE_ONLY___ ╝

2024-12-04 15:38:50,768 INFO     ___FILE_ONLY___ ╔════════════════════════════════════════════════════════════╗

2024-12-04 15:38:50,769 INFO     ___FILE_ONLY___ ╠═ Installing: kubectl                                      ═╣

2024-12-04 15:38:50,769 INFO     ___FILE_ONLY___ ╚
2024-12-04 15:38:50,772 INFO     ___FILE_ONLY___ ════════════════════════════════════════════════════════════
2024-12-04 15:38:50,772 INFO     ___FILE_ONLY___ ╝

2024-12-04 15:38:50,778 INFO     ___FILE_ONLY___ ╔════════════════════════════════════════════════════════════╗

2024-12-04 15:38:50,779 INFO     ___FILE_ONLY___ ╠═ Installing: kubectl (Platform Specific)                  ═╣

2024-12-04 15:38:50,779 INFO     ___FILE_ONLY___ ╚
2024-12-04 15:38:51,370 INFO     ___FILE_ONLY___ ══════════
2024-12-04 15:38:51,487 INFO     ___FILE_ONLY___ ══════════
2024-12-04 15:38:51,605 INFO     ___FILE_ONLY___ ══════════
2024-12-04 15:38:51,721 INFO     ___FILE_ONLY___ ══════════
2024-12-04 15:38:51,844 INFO     ___FILE_ONLY___ ══════════
2024-12-04 15:38:51,980 INFO     ___FILE_ONLY___ ══════════
2024-12-04 15:38:51,980 INFO     ___FILE_ONLY___ ╝

2024-12-04 15:38:51,992 DEBUG    root            Updating notification cache...
2024-12-04 15:38:51,995 INFO     ___FILE_ONLY___ 

2024-12-04 15:38:52,001 INFO     ___FILE_ONLY___ Performing post processing steps...
2024-12-04 15:38:52,002 DEBUG    root            Executing command: ['/Users/demetris.mina/Library/Application Support/cloud-code/installer/google-cloud-sdk/bin/gcloud', 'components', 'post-process', '--no-compile-python']
2024-12-04 15:38:52,781 DEBUG    ___FILE_ONLY___ 
2024-12-04 15:38:52,781 DEBUG    ___FILE_ONLY___ 
2024-12-04 15:38:53,025 INFO     ___FILE_ONLY___ 
Update done!


2024-12-04 15:38:53,027 WARNING  root              There are other instances of Google Cloud tools on your system PATH.
  Please remove the following to avoid confusion or accidental invocation:

  /opt/homebrew/share/google-cloud-sdk/bin/docker-credential-gcloud
/opt/homebrew/share/google-cloud-sdk/bin/gcloud

  
2024-12-04 15:38:53,029 DEBUG    root            Chosen display Format:none
2024-12-04 15:38:53,029 INFO     root            Display format: "none"
2024-12-04 15:38:53,032 DEBUG    root            Executing command: ['curl', '--silent', '-O', 'https://dl.google.com/dl/cloudsdk/channels/rapid/python-3.11.6-macos11.tar.gz']
2024-12-04 15:38:55,549 DEBUG    root            Executing command: ['tar', '-xf', 'python-3.11.6-macos11.tar.gz']
2024-12-04 15:38:55,638 DEBUG    root            Executing command: ['sudo', 'installer', '-target', '/', '-pkg', './python-3.11.6-macos11.pkg']
