2024-12-04 15:39:59,851 DEBUG    root            Metrics collector initialized...
2024-12-04 15:39:59,852 DEBUG    root            Loaded Command Group: ['gcloud', 'components']
2024-12-04 15:39:59,855 DEBUG    root            Loaded Command Group: ['gcloud', 'components', 'update']
2024-12-04 15:39:59,856 DEBUG    root            Running [gcloud.components.update] with arguments: [--no-compile-python: "False", --quiet: "True", COMPONENT-IDS:6: "['alpha', 'beta', 'gke-gcloud-auth-plugin', 'kubectl', 'skaffold', 'minikube']"]
2024-12-04 15:39:59,856 INFO     ___FILE_ONLY___ Beginning update. This process may take several minutes.

2024-12-04 15:39:59,874 DEBUG    urllib3.connectionpool Starting new HTTPS connection (1): dl.google.com:443
2024-12-04 15:40:00,076 DEBUG    urllib3.connectionpool https://dl.google.com:443 "GET /dl/cloudsdk/channels/rapid/components-2.json HTTP/1.1" 200 227816
2024-12-04 15:40:00,187 INFO     ___FILE_ONLY___ 

2024-12-04 15:40:00,188 INFO     ___FILE_ONLY___ 
Your current Google Cloud CLI version is: 502.0.0

2024-12-04 15:40:00,188 INFO     ___FILE_ONLY___ Installing components from version: 502.0.0

2024-12-04 15:40:00,189 INFO     ___FILE_ONLY___ 

2024-12-04 15:40:00,189 DEBUG    root            Chosen display Format:table[box,title="These components will be removed."](details.display_name:label=Name:align=left,version.version_string:label=Version:align=right,data.size.size(zero="",min=1048576):label=Size:align=right)
2024-12-04 15:40:00,189 DEBUG    root            Chosen display Format:table[box,title="These components will be updated."](details.display_name:label=Name:align=left,version.version_string:label=Version:align=right,data.size.size(zero="",min=1048576):label=Size:align=right)
2024-12-04 15:40:00,190 DEBUG    root            Chosen display Format:table[box,title="These components will be installed."](details.display_name:label=Name:align=left,version.version_string:label=Version:align=right,data.size.size(zero="",min=1048576):label=Size:align=right)
2024-12-04 15:40:00,226 INFO     ___FILE_ONLY___ ┌─────────────────────────────────────────────────────────────────────────────┐
2024-12-04 15:40:00,226 INFO     ___FILE_ONLY___ 

2024-12-04 15:40:00,226 INFO     ___FILE_ONLY___ │                     These components will be installed.                     │
2024-12-04 15:40:00,226 INFO     ___FILE_ONLY___ 

2024-12-04 15:40:00,226 INFO     ___FILE_ONLY___ ├─────────────────────────────────────────────────────┬────────────┬──────────┤
2024-12-04 15:40:00,226 INFO     ___FILE_ONLY___ 

2024-12-04 15:40:00,226 INFO     ___FILE_ONLY___ │                         Name                        │  Version   │   Size   │
2024-12-04 15:40:00,226 INFO     ___FILE_ONLY___ 

2024-12-04 15:40:00,226 INFO     ___FILE_ONLY___ ├─────────────────────────────────────────────────────┼────────────┼──────────┤
2024-12-04 15:40:00,227 INFO     ___FILE_ONLY___ 

2024-12-04 15:40:00,227 INFO     ___FILE_ONLY___ │ 
2024-12-04 15:40:00,227 INFO     ___FILE_ONLY___ Google Cloud CLI Core Libraries (Platform Specific)
2024-12-04 15:40:00,227 INFO     ___FILE_ONLY___  
2024-12-04 15:40:00,227 INFO     ___FILE_ONLY___ │ 
2024-12-04 15:40:00,227 INFO     ___FILE_ONLY___ 2024.08.30
2024-12-04 15:40:00,227 INFO     ___FILE_ONLY___  
2024-12-04 15:40:00,227 INFO     ___FILE_ONLY___ │ 
2024-12-04 15:40:00,227 INFO     ___FILE_ONLY___  < 1 MiB
2024-12-04 15:40:00,227 INFO     ___FILE_ONLY___  
2024-12-04 15:40:00,227 INFO     ___FILE_ONLY___ │
2024-12-04 15:40:00,227 INFO     ___FILE_ONLY___ 

2024-12-04 15:40:00,227 INFO     ___FILE_ONLY___ │ 
2024-12-04 15:40:00,227 INFO     ___FILE_ONLY___ Minikube (Platform Specific)                       
2024-12-04 15:40:00,227 INFO     ___FILE_ONLY___  
2024-12-04 15:40:00,227 INFO     ___FILE_ONLY___ │ 
2024-12-04 15:40:00,227 INFO     ___FILE_ONLY___     1.34.0
2024-12-04 15:40:00,227 INFO     ___FILE_ONLY___  
2024-12-04 15:40:00,227 INFO     ___FILE_ONLY___ │ 
2024-12-04 15:40:00,227 INFO     ___FILE_ONLY___ 37.2 MiB
2024-12-04 15:40:00,227 INFO     ___FILE_ONLY___  
2024-12-04 15:40:00,227 INFO     ___FILE_ONLY___ │
2024-12-04 15:40:00,227 INFO     ___FILE_ONLY___ 

2024-12-04 15:40:00,227 INFO     ___FILE_ONLY___ │ 
2024-12-04 15:40:00,227 INFO     ___FILE_ONLY___ Skaffold (Platform Specific)                       
2024-12-04 15:40:00,227 INFO     ___FILE_ONLY___  
2024-12-04 15:40:00,227 INFO     ___FILE_ONLY___ │ 
2024-12-04 15:40:00,227 INFO     ___FILE_ONLY___     2.13.1
2024-12-04 15:40:00,227 INFO     ___FILE_ONLY___  
2024-12-04 15:40:00,227 INFO     ___FILE_ONLY___ │ 
2024-12-04 15:40:00,227 INFO     ___FILE_ONLY___ 22.9 MiB
2024-12-04 15:40:00,227 INFO     ___FILE_ONLY___  
2024-12-04 15:40:00,227 INFO     ___FILE_ONLY___ │
2024-12-04 15:40:00,227 INFO     ___FILE_ONLY___ 

2024-12-04 15:40:00,227 INFO     ___FILE_ONLY___ │ 
2024-12-04 15:40:00,227 INFO     ___FILE_ONLY___ gcloud Alpha Commands                              
2024-12-04 15:40:00,227 INFO     ___FILE_ONLY___  
2024-12-04 15:40:00,227 INFO     ___FILE_ONLY___ │ 
2024-12-04 15:40:00,227 INFO     ___FILE_ONLY___ 2024.11.15
2024-12-04 15:40:00,227 INFO     ___FILE_ONLY___  
2024-12-04 15:40:00,227 INFO     ___FILE_ONLY___ │ 
2024-12-04 15:40:00,227 INFO     ___FILE_ONLY___  < 1 MiB
2024-12-04 15:40:00,227 INFO     ___FILE_ONLY___  
2024-12-04 15:40:00,227 INFO     ___FILE_ONLY___ │
2024-12-04 15:40:00,228 INFO     ___FILE_ONLY___ 

2024-12-04 15:40:00,228 INFO     ___FILE_ONLY___ │ 
2024-12-04 15:40:00,228 INFO     ___FILE_ONLY___ gcloud Beta Commands                               
2024-12-04 15:40:00,228 INFO     ___FILE_ONLY___  
2024-12-04 15:40:00,228 INFO     ___FILE_ONLY___ │ 
2024-12-04 15:40:00,228 INFO     ___FILE_ONLY___ 2024.11.15
2024-12-04 15:40:00,228 INFO     ___FILE_ONLY___  
2024-12-04 15:40:00,228 INFO     ___FILE_ONLY___ │ 
2024-12-04 15:40:00,228 INFO     ___FILE_ONLY___  < 1 MiB
2024-12-04 15:40:00,228 INFO     ___FILE_ONLY___  
2024-12-04 15:40:00,228 INFO     ___FILE_ONLY___ │
2024-12-04 15:40:00,228 INFO     ___FILE_ONLY___ 

2024-12-04 15:40:00,228 INFO     ___FILE_ONLY___ │ 
2024-12-04 15:40:00,228 INFO     ___FILE_ONLY___ gcloud cli dependencies (Platform Specific)        
2024-12-04 15:40:00,228 INFO     ___FILE_ONLY___  
2024-12-04 15:40:00,228 INFO     ___FILE_ONLY___ │ 
2024-12-04 15:40:00,228 INFO     ___FILE_ONLY___ 2021.04.16
2024-12-04 15:40:00,228 INFO     ___FILE_ONLY___  
2024-12-04 15:40:00,228 INFO     ___FILE_ONLY___ │ 
2024-12-04 15:40:00,228 INFO     ___FILE_ONLY___  < 1 MiB
2024-12-04 15:40:00,228 INFO     ___FILE_ONLY___  
2024-12-04 15:40:00,228 INFO     ___FILE_ONLY___ │
2024-12-04 15:40:00,228 INFO     ___FILE_ONLY___ 

2024-12-04 15:40:00,228 INFO     ___FILE_ONLY___ │ 
2024-12-04 15:40:00,228 INFO     ___FILE_ONLY___ gke-gcloud-auth-plugin (Platform Specific)         
2024-12-04 15:40:00,228 INFO     ___FILE_ONLY___  
2024-12-04 15:40:00,228 INFO     ___FILE_ONLY___ │ 
2024-12-04 15:40:00,228 INFO     ___FILE_ONLY___      0.5.9
2024-12-04 15:40:00,228 INFO     ___FILE_ONLY___  
2024-12-04 15:40:00,228 INFO     ___FILE_ONLY___ │ 
2024-12-04 15:40:00,228 INFO     ___FILE_ONLY___  4.0 MiB
2024-12-04 15:40:00,228 INFO     ___FILE_ONLY___  
2024-12-04 15:40:00,228 INFO     ___FILE_ONLY___ │
2024-12-04 15:40:00,228 INFO     ___FILE_ONLY___ 

2024-12-04 15:40:00,228 INFO     ___FILE_ONLY___ │ 
2024-12-04 15:40:00,228 INFO     ___FILE_ONLY___ kubectl                                            
2024-12-04 15:40:00,228 INFO     ___FILE_ONLY___  
2024-12-04 15:40:00,228 INFO     ___FILE_ONLY___ │ 
2024-12-04 15:40:00,228 INFO     ___FILE_ONLY___     1.30.5
2024-12-04 15:40:00,228 INFO     ___FILE_ONLY___  
2024-12-04 15:40:00,228 INFO     ___FILE_ONLY___ │ 
2024-12-04 15:40:00,228 INFO     ___FILE_ONLY___  < 1 MiB
2024-12-04 15:40:00,228 INFO     ___FILE_ONLY___  
2024-12-04 15:40:00,228 INFO     ___FILE_ONLY___ │
2024-12-04 15:40:00,228 INFO     ___FILE_ONLY___ 

2024-12-04 15:40:00,229 INFO     ___FILE_ONLY___ │ 
2024-12-04 15:40:00,229 INFO     ___FILE_ONLY___ kubectl (Platform Specific)                        
2024-12-04 15:40:00,229 INFO     ___FILE_ONLY___  
2024-12-04 15:40:00,229 INFO     ___FILE_ONLY___ │ 
2024-12-04 15:40:00,229 INFO     ___FILE_ONLY___     1.30.6
2024-12-04 15:40:00,229 INFO     ___FILE_ONLY___  
2024-12-04 15:40:00,229 INFO     ___FILE_ONLY___ │ 
2024-12-04 15:40:00,229 INFO     ___FILE_ONLY___ 86.1 MiB
2024-12-04 15:40:00,229 INFO     ___FILE_ONLY___  
2024-12-04 15:40:00,229 INFO     ___FILE_ONLY___ │
2024-12-04 15:40:00,229 INFO     ___FILE_ONLY___ 

2024-12-04 15:40:00,229 INFO     ___FILE_ONLY___ └─────────────────────────────────────────────────────┴────────────┴──────────┘
2024-12-04 15:40:00,229 INFO     ___FILE_ONLY___ 

2024-12-04 15:40:00,229 INFO     ___FILE_ONLY___ 

2024-12-04 15:40:00,231 DEBUG    urllib3.connectionpool Starting new HTTPS connection (1): dl.google.com:443
2024-12-04 15:40:00,428 DEBUG    urllib3.connectionpool https://dl.google.com:443 "GET /dl/cloudsdk/channels/rapid/RELEASE_NOTES HTTP/1.1" 200 1314602
2024-12-04 15:40:00,627 INFO     ___FILE_ONLY___ For the latest full release notes, please visit:
  https://cloud.google.com/sdk/release_notes


2024-12-04 15:40:00,627 INFO     ___FILE_ONLY___ Performing in place update...


2024-12-04 15:40:00,642 INFO     ___FILE_ONLY___ ╔════════════════════════════════════════════════════════════╗

2024-12-04 15:40:00,643 INFO     ___FILE_ONLY___ ╠═ Downloading: Google Cloud CLI Core Libraries (Platfor... ═╣

2024-12-04 15:40:00,643 INFO     ___FILE_ONLY___ ╚
2024-12-04 15:40:00,647 DEBUG    urllib3.connectionpool Starting new HTTPS connection (1): dl.google.com:443
2024-12-04 15:40:00,840 DEBUG    urllib3.connectionpool https://dl.google.com:443 "GET /dl/cloudsdk/channels/rapid/components/google-cloud-sdk-core-nix-20240830134514.tar.gz HTTP/1.1" 200 2306
2024-12-04 15:40:00,841 INFO     ___FILE_ONLY___ ════════════════════════════════════════════════════════════
2024-12-04 15:40:00,841 INFO     ___FILE_ONLY___ ╝

2024-12-04 15:40:00,848 INFO     ___FILE_ONLY___ ╔════════════════════════════════════════════════════════════╗

2024-12-04 15:40:00,848 INFO     ___FILE_ONLY___ ╠═ Downloading: Minikube                                    ═╣

2024-12-04 15:40:00,848 INFO     ___FILE_ONLY___ ╚
2024-12-04 15:40:00,848 INFO     ___FILE_ONLY___ ════════════════════════════════════════════════════════════
2024-12-04 15:40:00,848 INFO     ___FILE_ONLY___ ╝

2024-12-04 15:40:00,853 INFO     ___FILE_ONLY___ ╔════════════════════════════════════════════════════════════╗

2024-12-04 15:40:00,853 INFO     ___FILE_ONLY___ ╠═ Downloading: Minikube (Platform Specific)                ═╣

2024-12-04 15:40:00,853 INFO     ___FILE_ONLY___ ╚
2024-12-04 15:40:00,855 DEBUG    urllib3.connectionpool Starting new HTTPS connection (1): dl.google.com:443
2024-12-04 15:40:01,044 DEBUG    urllib3.connectionpool https://dl.google.com:443 "GET /dl/cloudsdk/channels/rapid/components/google-cloud-sdk-minikube-darwin-arm-20240927140238.tar.gz HTTP/1.1" 200 38981244
2024-12-04 15:40:03,284 INFO     ___FILE_ONLY___ ═
2024-12-04 15:40:03,285 INFO     ___FILE_ONLY___ ═
2024-12-04 15:40:03,286 INFO     ___FILE_ONLY___ ═
2024-12-04 15:40:03,287 INFO     ___FILE_ONLY___ ═
2024-12-04 15:40:03,287 INFO     ___FILE_ONLY___ ═
2024-12-04 15:40:03,287 INFO     ___FILE_ONLY___ ═
2024-12-04 15:40:03,288 INFO     ___FILE_ONLY___ ═
2024-12-04 15:40:03,289 INFO     ___FILE_ONLY___ ═
2024-12-04 15:40:03,289 INFO     ___FILE_ONLY___ ═
2024-12-04 15:40:03,290 INFO     ___FILE_ONLY___ ═
2024-12-04 15:40:03,291 INFO     ___FILE_ONLY___ ═
2024-12-04 15:40:03,291 INFO     ___FILE_ONLY___ ═
2024-12-04 15:40:03,292 INFO     ___FILE_ONLY___ ═
2024-12-04 15:40:03,292 INFO     ___FILE_ONLY___ ═
2024-12-04 15:40:03,293 INFO     ___FILE_ONLY___ ═
2024-12-04 15:40:03,293 INFO     ___FILE_ONLY___ ═
2024-12-04 15:40:03,293 INFO     ___FILE_ONLY___ ═
2024-12-04 15:40:03,294 INFO     ___FILE_ONLY___ ═
2024-12-04 15:40:03,294 INFO     ___FILE_ONLY___ ═
2024-12-04 15:40:03,295 INFO     ___FILE_ONLY___ ═
2024-12-04 15:40:03,296 INFO     ___FILE_ONLY___ ═
2024-12-04 15:40:03,296 INFO     ___FILE_ONLY___ ═
2024-12-04 15:40:03,297 INFO     ___FILE_ONLY___ ═
2024-12-04 15:40:03,297 INFO     ___FILE_ONLY___ ═
2024-12-04 15:40:03,298 INFO     ___FILE_ONLY___ ═
2024-12-04 15:40:03,298 INFO     ___FILE_ONLY___ ═
2024-12-04 15:40:03,299 INFO     ___FILE_ONLY___ ═
2024-12-04 15:40:03,299 INFO     ___FILE_ONLY___ ═
2024-12-04 15:40:03,300 INFO     ___FILE_ONLY___ ═
2024-12-04 15:40:03,300 INFO     ___FILE_ONLY___ ═
2024-12-04 15:40:03,300 INFO     ___FILE_ONLY___ ═
2024-12-04 15:40:03,302 INFO     ___FILE_ONLY___ ═
2024-12-04 15:40:03,302 INFO     ___FILE_ONLY___ ═
2024-12-04 15:40:03,303 INFO     ___FILE_ONLY___ ═
2024-12-04 15:40:03,304 INFO     ___FILE_ONLY___ ═
2024-12-04 15:40:03,305 INFO     ___FILE_ONLY___ ═
2024-12-04 15:40:03,305 INFO     ___FILE_ONLY___ ═
2024-12-04 15:40:03,306 INFO     ___FILE_ONLY___ ═
2024-12-04 15:40:03,309 INFO     ___FILE_ONLY___ ═
2024-12-04 15:40:03,309 INFO     ___FILE_ONLY___ ═
2024-12-04 15:40:03,309 INFO     ___FILE_ONLY___ ═
2024-12-04 15:40:03,310 INFO     ___FILE_ONLY___ ═
2024-12-04 15:40:03,310 INFO     ___FILE_ONLY___ ═
2024-12-04 15:40:03,311 INFO     ___FILE_ONLY___ ═
2024-12-04 15:40:03,311 INFO     ___FILE_ONLY___ ═
2024-12-04 15:40:03,312 INFO     ___FILE_ONLY___ ═
2024-12-04 15:40:03,312 INFO     ___FILE_ONLY___ ═
2024-12-04 15:40:03,312 INFO     ___FILE_ONLY___ ═
2024-12-04 15:40:03,313 INFO     ___FILE_ONLY___ ═
2024-12-04 15:40:03,313 INFO     ___FILE_ONLY___ ═
2024-12-04 15:40:03,314 INFO     ___FILE_ONLY___ ═
2024-12-04 15:40:03,319 INFO     ___FILE_ONLY___ ═
2024-12-04 15:40:03,319 INFO     ___FILE_ONLY___ ═
2024-12-04 15:40:03,320 INFO     ___FILE_ONLY___ ═
2024-12-04 15:40:03,320 INFO     ___FILE_ONLY___ ═
2024-12-04 15:40:03,321 INFO     ___FILE_ONLY___ ═
2024-12-04 15:40:03,321 INFO     ___FILE_ONLY___ ═
2024-12-04 15:40:03,322 INFO     ___FILE_ONLY___ ═
2024-12-04 15:40:03,322 INFO     ___FILE_ONLY___ ═
2024-12-04 15:40:03,323 INFO     ___FILE_ONLY___ ═
2024-12-04 15:40:03,323 INFO     ___FILE_ONLY___ ╝

2024-12-04 15:40:03,334 INFO     ___FILE_ONLY___ ╔════════════════════════════════════════════════════════════╗

2024-12-04 15:40:03,334 INFO     ___FILE_ONLY___ ╠═ Downloading: Skaffold                                    ═╣

2024-12-04 15:40:03,335 INFO     ___FILE_ONLY___ ╚
2024-12-04 15:40:03,335 INFO     ___FILE_ONLY___ ════════════════════════════════════════════════════════════
2024-12-04 15:40:03,335 INFO     ___FILE_ONLY___ ╝

2024-12-04 15:40:03,340 INFO     ___FILE_ONLY___ ╔════════════════════════════════════════════════════════════╗

2024-12-04 15:40:03,340 INFO     ___FILE_ONLY___ ╠═ Downloading: Skaffold (Platform Specific)                ═╣

2024-12-04 15:40:03,340 INFO     ___FILE_ONLY___ ╚
2024-12-04 15:40:03,347 DEBUG    urllib3.connectionpool Starting new HTTPS connection (1): dl.google.com:443
2024-12-04 15:40:03,606 DEBUG    urllib3.connectionpool https://dl.google.com:443 "GET /dl/cloudsdk/channels/rapid/components/google-cloud-sdk-skaffold-darwin-arm-20240806142304.tar.gz HTTP/1.1" 200 24031362
2024-12-04 15:40:04,862 INFO     ___FILE_ONLY___ ═
2024-12-04 15:40:04,863 INFO     ___FILE_ONLY___ ═
2024-12-04 15:40:04,863 INFO     ___FILE_ONLY___ ═
2024-12-04 15:40:04,864 INFO     ___FILE_ONLY___ ═
2024-12-04 15:40:04,864 INFO     ___FILE_ONLY___ ═
2024-12-04 15:40:04,864 INFO     ___FILE_ONLY___ ═
2024-12-04 15:40:04,865 INFO     ___FILE_ONLY___ ═
2024-12-04 15:40:04,865 INFO     ___FILE_ONLY___ ═
2024-12-04 15:40:04,865 INFO     ___FILE_ONLY___ ═
2024-12-04 15:40:04,866 INFO     ___FILE_ONLY___ ═
2024-12-04 15:40:04,866 INFO     ___FILE_ONLY___ ═
2024-12-04 15:40:04,867 INFO     ___FILE_ONLY___ ═
2024-12-04 15:40:04,867 INFO     ___FILE_ONLY___ ═
2024-12-04 15:40:04,867 INFO     ___FILE_ONLY___ ═
2024-12-04 15:40:04,868 INFO     ___FILE_ONLY___ ═
2024-12-04 15:40:04,868 INFO     ___FILE_ONLY___ ═
2024-12-04 15:40:04,869 INFO     ___FILE_ONLY___ ═
2024-12-04 15:40:04,869 INFO     ___FILE_ONLY___ ═
2024-12-04 15:40:04,869 INFO     ___FILE_ONLY___ ═
2024-12-04 15:40:04,870 INFO     ___FILE_ONLY___ ═
2024-12-04 15:40:04,871 INFO     ___FILE_ONLY___ ═
2024-12-04 15:40:04,871 INFO     ___FILE_ONLY___ ═
2024-12-04 15:40:04,871 INFO     ___FILE_ONLY___ ═
2024-12-04 15:40:04,871 INFO     ___FILE_ONLY___ ═
2024-12-04 15:40:04,872 INFO     ___FILE_ONLY___ ═
2024-12-04 15:40:04,873 INFO     ___FILE_ONLY___ ═
2024-12-04 15:40:04,873 INFO     ___FILE_ONLY___ ═
2024-12-04 15:40:04,874 INFO     ___FILE_ONLY___ ═
2024-12-04 15:40:04,874 INFO     ___FILE_ONLY___ ═
2024-12-04 15:40:04,875 INFO     ___FILE_ONLY___ ═
2024-12-04 15:40:04,875 INFO     ___FILE_ONLY___ ═
2024-12-04 15:40:04,876 INFO     ___FILE_ONLY___ ═
2024-12-04 15:40:04,877 INFO     ___FILE_ONLY___ ═
2024-12-04 15:40:04,877 INFO     ___FILE_ONLY___ ═
2024-12-04 15:40:04,877 INFO     ___FILE_ONLY___ ═
2024-12-04 15:40:04,878 INFO     ___FILE_ONLY___ ═
2024-12-04 15:40:04,878 INFO     ___FILE_ONLY___ ═
2024-12-04 15:40:04,878 INFO     ___FILE_ONLY___ ═
2024-12-04 15:40:04,879 INFO     ___FILE_ONLY___ ═
2024-12-04 15:40:04,879 INFO     ___FILE_ONLY___ ═
2024-12-04 15:40:04,879 INFO     ___FILE_ONLY___ ═
2024-12-04 15:40:04,885 INFO     ___FILE_ONLY___ ═
2024-12-04 15:40:04,885 INFO     ___FILE_ONLY___ ═
2024-12-04 15:40:04,886 INFO     ___FILE_ONLY___ ═
2024-12-04 15:40:04,887 INFO     ___FILE_ONLY___ ═
2024-12-04 15:40:04,888 INFO     ___FILE_ONLY___ ═
2024-12-04 15:40:04,888 INFO     ___FILE_ONLY___ ═
2024-12-04 15:40:04,888 INFO     ___FILE_ONLY___ ═
2024-12-04 15:40:04,889 INFO     ___FILE_ONLY___ ═
2024-12-04 15:40:04,889 INFO     ___FILE_ONLY___ ═
2024-12-04 15:40:04,889 INFO     ___FILE_ONLY___ ═
2024-12-04 15:40:04,889 INFO     ___FILE_ONLY___ ═
2024-12-04 15:40:04,890 INFO     ___FILE_ONLY___ ═
2024-12-04 15:40:04,890 INFO     ___FILE_ONLY___ ═
2024-12-04 15:40:04,890 INFO     ___FILE_ONLY___ ═
2024-12-04 15:40:04,891 INFO     ___FILE_ONLY___ ═
2024-12-04 15:40:04,891 INFO     ___FILE_ONLY___ ═
2024-12-04 15:40:04,891 INFO     ___FILE_ONLY___ ═
2024-12-04 15:40:04,892 INFO     ___FILE_ONLY___ ═
2024-12-04 15:40:04,892 INFO     ___FILE_ONLY___ ═
2024-12-04 15:40:04,892 INFO     ___FILE_ONLY___ ╝

2024-12-04 15:40:04,900 INFO     ___FILE_ONLY___ ╔════════════════════════════════════════════════════════════╗

2024-12-04 15:40:04,900 INFO     ___FILE_ONLY___ ╠═ Downloading: gcloud Alpha Commands                       ═╣

2024-12-04 15:40:04,900 INFO     ___FILE_ONLY___ ╚
2024-12-04 15:40:04,906 DEBUG    urllib3.connectionpool Starting new HTTPS connection (1): dl.google.com:443
2024-12-04 15:40:05,090 DEBUG    urllib3.connectionpool https://dl.google.com:443 "GET /dl/cloudsdk/channels/rapid/components/google-cloud-sdk-alpha-20241115154308.tar.gz HTTP/1.1" 200 800
2024-12-04 15:40:05,092 INFO     ___FILE_ONLY___ ════════════════════════════════════════════════════════════
2024-12-04 15:40:05,092 INFO     ___FILE_ONLY___ ╝

2024-12-04 15:40:05,108 INFO     ___FILE_ONLY___ ╔════════════════════════════════════════════════════════════╗

2024-12-04 15:40:05,108 INFO     ___FILE_ONLY___ ╠═ Downloading: gcloud Beta Commands                        ═╣

2024-12-04 15:40:05,109 INFO     ___FILE_ONLY___ ╚
2024-12-04 15:40:05,126 DEBUG    urllib3.connectionpool Starting new HTTPS connection (1): dl.google.com:443
2024-12-04 15:40:05,311 DEBUG    urllib3.connectionpool https://dl.google.com:443 "GET /dl/cloudsdk/channels/rapid/components/google-cloud-sdk-beta-20241115154308.tar.gz HTTP/1.1" 200 797
2024-12-04 15:40:05,314 INFO     ___FILE_ONLY___ ════════════════════════════════════════════════════════════
2024-12-04 15:40:05,314 INFO     ___FILE_ONLY___ ╝

2024-12-04 15:40:05,331 INFO     ___FILE_ONLY___ ╔════════════════════════════════════════════════════════════╗

2024-12-04 15:40:05,332 INFO     ___FILE_ONLY___ ╠═ Downloading: gcloud cli dependencies (Platform Specific) ═╣

2024-12-04 15:40:05,332 INFO     ___FILE_ONLY___ ╚
2024-12-04 15:40:05,340 DEBUG    urllib3.connectionpool Starting new HTTPS connection (1): dl.google.com:443
2024-12-04 15:40:05,532 DEBUG    urllib3.connectionpool https://dl.google.com:443 "GET /dl/cloudsdk/channels/rapid/components/google-cloud-sdk-gcloud-deps-darwin-x86_64-20210416153011.tar.gz HTTP/1.1" 200 105
2024-12-04 15:40:05,533 INFO     ___FILE_ONLY___ ════════════════════════════════════════════════════════════
2024-12-04 15:40:05,534 INFO     ___FILE_ONLY___ ╝

2024-12-04 15:40:05,555 INFO     ___FILE_ONLY___ ╔════════════════════════════════════════════════════════════╗

2024-12-04 15:40:05,555 INFO     ___FILE_ONLY___ ╠═ Downloading: gke-gcloud-auth-plugin                      ═╣

2024-12-04 15:40:05,555 INFO     ___FILE_ONLY___ ╚
2024-12-04 15:40:05,555 INFO     ___FILE_ONLY___ ════════════════════════════════════════════════════════════
2024-12-04 15:40:05,556 INFO     ___FILE_ONLY___ ╝

2024-12-04 15:40:05,562 INFO     ___FILE_ONLY___ ╔════════════════════════════════════════════════════════════╗

2024-12-04 15:40:05,562 INFO     ___FILE_ONLY___ ╠═ Downloading: gke-gcloud-auth-plugin (Platform Specific)  ═╣

2024-12-04 15:40:05,562 INFO     ___FILE_ONLY___ ╚
2024-12-04 15:40:05,564 DEBUG    urllib3.connectionpool Starting new HTTPS connection (1): dl.google.com:443
2024-12-04 15:40:05,949 DEBUG    urllib3.connectionpool https://dl.google.com:443 "GET /dl/cloudsdk/channels/rapid/components/google-cloud-sdk-gke-gcloud-auth-plugin-darwin-arm-20240628141907.tar.gz HTTP/1.1" 200 4148014
2024-12-04 15:40:06,318 INFO     ___FILE_ONLY___ ═
2024-12-04 15:40:06,318 INFO     ___FILE_ONLY___ ═
2024-12-04 15:40:06,318 INFO     ___FILE_ONLY___ ═
2024-12-04 15:40:06,319 INFO     ___FILE_ONLY___ ═
2024-12-04 15:40:06,319 INFO     ___FILE_ONLY___ ═
2024-12-04 15:40:06,319 INFO     ___FILE_ONLY___ ═
2024-12-04 15:40:06,319 INFO     ___FILE_ONLY___ ═
2024-12-04 15:40:06,319 INFO     ___FILE_ONLY___ ═
2024-12-04 15:40:06,320 INFO     ___FILE_ONLY___ ═
2024-12-04 15:40:06,320 INFO     ___FILE_ONLY___ ═
2024-12-04 15:40:06,320 INFO     ___FILE_ONLY___ ═
2024-12-04 15:40:06,320 INFO     ___FILE_ONLY___ ═
2024-12-04 15:40:06,321 INFO     ___FILE_ONLY___ ═
2024-12-04 15:40:06,321 INFO     ___FILE_ONLY___ ═
2024-12-04 15:40:06,321 INFO     ___FILE_ONLY___ ═
2024-12-04 15:40:06,321 INFO     ___FILE_ONLY___ ═
2024-12-04 15:40:06,322 INFO     ___FILE_ONLY___ ═
2024-12-04 15:40:06,322 INFO     ___FILE_ONLY___ ═
2024-12-04 15:40:06,322 INFO     ___FILE_ONLY___ ═
2024-12-04 15:40:06,322 INFO     ___FILE_ONLY___ ═
2024-12-04 15:40:06,323 INFO     ___FILE_ONLY___ ═
2024-12-04 15:40:06,323 INFO     ___FILE_ONLY___ ═
2024-12-04 15:40:06,323 INFO     ___FILE_ONLY___ ═
2024-12-04 15:40:06,323 INFO     ___FILE_ONLY___ ═
2024-12-04 15:40:06,323 INFO     ___FILE_ONLY___ ═
2024-12-04 15:40:06,323 INFO     ___FILE_ONLY___ ═
2024-12-04 15:40:06,324 INFO     ___FILE_ONLY___ ═
2024-12-04 15:40:06,324 INFO     ___FILE_ONLY___ ═
2024-12-04 15:40:06,324 INFO     ___FILE_ONLY___ ═
2024-12-04 15:40:06,325 INFO     ___FILE_ONLY___ ═
2024-12-04 15:40:06,326 INFO     ___FILE_ONLY___ ═
2024-12-04 15:40:06,326 INFO     ___FILE_ONLY___ ═
2024-12-04 15:40:06,326 INFO     ___FILE_ONLY___ ═
2024-12-04 15:40:06,326 INFO     ___FILE_ONLY___ ═
2024-12-04 15:40:06,326 INFO     ___FILE_ONLY___ ═
2024-12-04 15:40:06,326 INFO     ___FILE_ONLY___ ═
2024-12-04 15:40:06,326 INFO     ___FILE_ONLY___ ═
2024-12-04 15:40:06,326 INFO     ___FILE_ONLY___ ═
2024-12-04 15:40:06,326 INFO     ___FILE_ONLY___ ═
2024-12-04 15:40:06,326 INFO     ___FILE_ONLY___ ═
2024-12-04 15:40:06,327 INFO     ___FILE_ONLY___ ═
2024-12-04 15:40:06,327 INFO     ___FILE_ONLY___ ═
2024-12-04 15:40:06,327 INFO     ___FILE_ONLY___ ═
2024-12-04 15:40:06,327 INFO     ___FILE_ONLY___ ═
2024-12-04 15:40:06,327 INFO     ___FILE_ONLY___ ═
2024-12-04 15:40:06,327 INFO     ___FILE_ONLY___ ═
2024-12-04 15:40:06,327 INFO     ___FILE_ONLY___ ═
2024-12-04 15:40:06,327 INFO     ___FILE_ONLY___ ═
2024-12-04 15:40:06,327 INFO     ___FILE_ONLY___ ═
2024-12-04 15:40:06,327 INFO     ___FILE_ONLY___ ═
2024-12-04 15:40:06,327 INFO     ___FILE_ONLY___ ═
2024-12-04 15:40:06,327 INFO     ___FILE_ONLY___ ═
2024-12-04 15:40:06,327 INFO     ___FILE_ONLY___ ═
2024-12-04 15:40:06,328 INFO     ___FILE_ONLY___ ═
2024-12-04 15:40:06,328 INFO     ___FILE_ONLY___ ═
2024-12-04 15:40:06,328 INFO     ___FILE_ONLY___ ═
2024-12-04 15:40:06,328 INFO     ___FILE_ONLY___ ═
2024-12-04 15:40:06,328 INFO     ___FILE_ONLY___ ═
2024-12-04 15:40:06,328 INFO     ___FILE_ONLY___ ═
2024-12-04 15:40:06,328 INFO     ___FILE_ONLY___ ═
2024-12-04 15:40:06,328 INFO     ___FILE_ONLY___ ╝

2024-12-04 15:40:06,336 INFO     ___FILE_ONLY___ ╔════════════════════════════════════════════════════════════╗

2024-12-04 15:40:06,336 INFO     ___FILE_ONLY___ ╠═ Downloading: kubectl                                     ═╣

2024-12-04 15:40:06,336 INFO     ___FILE_ONLY___ ╚
2024-12-04 15:40:06,339 DEBUG    urllib3.connectionpool Starting new HTTPS connection (1): dl.google.com:443
2024-12-04 15:40:06,527 DEBUG    urllib3.connectionpool https://dl.google.com:443 "GET /dl/cloudsdk/channels/rapid/components/google-cloud-sdk-kubectl-20241004144944.tar.gz HTTP/1.1" 200 36206
2024-12-04 15:40:06,574 INFO     ___FILE_ONLY___ ═══════════════════════════
2024-12-04 15:40:06,575 INFO     ___FILE_ONLY___ ═══════════════════════════
2024-12-04 15:40:06,575 INFO     ___FILE_ONLY___ ══════
2024-12-04 15:40:06,575 INFO     ___FILE_ONLY___ ╝

2024-12-04 15:40:06,595 INFO     ___FILE_ONLY___ ╔════════════════════════════════════════════════════════════╗

2024-12-04 15:40:06,595 INFO     ___FILE_ONLY___ ╠═ Downloading: kubectl (Platform Specific)                 ═╣

2024-12-04 15:40:06,595 INFO     ___FILE_ONLY___ ╚
2024-12-04 15:40:06,599 DEBUG    urllib3.connectionpool Starting new HTTPS connection (1): dl.google.com:443
2024-12-04 15:40:06,789 DEBUG    urllib3.connectionpool https://dl.google.com:443 "GET /dl/cloudsdk/channels/rapid/components/google-cloud-sdk-kubectl-darwin-arm-20241108162203.tar.gz HTTP/1.1" 200 90277960
2024-12-04 15:40:11,504 INFO     ___FILE_ONLY___ ═
2024-12-04 15:40:11,506 INFO     ___FILE_ONLY___ ═
2024-12-04 15:40:11,507 INFO     ___FILE_ONLY___ ═
2024-12-04 15:40:11,508 INFO     ___FILE_ONLY___ ═
2024-12-04 15:40:11,509 INFO     ___FILE_ONLY___ ═
2024-12-04 15:40:11,510 INFO     ___FILE_ONLY___ ═
2024-12-04 15:40:11,511 INFO     ___FILE_ONLY___ ═
2024-12-04 15:40:11,512 INFO     ___FILE_ONLY___ ═
2024-12-04 15:40:11,513 INFO     ___FILE_ONLY___ ═
2024-12-04 15:40:11,514 INFO     ___FILE_ONLY___ ═
2024-12-04 15:40:11,515 INFO     ___FILE_ONLY___ ═
2024-12-04 15:40:11,522 INFO     ___FILE_ONLY___ ═
2024-12-04 15:40:11,523 INFO     ___FILE_ONLY___ ═
2024-12-04 15:40:11,524 INFO     ___FILE_ONLY___ ═
2024-12-04 15:40:11,524 INFO     ___FILE_ONLY___ ═
2024-12-04 15:40:11,526 INFO     ___FILE_ONLY___ ═
2024-12-04 15:40:11,531 INFO     ___FILE_ONLY___ ═
2024-12-04 15:40:11,532 INFO     ___FILE_ONLY___ ═
2024-12-04 15:40:11,533 INFO     ___FILE_ONLY___ ═
2024-12-04 15:40:11,533 INFO     ___FILE_ONLY___ ═
2024-12-04 15:40:11,534 INFO     ___FILE_ONLY___ ═
2024-12-04 15:40:11,535 INFO     ___FILE_ONLY___ ═
2024-12-04 15:40:11,539 INFO     ___FILE_ONLY___ ═
2024-12-04 15:40:11,540 INFO     ___FILE_ONLY___ ═
2024-12-04 15:40:11,541 INFO     ___FILE_ONLY___ ═
2024-12-04 15:40:11,542 INFO     ___FILE_ONLY___ ═
2024-12-04 15:40:11,543 INFO     ___FILE_ONLY___ ═
2024-12-04 15:40:11,549 INFO     ___FILE_ONLY___ ═
2024-12-04 15:40:11,550 INFO     ___FILE_ONLY___ ═
2024-12-04 15:40:11,551 INFO     ___FILE_ONLY___ ═
2024-12-04 15:40:11,552 INFO     ___FILE_ONLY___ ═
2024-12-04 15:40:11,553 INFO     ___FILE_ONLY___ ═
2024-12-04 15:40:11,553 INFO     ___FILE_ONLY___ ═
2024-12-04 15:40:11,560 INFO     ___FILE_ONLY___ ═
2024-12-04 15:40:11,561 INFO     ___FILE_ONLY___ ═
2024-12-04 15:40:11,562 INFO     ___FILE_ONLY___ ═
2024-12-04 15:40:11,562 INFO     ___FILE_ONLY___ ═
2024-12-04 15:40:11,563 INFO     ___FILE_ONLY___ ═
2024-12-04 15:40:11,564 INFO     ___FILE_ONLY___ ═
2024-12-04 15:40:11,570 INFO     ___FILE_ONLY___ ═
2024-12-04 15:40:11,571 INFO     ___FILE_ONLY___ ═
2024-12-04 15:40:11,572 INFO     ___FILE_ONLY___ ═
2024-12-04 15:40:11,573 INFO     ___FILE_ONLY___ ═
2024-12-04 15:40:11,574 INFO     ___FILE_ONLY___ ═
2024-12-04 15:40:11,577 INFO     ___FILE_ONLY___ ═
2024-12-04 15:40:11,578 INFO     ___FILE_ONLY___ ═
2024-12-04 15:40:11,579 INFO     ___FILE_ONLY___ ═
2024-12-04 15:40:11,580 INFO     ___FILE_ONLY___ ═
2024-12-04 15:40:11,581 INFO     ___FILE_ONLY___ ═
2024-12-04 15:40:11,582 INFO     ___FILE_ONLY___ ═
2024-12-04 15:40:11,587 INFO     ___FILE_ONLY___ ═
2024-12-04 15:40:11,588 INFO     ___FILE_ONLY___ ═
2024-12-04 15:40:11,589 INFO     ___FILE_ONLY___ ═
2024-12-04 15:40:11,590 INFO     ___FILE_ONLY___ ═
2024-12-04 15:40:11,591 INFO     ___FILE_ONLY___ ═
2024-12-04 15:40:11,592 INFO     ___FILE_ONLY___ ═
2024-12-04 15:40:11,593 INFO     ___FILE_ONLY___ ═
2024-12-04 15:40:11,594 INFO     ___FILE_ONLY___ ═
2024-12-04 15:40:11,595 INFO     ___FILE_ONLY___ ═
2024-12-04 15:40:11,596 INFO     ___FILE_ONLY___ ═
2024-12-04 15:40:11,596 INFO     ___FILE_ONLY___ ╝

2024-12-04 15:40:11,612 INFO     ___FILE_ONLY___ ╔════════════════════════════════════════════════════════════╗

2024-12-04 15:40:11,612 INFO     ___FILE_ONLY___ ╠═ Installing: Google Cloud CLI Core Libraries (Platform... ═╣

2024-12-04 15:40:11,612 INFO     ___FILE_ONLY___ ╚
2024-12-04 15:40:11,636 INFO     ___FILE_ONLY___ ══════════════════════════════
2024-12-04 15:40:11,637 INFO     ___FILE_ONLY___ ══════════════════════════════
2024-12-04 15:40:11,637 INFO     ___FILE_ONLY___ ╝

2024-12-04 15:40:11,656 INFO     ___FILE_ONLY___ ╔════════════════════════════════════════════════════════════╗

2024-12-04 15:40:11,656 INFO     ___FILE_ONLY___ ╠═ Installing: Minikube                                     ═╣

2024-12-04 15:40:11,656 INFO     ___FILE_ONLY___ ╚
2024-12-04 15:40:11,661 INFO     ___FILE_ONLY___ ════════════════════════════════════════════════════════════
2024-12-04 15:40:11,661 INFO     ___FILE_ONLY___ ╝

2024-12-04 15:40:11,667 INFO     ___FILE_ONLY___ ╔════════════════════════════════════════════════════════════╗

2024-12-04 15:40:11,667 INFO     ___FILE_ONLY___ ╠═ Installing: Minikube (Platform Specific)                 ═╣

2024-12-04 15:40:11,667 INFO     ___FILE_ONLY___ ╚
2024-12-04 15:40:12,063 INFO     ___FILE_ONLY___ ════════════════════════════════════════════════════════════
2024-12-04 15:40:12,063 INFO     ___FILE_ONLY___ ╝

2024-12-04 15:40:12,072 INFO     ___FILE_ONLY___ ╔════════════════════════════════════════════════════════════╗

2024-12-04 15:40:12,073 INFO     ___FILE_ONLY___ ╠═ Installing: Skaffold                                     ═╣

2024-12-04 15:40:12,073 INFO     ___FILE_ONLY___ ╚
2024-12-04 15:40:12,074 INFO     ___FILE_ONLY___ ════════════════════════════════════════════════════════════
2024-12-04 15:40:12,074 INFO     ___FILE_ONLY___ ╝

2024-12-04 15:40:12,079 INFO     ___FILE_ONLY___ ╔════════════════════════════════════════════════════════════╗

2024-12-04 15:40:12,079 INFO     ___FILE_ONLY___ ╠═ Installing: Skaffold (Platform Specific)                 ═╣

2024-12-04 15:40:12,079 INFO     ___FILE_ONLY___ ╚
2024-12-04 15:40:12,409 INFO     ___FILE_ONLY___ ════════════════════════════════════════════════════════════
2024-12-04 15:40:12,409 INFO     ___FILE_ONLY___ ╝

2024-12-04 15:40:12,418 INFO     ___FILE_ONLY___ ╔════════════════════════════════════════════════════════════╗

2024-12-04 15:40:12,419 INFO     ___FILE_ONLY___ ╠═ Installing: gcloud Alpha Commands                        ═╣

2024-12-04 15:40:12,419 INFO     ___FILE_ONLY___ ╚
2024-12-04 15:40:12,419 INFO     ___FILE_ONLY___ ════════════════════════════════════════════════════════════
2024-12-04 15:40:12,420 INFO     ___FILE_ONLY___ ╝

2024-12-04 15:40:12,427 INFO     ___FILE_ONLY___ ╔════════════════════════════════════════════════════════════╗

2024-12-04 15:40:12,427 INFO     ___FILE_ONLY___ ╠═ Installing: gcloud Beta Commands                         ═╣

2024-12-04 15:40:12,427 INFO     ___FILE_ONLY___ ╚
2024-12-04 15:40:12,428 INFO     ___FILE_ONLY___ ════════════════════════════════════════════════════════════
2024-12-04 15:40:12,428 INFO     ___FILE_ONLY___ ╝

2024-12-04 15:40:12,436 INFO     ___FILE_ONLY___ ╔════════════════════════════════════════════════════════════╗

2024-12-04 15:40:12,436 INFO     ___FILE_ONLY___ ╠═ Installing: gcloud cli dependencies (Platform Specific)  ═╣

2024-12-04 15:40:12,436 INFO     ___FILE_ONLY___ ╚
2024-12-04 15:40:12,436 INFO     ___FILE_ONLY___ ════════════════════════════════════════════════════════════
2024-12-04 15:40:12,436 INFO     ___FILE_ONLY___ ╝

2024-12-04 15:40:12,444 INFO     ___FILE_ONLY___ ╔════════════════════════════════════════════════════════════╗

2024-12-04 15:40:12,444 INFO     ___FILE_ONLY___ ╠═ Installing: gke-gcloud-auth-plugin                       ═╣

2024-12-04 15:40:12,444 INFO     ___FILE_ONLY___ ╚
2024-12-04 15:40:12,445 INFO     ___FILE_ONLY___ ════════════════════════════════════════════════════════════
2024-12-04 15:40:12,445 INFO     ___FILE_ONLY___ ╝

2024-12-04 15:40:12,451 INFO     ___FILE_ONLY___ ╔════════════════════════════════════════════════════════════╗

2024-12-04 15:40:12,451 INFO     ___FILE_ONLY___ ╠═ Installing: gke-gcloud-auth-plugin (Platform Specific)   ═╣

2024-12-04 15:40:12,451 INFO     ___FILE_ONLY___ ╚
2024-12-04 15:40:12,505 INFO     ___FILE_ONLY___ ════════════════════════════════════════════════════════════
2024-12-04 15:40:12,505 INFO     ___FILE_ONLY___ ╝

2024-12-04 15:40:12,514 INFO     ___FILE_ONLY___ ╔════════════════════════════════════════════════════════════╗

2024-12-04 15:40:12,514 INFO     ___FILE_ONLY___ ╠═ Installing: kubectl                                      ═╣

2024-12-04 15:40:12,514 INFO     ___FILE_ONLY___ ╚
2024-12-04 15:40:12,517 INFO     ___FILE_ONLY___ ════════════════════════════════════════════════════════════
2024-12-04 15:40:12,517 INFO     ___FILE_ONLY___ ╝

2024-12-04 15:40:12,527 INFO     ___FILE_ONLY___ ╔════════════════════════════════════════════════════════════╗

2024-12-04 15:40:12,527 INFO     ___FILE_ONLY___ ╠═ Installing: kubectl (Platform Specific)                  ═╣

2024-12-04 15:40:12,527 INFO     ___FILE_ONLY___ ╚
2024-12-04 15:40:13,143 INFO     ___FILE_ONLY___ ══════════
2024-12-04 15:40:13,260 INFO     ___FILE_ONLY___ ══════════
2024-12-04 15:40:13,377 INFO     ___FILE_ONLY___ ══════════
2024-12-04 15:40:13,497 INFO     ___FILE_ONLY___ ══════════
2024-12-04 15:40:13,617 INFO     ___FILE_ONLY___ ══════════
2024-12-04 15:40:13,746 INFO     ___FILE_ONLY___ ══════════
2024-12-04 15:40:13,746 INFO     ___FILE_ONLY___ ╝

2024-12-04 15:40:13,762 DEBUG    root            Updating notification cache...
2024-12-04 15:40:13,762 INFO     ___FILE_ONLY___ 

2024-12-04 15:40:13,769 INFO     ___FILE_ONLY___ Performing post processing steps...
2024-12-04 15:40:13,773 DEBUG    root            Executing command: ['/Users/demetris.mina/Library/Application Support/cloud-code/installer/google-cloud-sdk/bin/gcloud', 'components', 'post-process', '--no-compile-python']
2024-12-04 15:40:14,534 DEBUG    ___FILE_ONLY___ 
2024-12-04 15:40:14,535 DEBUG    ___FILE_ONLY___ 
2024-12-04 15:40:14,792 INFO     ___FILE_ONLY___ 
Update done!


2024-12-04 15:40:14,796 WARNING  root              There are other instances of Google Cloud tools on your system PATH.
  Please remove the following to avoid confusion or accidental invocation:

  /opt/homebrew/share/google-cloud-sdk/bin/docker-credential-gcloud
/opt/homebrew/share/google-cloud-sdk/bin/gcloud

  
2024-12-04 15:40:14,798 DEBUG    root            Chosen display Format:none
2024-12-04 15:40:14,798 INFO     root            Display format: "none"
2024-12-04 15:40:14,801 DEBUG    root            Executing command: ['curl', '--silent', '-O', 'https://dl.google.com/dl/cloudsdk/channels/rapid/python-3.11.6-macos11.tar.gz']
2024-12-04 15:40:17,389 DEBUG    root            Executing command: ['tar', '-xf', 'python-3.11.6-macos11.tar.gz']
2024-12-04 15:40:17,479 DEBUG    root            Executing command: ['sudo', 'installer', '-target', '/', '-pkg', './python-3.11.6-macos11.pkg']
