2024-12-04 15:41:26,202 DEBUG    root            Metrics collector initialized...
2024-12-04 15:41:26,203 DEBUG    root            Loaded Command Group: ['gcloud', 'components']
2024-12-04 15:41:26,206 DEBUG    root            Loaded Command Group: ['gcloud', 'components', 'update']
2024-12-04 15:41:26,207 DEBUG    root            Running [gcloud.components.update] with arguments: [--no-compile-python: "False", --quiet: "True", COMPONENT-IDS:6: "['alpha', 'beta', 'gke-gcloud-auth-plugin', 'kubectl', 'skaffold', 'minikube']"]
2024-12-04 15:41:26,207 INFO     ___FILE_ONLY___ Beginning update. This process may take several minutes.

2024-12-04 15:41:26,226 DEBUG    urllib3.connectionpool Starting new HTTPS connection (1): dl.google.com:443
2024-12-04 15:41:26,415 DEBUG    urllib3.connectionpool https://dl.google.com:443 "GET /dl/cloudsdk/channels/rapid/components-2.json HTTP/1.1" 200 227816
2024-12-04 15:41:26,523 INFO     ___FILE_ONLY___ 

2024-12-04 15:41:26,524 INFO     ___FILE_ONLY___ 
Your current Google Cloud CLI version is: 502.0.0

2024-12-04 15:41:26,524 INFO     ___FILE_ONLY___ Installing components from version: 502.0.0

2024-12-04 15:41:26,524 INFO     ___FILE_ONLY___ 

2024-12-04 15:41:26,524 DEBUG    root            Chosen display Format:table[box,title="These components will be removed."](details.display_name:label=Name:align=left,version.version_string:label=Version:align=right,data.size.size(zero="",min=1048576):label=Size:align=right)
2024-12-04 15:41:26,525 DEBUG    root            Chosen display Format:table[box,title="These components will be updated."](details.display_name:label=Name:align=left,version.version_string:label=Version:align=right,data.size.size(zero="",min=1048576):label=Size:align=right)
2024-12-04 15:41:26,525 DEBUG    root            Chosen display Format:table[box,title="These components will be installed."](details.display_name:label=Name:align=left,version.version_string:label=Version:align=right,data.size.size(zero="",min=1048576):label=Size:align=right)
2024-12-04 15:41:26,551 INFO     ___FILE_ONLY___ ┌─────────────────────────────────────────────────────────────────────────────┐
2024-12-04 15:41:26,551 INFO     ___FILE_ONLY___ 

2024-12-04 15:41:26,551 INFO     ___FILE_ONLY___ │                     These components will be installed.                     │
2024-12-04 15:41:26,551 INFO     ___FILE_ONLY___ 

2024-12-04 15:41:26,551 INFO     ___FILE_ONLY___ ├─────────────────────────────────────────────────────┬────────────┬──────────┤
2024-12-04 15:41:26,551 INFO     ___FILE_ONLY___ 

2024-12-04 15:41:26,551 INFO     ___FILE_ONLY___ │                         Name                        │  Version   │   Size   │
2024-12-04 15:41:26,551 INFO     ___FILE_ONLY___ 

2024-12-04 15:41:26,551 INFO     ___FILE_ONLY___ ├─────────────────────────────────────────────────────┼────────────┼──────────┤
2024-12-04 15:41:26,551 INFO     ___FILE_ONLY___ 

2024-12-04 15:41:26,551 INFO     ___FILE_ONLY___ │ 
2024-12-04 15:41:26,551 INFO     ___FILE_ONLY___ Google Cloud CLI Core Libraries (Platform Specific)
2024-12-04 15:41:26,551 INFO     ___FILE_ONLY___  
2024-12-04 15:41:26,551 INFO     ___FILE_ONLY___ │ 
2024-12-04 15:41:26,551 INFO     ___FILE_ONLY___ 2024.08.30
2024-12-04 15:41:26,551 INFO     ___FILE_ONLY___  
2024-12-04 15:41:26,551 INFO     ___FILE_ONLY___ │ 
2024-12-04 15:41:26,551 INFO     ___FILE_ONLY___  < 1 MiB
2024-12-04 15:41:26,551 INFO     ___FILE_ONLY___  
2024-12-04 15:41:26,551 INFO     ___FILE_ONLY___ │
2024-12-04 15:41:26,552 INFO     ___FILE_ONLY___ 

2024-12-04 15:41:26,552 INFO     ___FILE_ONLY___ │ 
2024-12-04 15:41:26,552 INFO     ___FILE_ONLY___ Minikube (Platform Specific)                       
2024-12-04 15:41:26,552 INFO     ___FILE_ONLY___  
2024-12-04 15:41:26,552 INFO     ___FILE_ONLY___ │ 
2024-12-04 15:41:26,552 INFO     ___FILE_ONLY___     1.34.0
2024-12-04 15:41:26,552 INFO     ___FILE_ONLY___  
2024-12-04 15:41:26,552 INFO     ___FILE_ONLY___ │ 
2024-12-04 15:41:26,552 INFO     ___FILE_ONLY___ 37.2 MiB
2024-12-04 15:41:26,552 INFO     ___FILE_ONLY___  
2024-12-04 15:41:26,552 INFO     ___FILE_ONLY___ │
2024-12-04 15:41:26,552 INFO     ___FILE_ONLY___ 

2024-12-04 15:41:26,552 INFO     ___FILE_ONLY___ │ 
2024-12-04 15:41:26,552 INFO     ___FILE_ONLY___ Skaffold (Platform Specific)                       
2024-12-04 15:41:26,552 INFO     ___FILE_ONLY___  
2024-12-04 15:41:26,552 INFO     ___FILE_ONLY___ │ 
2024-12-04 15:41:26,552 INFO     ___FILE_ONLY___     2.13.1
2024-12-04 15:41:26,552 INFO     ___FILE_ONLY___  
2024-12-04 15:41:26,552 INFO     ___FILE_ONLY___ │ 
2024-12-04 15:41:26,552 INFO     ___FILE_ONLY___ 22.9 MiB
2024-12-04 15:41:26,552 INFO     ___FILE_ONLY___  
2024-12-04 15:41:26,552 INFO     ___FILE_ONLY___ │
2024-12-04 15:41:26,552 INFO     ___FILE_ONLY___ 

2024-12-04 15:41:26,552 INFO     ___FILE_ONLY___ │ 
2024-12-04 15:41:26,552 INFO     ___FILE_ONLY___ gcloud Alpha Commands                              
2024-12-04 15:41:26,552 INFO     ___FILE_ONLY___  
2024-12-04 15:41:26,552 INFO     ___FILE_ONLY___ │ 
2024-12-04 15:41:26,552 INFO     ___FILE_ONLY___ 2024.11.15
2024-12-04 15:41:26,552 INFO     ___FILE_ONLY___  
2024-12-04 15:41:26,552 INFO     ___FILE_ONLY___ │ 
2024-12-04 15:41:26,552 INFO     ___FILE_ONLY___  < 1 MiB
2024-12-04 15:41:26,552 INFO     ___FILE_ONLY___  
2024-12-04 15:41:26,552 INFO     ___FILE_ONLY___ │
2024-12-04 15:41:26,552 INFO     ___FILE_ONLY___ 

2024-12-04 15:41:26,552 INFO     ___FILE_ONLY___ │ 
2024-12-04 15:41:26,552 INFO     ___FILE_ONLY___ gcloud Beta Commands                               
2024-12-04 15:41:26,552 INFO     ___FILE_ONLY___  
2024-12-04 15:41:26,552 INFO     ___FILE_ONLY___ │ 
2024-12-04 15:41:26,552 INFO     ___FILE_ONLY___ 2024.11.15
2024-12-04 15:41:26,552 INFO     ___FILE_ONLY___  
2024-12-04 15:41:26,552 INFO     ___FILE_ONLY___ │ 
2024-12-04 15:41:26,552 INFO     ___FILE_ONLY___  < 1 MiB
2024-12-04 15:41:26,552 INFO     ___FILE_ONLY___  
2024-12-04 15:41:26,552 INFO     ___FILE_ONLY___ │
2024-12-04 15:41:26,552 INFO     ___FILE_ONLY___ 

2024-12-04 15:41:26,552 INFO     ___FILE_ONLY___ │ 
2024-12-04 15:41:26,552 INFO     ___FILE_ONLY___ gcloud cli dependencies (Platform Specific)        
2024-12-04 15:41:26,552 INFO     ___FILE_ONLY___  
2024-12-04 15:41:26,552 INFO     ___FILE_ONLY___ │ 
2024-12-04 15:41:26,552 INFO     ___FILE_ONLY___ 2021.04.16
2024-12-04 15:41:26,552 INFO     ___FILE_ONLY___  
2024-12-04 15:41:26,552 INFO     ___FILE_ONLY___ │ 
2024-12-04 15:41:26,552 INFO     ___FILE_ONLY___  < 1 MiB
2024-12-04 15:41:26,552 INFO     ___FILE_ONLY___  
2024-12-04 15:41:26,553 INFO     ___FILE_ONLY___ │
2024-12-04 15:41:26,553 INFO     ___FILE_ONLY___ 

2024-12-04 15:41:26,553 INFO     ___FILE_ONLY___ │ 
2024-12-04 15:41:26,553 INFO     ___FILE_ONLY___ gke-gcloud-auth-plugin (Platform Specific)         
2024-12-04 15:41:26,553 INFO     ___FILE_ONLY___  
2024-12-04 15:41:26,553 INFO     ___FILE_ONLY___ │ 
2024-12-04 15:41:26,553 INFO     ___FILE_ONLY___      0.5.9
2024-12-04 15:41:26,553 INFO     ___FILE_ONLY___  
2024-12-04 15:41:26,553 INFO     ___FILE_ONLY___ │ 
2024-12-04 15:41:26,553 INFO     ___FILE_ONLY___  4.0 MiB
2024-12-04 15:41:26,553 INFO     ___FILE_ONLY___  
2024-12-04 15:41:26,553 INFO     ___FILE_ONLY___ │
2024-12-04 15:41:26,553 INFO     ___FILE_ONLY___ 

2024-12-04 15:41:26,553 INFO     ___FILE_ONLY___ │ 
2024-12-04 15:41:26,553 INFO     ___FILE_ONLY___ kubectl                                            
2024-12-04 15:41:26,553 INFO     ___FILE_ONLY___  
2024-12-04 15:41:26,553 INFO     ___FILE_ONLY___ │ 
2024-12-04 15:41:26,553 INFO     ___FILE_ONLY___     1.30.5
2024-12-04 15:41:26,553 INFO     ___FILE_ONLY___  
2024-12-04 15:41:26,553 INFO     ___FILE_ONLY___ │ 
2024-12-04 15:41:26,553 INFO     ___FILE_ONLY___  < 1 MiB
2024-12-04 15:41:26,553 INFO     ___FILE_ONLY___  
2024-12-04 15:41:26,553 INFO     ___FILE_ONLY___ │
2024-12-04 15:41:26,553 INFO     ___FILE_ONLY___ 

2024-12-04 15:41:26,553 INFO     ___FILE_ONLY___ │ 
2024-12-04 15:41:26,553 INFO     ___FILE_ONLY___ kubectl (Platform Specific)                        
2024-12-04 15:41:26,553 INFO     ___FILE_ONLY___  
2024-12-04 15:41:26,553 INFO     ___FILE_ONLY___ │ 
2024-12-04 15:41:26,553 INFO     ___FILE_ONLY___     1.30.6
2024-12-04 15:41:26,553 INFO     ___FILE_ONLY___  
2024-12-04 15:41:26,553 INFO     ___FILE_ONLY___ │ 
2024-12-04 15:41:26,553 INFO     ___FILE_ONLY___ 86.1 MiB
2024-12-04 15:41:26,553 INFO     ___FILE_ONLY___  
2024-12-04 15:41:26,553 INFO     ___FILE_ONLY___ │
2024-12-04 15:41:26,553 INFO     ___FILE_ONLY___ 

2024-12-04 15:41:26,553 INFO     ___FILE_ONLY___ └─────────────────────────────────────────────────────┴────────────┴──────────┘
2024-12-04 15:41:26,553 INFO     ___FILE_ONLY___ 

2024-12-04 15:41:26,553 INFO     ___FILE_ONLY___ 

2024-12-04 15:41:26,555 DEBUG    urllib3.connectionpool Starting new HTTPS connection (1): dl.google.com:443
2024-12-04 15:41:26,740 DEBUG    urllib3.connectionpool https://dl.google.com:443 "GET /dl/cloudsdk/channels/rapid/RELEASE_NOTES HTTP/1.1" 200 1314602
2024-12-04 15:41:26,941 INFO     ___FILE_ONLY___ For the latest full release notes, please visit:
  https://cloud.google.com/sdk/release_notes


2024-12-04 15:41:26,941 INFO     ___FILE_ONLY___ Performing in place update...


2024-12-04 15:41:26,952 INFO     ___FILE_ONLY___ ╔════════════════════════════════════════════════════════════╗

2024-12-04 15:41:26,952 INFO     ___FILE_ONLY___ ╠═ Downloading: Google Cloud CLI Core Libraries (Platfor... ═╣

2024-12-04 15:41:26,952 INFO     ___FILE_ONLY___ ╚
2024-12-04 15:41:26,957 DEBUG    urllib3.connectionpool Starting new HTTPS connection (1): dl.google.com:443
2024-12-04 15:41:27,149 DEBUG    urllib3.connectionpool https://dl.google.com:443 "GET /dl/cloudsdk/channels/rapid/components/google-cloud-sdk-core-nix-20240830134514.tar.gz HTTP/1.1" 200 2306
2024-12-04 15:41:27,152 INFO     ___FILE_ONLY___ ════════════════════════════════════════════════════════════
2024-12-04 15:41:27,152 INFO     ___FILE_ONLY___ ╝

2024-12-04 15:41:27,171 INFO     ___FILE_ONLY___ ╔════════════════════════════════════════════════════════════╗

2024-12-04 15:41:27,171 INFO     ___FILE_ONLY___ ╠═ Downloading: Minikube                                    ═╣

2024-12-04 15:41:27,171 INFO     ___FILE_ONLY___ ╚
2024-12-04 15:41:27,171 INFO     ___FILE_ONLY___ ════════════════════════════════════════════════════════════
2024-12-04 15:41:27,171 INFO     ___FILE_ONLY___ ╝

2024-12-04 15:41:27,182 INFO     ___FILE_ONLY___ ╔════════════════════════════════════════════════════════════╗

2024-12-04 15:41:27,182 INFO     ___FILE_ONLY___ ╠═ Downloading: Minikube (Platform Specific)                ═╣

2024-12-04 15:41:27,182 INFO     ___FILE_ONLY___ ╚
2024-12-04 15:41:27,186 DEBUG    urllib3.connectionpool Starting new HTTPS connection (1): dl.google.com:443
2024-12-04 15:41:27,385 DEBUG    urllib3.connectionpool https://dl.google.com:443 "GET /dl/cloudsdk/channels/rapid/components/google-cloud-sdk-minikube-darwin-arm-20240927140238.tar.gz HTTP/1.1" 200 38981244
2024-12-04 15:41:30,657 INFO     ___FILE_ONLY___ ═
2024-12-04 15:41:30,658 INFO     ___FILE_ONLY___ ═
2024-12-04 15:41:30,659 INFO     ___FILE_ONLY___ ═
2024-12-04 15:41:30,660 INFO     ___FILE_ONLY___ ═
2024-12-04 15:41:30,661 INFO     ___FILE_ONLY___ ═
2024-12-04 15:41:30,661 INFO     ___FILE_ONLY___ ═
2024-12-04 15:41:30,662 INFO     ___FILE_ONLY___ ═
2024-12-04 15:41:30,662 INFO     ___FILE_ONLY___ ═
2024-12-04 15:41:30,663 INFO     ___FILE_ONLY___ ═
2024-12-04 15:41:30,664 INFO     ___FILE_ONLY___ ═
2024-12-04 15:41:30,664 INFO     ___FILE_ONLY___ ═
2024-12-04 15:41:30,665 INFO     ___FILE_ONLY___ ═
2024-12-04 15:41:30,666 INFO     ___FILE_ONLY___ ═
2024-12-04 15:41:30,667 INFO     ___FILE_ONLY___ ═
2024-12-04 15:41:30,668 INFO     ___FILE_ONLY___ ═
2024-12-04 15:41:30,669 INFO     ___FILE_ONLY___ ═
2024-12-04 15:41:30,669 INFO     ___FILE_ONLY___ ═
2024-12-04 15:41:30,670 INFO     ___FILE_ONLY___ ═
2024-12-04 15:41:30,670 INFO     ___FILE_ONLY___ ═
2024-12-04 15:41:30,671 INFO     ___FILE_ONLY___ ═
2024-12-04 15:41:30,671 INFO     ___FILE_ONLY___ ═
2024-12-04 15:41:30,672 INFO     ___FILE_ONLY___ ═
2024-12-04 15:41:30,673 INFO     ___FILE_ONLY___ ═
2024-12-04 15:41:30,673 INFO     ___FILE_ONLY___ ═
2024-12-04 15:41:30,674 INFO     ___FILE_ONLY___ ═
2024-12-04 15:41:30,675 INFO     ___FILE_ONLY___ ═
2024-12-04 15:41:30,675 INFO     ___FILE_ONLY___ ═
2024-12-04 15:41:30,676 INFO     ___FILE_ONLY___ ═
2024-12-04 15:41:30,678 INFO     ___FILE_ONLY___ ═
2024-12-04 15:41:30,678 INFO     ___FILE_ONLY___ ═
2024-12-04 15:41:30,679 INFO     ___FILE_ONLY___ ═
2024-12-04 15:41:30,679 INFO     ___FILE_ONLY___ ═
2024-12-04 15:41:30,680 INFO     ___FILE_ONLY___ ═
2024-12-04 15:41:30,680 INFO     ___FILE_ONLY___ ═
2024-12-04 15:41:30,680 INFO     ___FILE_ONLY___ ═
2024-12-04 15:41:30,681 INFO     ___FILE_ONLY___ ═
2024-12-04 15:41:30,681 INFO     ___FILE_ONLY___ ═
2024-12-04 15:41:30,682 INFO     ___FILE_ONLY___ ═
2024-12-04 15:41:30,685 INFO     ___FILE_ONLY___ ═
2024-12-04 15:41:30,685 INFO     ___FILE_ONLY___ ═
2024-12-04 15:41:30,686 INFO     ___FILE_ONLY___ ═
2024-12-04 15:41:30,686 INFO     ___FILE_ONLY___ ═
2024-12-04 15:41:30,687 INFO     ___FILE_ONLY___ ═
2024-12-04 15:41:30,688 INFO     ___FILE_ONLY___ ═
2024-12-04 15:41:30,689 INFO     ___FILE_ONLY___ ═
2024-12-04 15:41:30,689 INFO     ___FILE_ONLY___ ═
2024-12-04 15:41:30,689 INFO     ___FILE_ONLY___ ═
2024-12-04 15:41:30,690 INFO     ___FILE_ONLY___ ═
2024-12-04 15:41:30,690 INFO     ___FILE_ONLY___ ═
2024-12-04 15:41:30,691 INFO     ___FILE_ONLY___ ═
2024-12-04 15:41:30,691 INFO     ___FILE_ONLY___ ═
2024-12-04 15:41:30,700 INFO     ___FILE_ONLY___ ═
2024-12-04 15:41:30,701 INFO     ___FILE_ONLY___ ═
2024-12-04 15:41:30,701 INFO     ___FILE_ONLY___ ═
2024-12-04 15:41:30,702 INFO     ___FILE_ONLY___ ═
2024-12-04 15:41:30,702 INFO     ___FILE_ONLY___ ═
2024-12-04 15:41:30,703 INFO     ___FILE_ONLY___ ═
2024-12-04 15:41:30,703 INFO     ___FILE_ONLY___ ═
2024-12-04 15:41:30,703 INFO     ___FILE_ONLY___ ═
2024-12-04 15:41:30,704 INFO     ___FILE_ONLY___ ═
2024-12-04 15:41:30,704 INFO     ___FILE_ONLY___ ╝

2024-12-04 15:41:30,729 INFO     ___FILE_ONLY___ ╔════════════════════════════════════════════════════════════╗

2024-12-04 15:41:30,729 INFO     ___FILE_ONLY___ ╠═ Downloading: Skaffold                                    ═╣

2024-12-04 15:41:30,729 INFO     ___FILE_ONLY___ ╚
2024-12-04 15:41:30,730 INFO     ___FILE_ONLY___ ════════════════════════════════════════════════════════════
2024-12-04 15:41:30,730 INFO     ___FILE_ONLY___ ╝

2024-12-04 15:41:30,735 INFO     ___FILE_ONLY___ ╔════════════════════════════════════════════════════════════╗

2024-12-04 15:41:30,735 INFO     ___FILE_ONLY___ ╠═ Downloading: Skaffold (Platform Specific)                ═╣

2024-12-04 15:41:30,735 INFO     ___FILE_ONLY___ ╚
2024-12-04 15:41:30,737 DEBUG    urllib3.connectionpool Starting new HTTPS connection (1): dl.google.com:443
2024-12-04 15:41:30,939 DEBUG    urllib3.connectionpool https://dl.google.com:443 "GET /dl/cloudsdk/channels/rapid/components/google-cloud-sdk-skaffold-darwin-arm-20240806142304.tar.gz HTTP/1.1" 200 24031362
2024-12-04 15:41:32,941 INFO     ___FILE_ONLY___ ═
2024-12-04 15:41:32,942 INFO     ___FILE_ONLY___ ═
2024-12-04 15:41:32,943 INFO     ___FILE_ONLY___ ═
2024-12-04 15:41:32,944 INFO     ___FILE_ONLY___ ═
2024-12-04 15:41:32,944 INFO     ___FILE_ONLY___ ═
2024-12-04 15:41:32,945 INFO     ___FILE_ONLY___ ═
2024-12-04 15:41:32,946 INFO     ___FILE_ONLY___ ═
2024-12-04 15:41:32,946 INFO     ___FILE_ONLY___ ═
2024-12-04 15:41:32,947 INFO     ___FILE_ONLY___ ═
2024-12-04 15:41:32,947 INFO     ___FILE_ONLY___ ═
2024-12-04 15:41:32,948 INFO     ___FILE_ONLY___ ═
2024-12-04 15:41:32,948 INFO     ___FILE_ONLY___ ═
2024-12-04 15:41:32,949 INFO     ___FILE_ONLY___ ═
2024-12-04 15:41:32,950 INFO     ___FILE_ONLY___ ═
2024-12-04 15:41:32,950 INFO     ___FILE_ONLY___ ═
2024-12-04 15:41:32,951 INFO     ___FILE_ONLY___ ═
2024-12-04 15:41:32,951 INFO     ___FILE_ONLY___ ═
2024-12-04 15:41:32,952 INFO     ___FILE_ONLY___ ═
2024-12-04 15:41:32,952 INFO     ___FILE_ONLY___ ═
2024-12-04 15:41:32,953 INFO     ___FILE_ONLY___ ═
2024-12-04 15:41:32,953 INFO     ___FILE_ONLY___ ═
2024-12-04 15:41:32,954 INFO     ___FILE_ONLY___ ═
2024-12-04 15:41:32,955 INFO     ___FILE_ONLY___ ═
2024-12-04 15:41:32,955 INFO     ___FILE_ONLY___ ═
2024-12-04 15:41:32,955 INFO     ___FILE_ONLY___ ═
2024-12-04 15:41:32,956 INFO     ___FILE_ONLY___ ═
2024-12-04 15:41:32,956 INFO     ___FILE_ONLY___ ═
2024-12-04 15:41:32,957 INFO     ___FILE_ONLY___ ═
2024-12-04 15:41:32,959 INFO     ___FILE_ONLY___ ═
2024-12-04 15:41:32,960 INFO     ___FILE_ONLY___ ═
2024-12-04 15:41:32,962 INFO     ___FILE_ONLY___ ═
2024-12-04 15:41:32,962 INFO     ___FILE_ONLY___ ═
2024-12-04 15:41:32,963 INFO     ___FILE_ONLY___ ═
2024-12-04 15:41:32,963 INFO     ___FILE_ONLY___ ═
2024-12-04 15:41:32,964 INFO     ___FILE_ONLY___ ═
2024-12-04 15:41:32,964 INFO     ___FILE_ONLY___ ═
2024-12-04 15:41:32,965 INFO     ___FILE_ONLY___ ═
2024-12-04 15:41:32,965 INFO     ___FILE_ONLY___ ═
2024-12-04 15:41:32,966 INFO     ___FILE_ONLY___ ═
2024-12-04 15:41:32,966 INFO     ___FILE_ONLY___ ═
2024-12-04 15:41:32,966 INFO     ___FILE_ONLY___ ═
2024-12-04 15:41:32,968 INFO     ___FILE_ONLY___ ═
2024-12-04 15:41:32,969 INFO     ___FILE_ONLY___ ═
2024-12-04 15:41:32,970 INFO     ___FILE_ONLY___ ═
2024-12-04 15:41:32,971 INFO     ___FILE_ONLY___ ═
2024-12-04 15:41:32,972 INFO     ___FILE_ONLY___ ═
2024-12-04 15:41:32,972 INFO     ___FILE_ONLY___ ═
2024-12-04 15:41:32,973 INFO     ___FILE_ONLY___ ═
2024-12-04 15:41:32,973 INFO     ___FILE_ONLY___ ═
2024-12-04 15:41:32,973 INFO     ___FILE_ONLY___ ═
2024-12-04 15:41:32,974 INFO     ___FILE_ONLY___ ═
2024-12-04 15:41:32,974 INFO     ___FILE_ONLY___ ═
2024-12-04 15:41:32,974 INFO     ___FILE_ONLY___ ═
2024-12-04 15:41:32,975 INFO     ___FILE_ONLY___ ═
2024-12-04 15:41:32,975 INFO     ___FILE_ONLY___ ═
2024-12-04 15:41:32,976 INFO     ___FILE_ONLY___ ═
2024-12-04 15:41:32,976 INFO     ___FILE_ONLY___ ═
2024-12-04 15:41:32,976 INFO     ___FILE_ONLY___ ═
2024-12-04 15:41:32,977 INFO     ___FILE_ONLY___ ═
2024-12-04 15:41:32,977 INFO     ___FILE_ONLY___ ═
2024-12-04 15:41:32,977 INFO     ___FILE_ONLY___ ╝

2024-12-04 15:41:32,987 INFO     ___FILE_ONLY___ ╔════════════════════════════════════════════════════════════╗

2024-12-04 15:41:32,987 INFO     ___FILE_ONLY___ ╠═ Downloading: gcloud Alpha Commands                       ═╣

2024-12-04 15:41:32,987 INFO     ___FILE_ONLY___ ╚
2024-12-04 15:41:32,990 DEBUG    urllib3.connectionpool Starting new HTTPS connection (1): dl.google.com:443
2024-12-04 15:41:33,185 DEBUG    urllib3.connectionpool https://dl.google.com:443 "GET /dl/cloudsdk/channels/rapid/components/google-cloud-sdk-alpha-20241115154308.tar.gz HTTP/1.1" 200 800
2024-12-04 15:41:33,187 INFO     ___FILE_ONLY___ ════════════════════════════════════════════════════════════
2024-12-04 15:41:33,187 INFO     ___FILE_ONLY___ ╝

2024-12-04 15:41:33,202 INFO     ___FILE_ONLY___ ╔════════════════════════════════════════════════════════════╗

2024-12-04 15:41:33,202 INFO     ___FILE_ONLY___ ╠═ Downloading: gcloud Beta Commands                        ═╣

2024-12-04 15:41:33,202 INFO     ___FILE_ONLY___ ╚
2024-12-04 15:41:33,207 DEBUG    urllib3.connectionpool Starting new HTTPS connection (1): dl.google.com:443
2024-12-04 15:41:33,412 DEBUG    urllib3.connectionpool https://dl.google.com:443 "GET /dl/cloudsdk/channels/rapid/components/google-cloud-sdk-beta-20241115154308.tar.gz HTTP/1.1" 200 797
2024-12-04 15:41:33,414 INFO     ___FILE_ONLY___ ════════════════════════════════════════════════════════════
2024-12-04 15:41:33,414 INFO     ___FILE_ONLY___ ╝

2024-12-04 15:41:33,428 INFO     ___FILE_ONLY___ ╔════════════════════════════════════════════════════════════╗

2024-12-04 15:41:33,428 INFO     ___FILE_ONLY___ ╠═ Downloading: gcloud cli dependencies (Platform Specific) ═╣

2024-12-04 15:41:33,428 INFO     ___FILE_ONLY___ ╚
2024-12-04 15:41:33,433 DEBUG    urllib3.connectionpool Starting new HTTPS connection (1): dl.google.com:443
2024-12-04 15:41:33,627 DEBUG    urllib3.connectionpool https://dl.google.com:443 "GET /dl/cloudsdk/channels/rapid/components/google-cloud-sdk-gcloud-deps-darwin-x86_64-20210416153011.tar.gz HTTP/1.1" 200 105
2024-12-04 15:41:33,629 INFO     ___FILE_ONLY___ ════════════════════════════════════════════════════════════
2024-12-04 15:41:33,630 INFO     ___FILE_ONLY___ ╝

2024-12-04 15:41:33,647 INFO     ___FILE_ONLY___ ╔════════════════════════════════════════════════════════════╗

2024-12-04 15:41:33,647 INFO     ___FILE_ONLY___ ╠═ Downloading: gke-gcloud-auth-plugin                      ═╣

2024-12-04 15:41:33,647 INFO     ___FILE_ONLY___ ╚
2024-12-04 15:41:33,648 INFO     ___FILE_ONLY___ ════════════════════════════════════════════════════════════
2024-12-04 15:41:33,648 INFO     ___FILE_ONLY___ ╝

2024-12-04 15:41:33,658 INFO     ___FILE_ONLY___ ╔════════════════════════════════════════════════════════════╗

2024-12-04 15:41:33,658 INFO     ___FILE_ONLY___ ╠═ Downloading: gke-gcloud-auth-plugin (Platform Specific)  ═╣

2024-12-04 15:41:33,658 INFO     ___FILE_ONLY___ ╚
2024-12-04 15:41:33,662 DEBUG    urllib3.connectionpool Starting new HTTPS connection (1): dl.google.com:443
2024-12-04 15:41:33,873 DEBUG    urllib3.connectionpool https://dl.google.com:443 "GET /dl/cloudsdk/channels/rapid/components/google-cloud-sdk-gke-gcloud-auth-plugin-darwin-arm-20240628141907.tar.gz HTTP/1.1" 200 4148014
2024-12-04 15:41:34,176 INFO     ___FILE_ONLY___ ═
2024-12-04 15:41:34,177 INFO     ___FILE_ONLY___ ═
2024-12-04 15:41:34,177 INFO     ___FILE_ONLY___ ═
2024-12-04 15:41:34,177 INFO     ___FILE_ONLY___ ═
2024-12-04 15:41:34,177 INFO     ___FILE_ONLY___ ═
2024-12-04 15:41:34,177 INFO     ___FILE_ONLY___ ═
2024-12-04 15:41:34,177 INFO     ___FILE_ONLY___ ═
2024-12-04 15:41:34,177 INFO     ___FILE_ONLY___ ═
2024-12-04 15:41:34,178 INFO     ___FILE_ONLY___ ═
2024-12-04 15:41:34,178 INFO     ___FILE_ONLY___ ═
2024-12-04 15:41:34,178 INFO     ___FILE_ONLY___ ═
2024-12-04 15:41:34,178 INFO     ___FILE_ONLY___ ═
2024-12-04 15:41:34,178 INFO     ___FILE_ONLY___ ═
2024-12-04 15:41:34,178 INFO     ___FILE_ONLY___ ═
2024-12-04 15:41:34,178 INFO     ___FILE_ONLY___ ═
2024-12-04 15:41:34,178 INFO     ___FILE_ONLY___ ═
2024-12-04 15:41:34,179 INFO     ___FILE_ONLY___ ═
2024-12-04 15:41:34,179 INFO     ___FILE_ONLY___ ═
2024-12-04 15:41:34,179 INFO     ___FILE_ONLY___ ═
2024-12-04 15:41:34,179 INFO     ___FILE_ONLY___ ═
2024-12-04 15:41:34,179 INFO     ___FILE_ONLY___ ═
2024-12-04 15:41:34,179 INFO     ___FILE_ONLY___ ═
2024-12-04 15:41:34,179 INFO     ___FILE_ONLY___ ═
2024-12-04 15:41:34,180 INFO     ___FILE_ONLY___ ═
2024-12-04 15:41:34,180 INFO     ___FILE_ONLY___ ═
2024-12-04 15:41:34,180 INFO     ___FILE_ONLY___ ═
2024-12-04 15:41:34,180 INFO     ___FILE_ONLY___ ═
2024-12-04 15:41:34,180 INFO     ___FILE_ONLY___ ═
2024-12-04 15:41:34,180 INFO     ___FILE_ONLY___ ═
2024-12-04 15:41:34,180 INFO     ___FILE_ONLY___ ═
2024-12-04 15:41:34,181 INFO     ___FILE_ONLY___ ═
2024-12-04 15:41:34,181 INFO     ___FILE_ONLY___ ═
2024-12-04 15:41:34,181 INFO     ___FILE_ONLY___ ═
2024-12-04 15:41:34,181 INFO     ___FILE_ONLY___ ═
2024-12-04 15:41:34,181 INFO     ___FILE_ONLY___ ═
2024-12-04 15:41:34,181 INFO     ___FILE_ONLY___ ═
2024-12-04 15:41:34,181 INFO     ___FILE_ONLY___ ═
2024-12-04 15:41:34,181 INFO     ___FILE_ONLY___ ═
2024-12-04 15:41:34,182 INFO     ___FILE_ONLY___ ═
2024-12-04 15:41:34,182 INFO     ___FILE_ONLY___ ═
2024-12-04 15:41:34,182 INFO     ___FILE_ONLY___ ═
2024-12-04 15:41:34,182 INFO     ___FILE_ONLY___ ═
2024-12-04 15:41:34,182 INFO     ___FILE_ONLY___ ═
2024-12-04 15:41:34,182 INFO     ___FILE_ONLY___ ═
2024-12-04 15:41:34,182 INFO     ___FILE_ONLY___ ═
2024-12-04 15:41:34,182 INFO     ___FILE_ONLY___ ═
2024-12-04 15:41:34,183 INFO     ___FILE_ONLY___ ═
2024-12-04 15:41:34,183 INFO     ___FILE_ONLY___ ═
2024-12-04 15:41:34,183 INFO     ___FILE_ONLY___ ═
2024-12-04 15:41:34,183 INFO     ___FILE_ONLY___ ═
2024-12-04 15:41:34,183 INFO     ___FILE_ONLY___ ═
2024-12-04 15:41:34,183 INFO     ___FILE_ONLY___ ═
2024-12-04 15:41:34,183 INFO     ___FILE_ONLY___ ═
2024-12-04 15:41:34,183 INFO     ___FILE_ONLY___ ═
2024-12-04 15:41:34,184 INFO     ___FILE_ONLY___ ═
2024-12-04 15:41:34,184 INFO     ___FILE_ONLY___ ═
2024-12-04 15:41:34,184 INFO     ___FILE_ONLY___ ═
2024-12-04 15:41:34,184 INFO     ___FILE_ONLY___ ═
2024-12-04 15:41:34,184 INFO     ___FILE_ONLY___ ═
2024-12-04 15:41:34,184 INFO     ___FILE_ONLY___ ═
2024-12-04 15:41:34,184 INFO     ___FILE_ONLY___ ╝

2024-12-04 15:41:34,196 INFO     ___FILE_ONLY___ ╔════════════════════════════════════════════════════════════╗

2024-12-04 15:41:34,196 INFO     ___FILE_ONLY___ ╠═ Downloading: kubectl                                     ═╣

2024-12-04 15:41:34,196 INFO     ___FILE_ONLY___ ╚
2024-12-04 15:41:34,199 DEBUG    urllib3.connectionpool Starting new HTTPS connection (1): dl.google.com:443
2024-12-04 15:41:34,391 DEBUG    urllib3.connectionpool https://dl.google.com:443 "GET /dl/cloudsdk/channels/rapid/components/google-cloud-sdk-kubectl-20241004144944.tar.gz HTTP/1.1" 200 36206
2024-12-04 15:41:34,442 INFO     ___FILE_ONLY___ ═══════════════════════════
2024-12-04 15:41:34,442 INFO     ___FILE_ONLY___ ═══════════════════════════
2024-12-04 15:41:34,442 INFO     ___FILE_ONLY___ ══════
2024-12-04 15:41:34,442 INFO     ___FILE_ONLY___ ╝

2024-12-04 15:41:34,456 INFO     ___FILE_ONLY___ ╔════════════════════════════════════════════════════════════╗

2024-12-04 15:41:34,457 INFO     ___FILE_ONLY___ ╠═ Downloading: kubectl (Platform Specific)                 ═╣

2024-12-04 15:41:34,457 INFO     ___FILE_ONLY___ ╚
2024-12-04 15:41:34,461 DEBUG    urllib3.connectionpool Starting new HTTPS connection (1): dl.google.com:443
2024-12-04 15:41:34,667 DEBUG    urllib3.connectionpool https://dl.google.com:443 "GET /dl/cloudsdk/channels/rapid/components/google-cloud-sdk-kubectl-darwin-arm-20241108162203.tar.gz HTTP/1.1" 200 90277960
2024-12-04 15:41:40,241 INFO     ___FILE_ONLY___ ═
2024-12-04 15:41:40,242 INFO     ___FILE_ONLY___ ═
2024-12-04 15:41:40,243 INFO     ___FILE_ONLY___ ═
2024-12-04 15:41:40,244 INFO     ___FILE_ONLY___ ═
2024-12-04 15:41:40,245 INFO     ___FILE_ONLY___ ═
2024-12-04 15:41:40,246 INFO     ___FILE_ONLY___ ═
2024-12-04 15:41:40,247 INFO     ___FILE_ONLY___ ═
2024-12-04 15:41:40,248 INFO     ___FILE_ONLY___ ═
2024-12-04 15:41:40,249 INFO     ___FILE_ONLY___ ═
2024-12-04 15:41:40,250 INFO     ___FILE_ONLY___ ═
2024-12-04 15:41:40,251 INFO     ___FILE_ONLY___ ═
2024-12-04 15:41:40,256 INFO     ___FILE_ONLY___ ═
2024-12-04 15:41:40,257 INFO     ___FILE_ONLY___ ═
2024-12-04 15:41:40,258 INFO     ___FILE_ONLY___ ═
2024-12-04 15:41:40,259 INFO     ___FILE_ONLY___ ═
2024-12-04 15:41:40,260 INFO     ___FILE_ONLY___ ═
2024-12-04 15:41:40,266 INFO     ___FILE_ONLY___ ═
2024-12-04 15:41:40,267 INFO     ___FILE_ONLY___ ═
2024-12-04 15:41:40,268 INFO     ___FILE_ONLY___ ═
2024-12-04 15:41:40,269 INFO     ___FILE_ONLY___ ═
2024-12-04 15:41:40,270 INFO     ___FILE_ONLY___ ═
2024-12-04 15:41:40,270 INFO     ___FILE_ONLY___ ═
2024-12-04 15:41:40,276 INFO     ___FILE_ONLY___ ═
2024-12-04 15:41:40,279 INFO     ___FILE_ONLY___ ═
2024-12-04 15:41:40,280 INFO     ___FILE_ONLY___ ═
2024-12-04 15:41:40,281 INFO     ___FILE_ONLY___ ═
2024-12-04 15:41:40,281 INFO     ___FILE_ONLY___ ═
2024-12-04 15:41:40,288 INFO     ___FILE_ONLY___ ═
2024-12-04 15:41:40,289 INFO     ___FILE_ONLY___ ═
2024-12-04 15:41:40,292 INFO     ___FILE_ONLY___ ═
2024-12-04 15:41:40,293 INFO     ___FILE_ONLY___ ═
2024-12-04 15:41:40,294 INFO     ___FILE_ONLY___ ═
2024-12-04 15:41:40,295 INFO     ___FILE_ONLY___ ═
2024-12-04 15:41:40,296 INFO     ___FILE_ONLY___ ═
2024-12-04 15:41:40,297 INFO     ___FILE_ONLY___ ═
2024-12-04 15:41:40,298 INFO     ___FILE_ONLY___ ═
2024-12-04 15:41:40,302 INFO     ___FILE_ONLY___ ═
2024-12-04 15:41:40,303 INFO     ___FILE_ONLY___ ═
2024-12-04 15:41:40,304 INFO     ___FILE_ONLY___ ═
2024-12-04 15:41:40,310 INFO     ___FILE_ONLY___ ═
2024-12-04 15:41:40,311 INFO     ___FILE_ONLY___ ═
2024-12-04 15:41:40,312 INFO     ___FILE_ONLY___ ═
2024-12-04 15:41:40,315 INFO     ___FILE_ONLY___ ═
2024-12-04 15:41:40,316 INFO     ___FILE_ONLY___ ═
2024-12-04 15:41:40,321 INFO     ___FILE_ONLY___ ═
2024-12-04 15:41:40,322 INFO     ___FILE_ONLY___ ═
2024-12-04 15:41:40,322 INFO     ___FILE_ONLY___ ═
2024-12-04 15:41:40,323 INFO     ___FILE_ONLY___ ═
2024-12-04 15:41:40,324 INFO     ___FILE_ONLY___ ═
2024-12-04 15:41:40,326 INFO     ___FILE_ONLY___ ═
2024-12-04 15:41:40,331 INFO     ___FILE_ONLY___ ═
2024-12-04 15:41:40,332 INFO     ___FILE_ONLY___ ═
2024-12-04 15:41:40,333 INFO     ___FILE_ONLY___ ═
2024-12-04 15:41:40,334 INFO     ___FILE_ONLY___ ═
2024-12-04 15:41:40,335 INFO     ___FILE_ONLY___ ═
2024-12-04 15:41:40,340 INFO     ___FILE_ONLY___ ═
2024-12-04 15:41:40,341 INFO     ___FILE_ONLY___ ═
2024-12-04 15:41:40,341 INFO     ___FILE_ONLY___ ═
2024-12-04 15:41:40,342 INFO     ___FILE_ONLY___ ═
2024-12-04 15:41:40,343 INFO     ___FILE_ONLY___ ═
2024-12-04 15:41:40,343 INFO     ___FILE_ONLY___ ╝

2024-12-04 15:41:40,366 INFO     ___FILE_ONLY___ ╔════════════════════════════════════════════════════════════╗

2024-12-04 15:41:40,366 INFO     ___FILE_ONLY___ ╠═ Installing: Google Cloud CLI Core Libraries (Platform... ═╣

2024-12-04 15:41:40,366 INFO     ___FILE_ONLY___ ╚
2024-12-04 15:41:40,369 INFO     ___FILE_ONLY___ ══════════════════════════════
2024-12-04 15:41:40,369 INFO     ___FILE_ONLY___ ══════════════════════════════
2024-12-04 15:41:40,369 INFO     ___FILE_ONLY___ ╝

2024-12-04 15:41:40,379 INFO     ___FILE_ONLY___ ╔════════════════════════════════════════════════════════════╗

2024-12-04 15:41:40,379 INFO     ___FILE_ONLY___ ╠═ Installing: Minikube                                     ═╣

2024-12-04 15:41:40,379 INFO     ___FILE_ONLY___ ╚
2024-12-04 15:41:40,383 INFO     ___FILE_ONLY___ ════════════════════════════════════════════════════════════
2024-12-04 15:41:40,383 INFO     ___FILE_ONLY___ ╝

2024-12-04 15:41:40,389 INFO     ___FILE_ONLY___ ╔════════════════════════════════════════════════════════════╗

2024-12-04 15:41:40,389 INFO     ___FILE_ONLY___ ╠═ Installing: Minikube (Platform Specific)                 ═╣

2024-12-04 15:41:40,389 INFO     ___FILE_ONLY___ ╚
2024-12-04 15:41:40,752 INFO     ___FILE_ONLY___ ════════════════════════════════════════════════════════════
2024-12-04 15:41:40,755 INFO     ___FILE_ONLY___ ╝

2024-12-04 15:41:40,769 INFO     ___FILE_ONLY___ ╔════════════════════════════════════════════════════════════╗

2024-12-04 15:41:40,769 INFO     ___FILE_ONLY___ ╠═ Installing: Skaffold                                     ═╣

2024-12-04 15:41:40,769 INFO     ___FILE_ONLY___ ╚
2024-12-04 15:41:40,771 INFO     ___FILE_ONLY___ ════════════════════════════════════════════════════════════
2024-12-04 15:41:40,771 INFO     ___FILE_ONLY___ ╝

2024-12-04 15:41:40,776 INFO     ___FILE_ONLY___ ╔════════════════════════════════════════════════════════════╗

2024-12-04 15:41:40,776 INFO     ___FILE_ONLY___ ╠═ Installing: Skaffold (Platform Specific)                 ═╣

2024-12-04 15:41:40,776 INFO     ___FILE_ONLY___ ╚
2024-12-04 15:41:41,153 INFO     ___FILE_ONLY___ ════════════════════════════════════════════════════════════
2024-12-04 15:41:41,157 INFO     ___FILE_ONLY___ ╝

2024-12-04 15:41:41,172 INFO     ___FILE_ONLY___ ╔════════════════════════════════════════════════════════════╗

2024-12-04 15:41:41,173 INFO     ___FILE_ONLY___ ╠═ Installing: gcloud Alpha Commands                        ═╣

2024-12-04 15:41:41,173 INFO     ___FILE_ONLY___ ╚
2024-12-04 15:41:41,174 INFO     ___FILE_ONLY___ ════════════════════════════════════════════════════════════
2024-12-04 15:41:41,174 INFO     ___FILE_ONLY___ ╝

2024-12-04 15:41:41,181 INFO     ___FILE_ONLY___ ╔════════════════════════════════════════════════════════════╗

2024-12-04 15:41:41,181 INFO     ___FILE_ONLY___ ╠═ Installing: gcloud Beta Commands                         ═╣

2024-12-04 15:41:41,181 INFO     ___FILE_ONLY___ ╚
2024-12-04 15:41:41,182 INFO     ___FILE_ONLY___ ════════════════════════════════════════════════════════════
2024-12-04 15:41:41,182 INFO     ___FILE_ONLY___ ╝

2024-12-04 15:41:41,188 INFO     ___FILE_ONLY___ ╔════════════════════════════════════════════════════════════╗

2024-12-04 15:41:41,188 INFO     ___FILE_ONLY___ ╠═ Installing: gcloud cli dependencies (Platform Specific)  ═╣

2024-12-04 15:41:41,188 INFO     ___FILE_ONLY___ ╚
2024-12-04 15:41:41,188 INFO     ___FILE_ONLY___ ════════════════════════════════════════════════════════════
2024-12-04 15:41:41,189 INFO     ___FILE_ONLY___ ╝

2024-12-04 15:41:41,194 INFO     ___FILE_ONLY___ ╔════════════════════════════════════════════════════════════╗

2024-12-04 15:41:41,195 INFO     ___FILE_ONLY___ ╠═ Installing: gke-gcloud-auth-plugin                       ═╣

2024-12-04 15:41:41,195 INFO     ___FILE_ONLY___ ╚
2024-12-04 15:41:41,196 INFO     ___FILE_ONLY___ ════════════════════════════════════════════════════════════
2024-12-04 15:41:41,196 INFO     ___FILE_ONLY___ ╝

2024-12-04 15:41:41,201 INFO     ___FILE_ONLY___ ╔════════════════════════════════════════════════════════════╗

2024-12-04 15:41:41,201 INFO     ___FILE_ONLY___ ╠═ Installing: gke-gcloud-auth-plugin (Platform Specific)   ═╣

2024-12-04 15:41:41,201 INFO     ___FILE_ONLY___ ╚
2024-12-04 15:41:41,254 INFO     ___FILE_ONLY___ ════════════════════════════════════════════════════════════
2024-12-04 15:41:41,254 INFO     ___FILE_ONLY___ ╝

2024-12-04 15:41:41,262 INFO     ___FILE_ONLY___ ╔════════════════════════════════════════════════════════════╗

2024-12-04 15:41:41,262 INFO     ___FILE_ONLY___ ╠═ Installing: kubectl                                      ═╣

2024-12-04 15:41:41,262 INFO     ___FILE_ONLY___ ╚
2024-12-04 15:41:41,264 INFO     ___FILE_ONLY___ ════════════════════════════════════════════════════════════
2024-12-04 15:41:41,264 INFO     ___FILE_ONLY___ ╝

2024-12-04 15:41:41,271 INFO     ___FILE_ONLY___ ╔════════════════════════════════════════════════════════════╗

2024-12-04 15:41:41,271 INFO     ___FILE_ONLY___ ╠═ Installing: kubectl (Platform Specific)                  ═╣

2024-12-04 15:41:41,271 INFO     ___FILE_ONLY___ ╚
2024-12-04 15:41:41,849 INFO     ___FILE_ONLY___ ══════════
2024-12-04 15:41:41,969 INFO     ___FILE_ONLY___ ══════════
2024-12-04 15:41:42,091 INFO     ___FILE_ONLY___ ══════════
2024-12-04 15:41:42,215 INFO     ___FILE_ONLY___ ══════════
2024-12-04 15:41:42,336 INFO     ___FILE_ONLY___ ══════════
2024-12-04 15:41:42,465 INFO     ___FILE_ONLY___ ══════════
2024-12-04 15:41:42,465 INFO     ___FILE_ONLY___ ╝

2024-12-04 15:41:42,476 DEBUG    root            Updating notification cache...
2024-12-04 15:41:42,477 INFO     ___FILE_ONLY___ 

2024-12-04 15:41:42,483 INFO     ___FILE_ONLY___ Performing post processing steps...
2024-12-04 15:41:42,483 DEBUG    root            Executing command: ['/Users/demetris.mina/Library/Application Support/cloud-code/installer/google-cloud-sdk/bin/gcloud', 'components', 'post-process', '--no-compile-python']
2024-12-04 15:41:43,130 DEBUG    ___FILE_ONLY___ 
2024-12-04 15:41:43,130 DEBUG    ___FILE_ONLY___ 
2024-12-04 15:41:43,253 INFO     ___FILE_ONLY___ 
Update done!


2024-12-04 15:41:43,257 WARNING  root              There are other instances of Google Cloud tools on your system PATH.
  Please remove the following to avoid confusion or accidental invocation:

  /opt/homebrew/share/google-cloud-sdk/bin/docker-credential-gcloud
/opt/homebrew/share/google-cloud-sdk/bin/gcloud

  
2024-12-04 15:41:43,259 DEBUG    root            Chosen display Format:none
2024-12-04 15:41:43,259 INFO     root            Display format: "none"
2024-12-04 15:41:43,262 DEBUG    root            Executing command: ['curl', '--silent', '-O', 'https://dl.google.com/dl/cloudsdk/channels/rapid/python-3.11.6-macos11.tar.gz']
2024-12-04 15:41:46,068 DEBUG    root            Executing command: ['tar', '-xf', 'python-3.11.6-macos11.tar.gz']
2024-12-04 15:41:46,159 DEBUG    root            Executing command: ['sudo', 'installer', '-target', '/', '-pkg', './python-3.11.6-macos11.pkg']
