2024-12-04 15:42:51,790 DEBUG    root            Metrics collector initialized...
2024-12-04 15:42:51,791 DEBUG    root            Loaded Command Group: ['gcloud', 'components']
2024-12-04 15:42:51,793 DEBUG    root            Loaded Command Group: ['gcloud', 'components', 'update']
2024-12-04 15:42:51,794 DEBUG    root            Running [gcloud.components.update] with arguments: [--no-compile-python: "False", --quiet: "True", COMPONENT-IDS:6: "['alpha', 'beta', 'gke-gcloud-auth-plugin', 'kubectl', 'skaffold', 'minikube']"]
2024-12-04 15:42:51,794 INFO     ___FILE_ONLY___ Beginning update. This process may take several minutes.

2024-12-04 15:42:51,811 DEBUG    urllib3.connectionpool Starting new HTTPS connection (1): dl.google.com:443
2024-12-04 15:42:52,012 DEBUG    urllib3.connectionpool https://dl.google.com:443 "GET /dl/cloudsdk/channels/rapid/components-2.json HTTP/1.1" 200 227816
2024-12-04 15:42:52,123 INFO     ___FILE_ONLY___ 

2024-12-04 15:42:52,124 INFO     ___FILE_ONLY___ 
Your current Google Cloud CLI version is: 502.0.0

2024-12-04 15:42:52,124 INFO     ___FILE_ONLY___ Installing components from version: 502.0.0

2024-12-04 15:42:52,124 INFO     ___FILE_ONLY___ 

2024-12-04 15:42:52,125 DEBUG    root            Chosen display Format:table[box,title="These components will be removed."](details.display_name:label=Name:align=left,version.version_string:label=Version:align=right,data.size.size(zero="",min=1048576):label=Size:align=right)
2024-12-04 15:42:52,125 DEBUG    root            Chosen display Format:table[box,title="These components will be updated."](details.display_name:label=Name:align=left,version.version_string:label=Version:align=right,data.size.size(zero="",min=1048576):label=Size:align=right)
2024-12-04 15:42:52,126 DEBUG    root            Chosen display Format:table[box,title="These components will be installed."](details.display_name:label=Name:align=left,version.version_string:label=Version:align=right,data.size.size(zero="",min=1048576):label=Size:align=right)
2024-12-04 15:42:52,180 INFO     ___FILE_ONLY___ ┌─────────────────────────────────────────────────────────────────────────────┐
2024-12-04 15:42:52,180 INFO     ___FILE_ONLY___ 

2024-12-04 15:42:52,180 INFO     ___FILE_ONLY___ │                     These components will be installed.                     │
2024-12-04 15:42:52,180 INFO     ___FILE_ONLY___ 

2024-12-04 15:42:52,180 INFO     ___FILE_ONLY___ ├─────────────────────────────────────────────────────┬────────────┬──────────┤
2024-12-04 15:42:52,180 INFO     ___FILE_ONLY___ 

2024-12-04 15:42:52,180 INFO     ___FILE_ONLY___ │                         Name                        │  Version   │   Size   │
2024-12-04 15:42:52,180 INFO     ___FILE_ONLY___ 

2024-12-04 15:42:52,180 INFO     ___FILE_ONLY___ ├─────────────────────────────────────────────────────┼────────────┼──────────┤
2024-12-04 15:42:52,180 INFO     ___FILE_ONLY___ 

2024-12-04 15:42:52,180 INFO     ___FILE_ONLY___ │ 
2024-12-04 15:42:52,180 INFO     ___FILE_ONLY___ Google Cloud CLI Core Libraries (Platform Specific)
2024-12-04 15:42:52,180 INFO     ___FILE_ONLY___  
2024-12-04 15:42:52,180 INFO     ___FILE_ONLY___ │ 
2024-12-04 15:42:52,180 INFO     ___FILE_ONLY___ 2024.08.30
2024-12-04 15:42:52,180 INFO     ___FILE_ONLY___  
2024-12-04 15:42:52,180 INFO     ___FILE_ONLY___ │ 
2024-12-04 15:42:52,180 INFO     ___FILE_ONLY___  < 1 MiB
2024-12-04 15:42:52,180 INFO     ___FILE_ONLY___  
2024-12-04 15:42:52,180 INFO     ___FILE_ONLY___ │
2024-12-04 15:42:52,180 INFO     ___FILE_ONLY___ 

2024-12-04 15:42:52,180 INFO     ___FILE_ONLY___ │ 
2024-12-04 15:42:52,180 INFO     ___FILE_ONLY___ Minikube (Platform Specific)                       
2024-12-04 15:42:52,180 INFO     ___FILE_ONLY___  
2024-12-04 15:42:52,180 INFO     ___FILE_ONLY___ │ 
2024-12-04 15:42:52,180 INFO     ___FILE_ONLY___     1.34.0
2024-12-04 15:42:52,180 INFO     ___FILE_ONLY___  
2024-12-04 15:42:52,180 INFO     ___FILE_ONLY___ │ 
2024-12-04 15:42:52,180 INFO     ___FILE_ONLY___ 37.2 MiB
2024-12-04 15:42:52,180 INFO     ___FILE_ONLY___  
2024-12-04 15:42:52,181 INFO     ___FILE_ONLY___ │
2024-12-04 15:42:52,181 INFO     ___FILE_ONLY___ 

2024-12-04 15:42:52,181 INFO     ___FILE_ONLY___ │ 
2024-12-04 15:42:52,181 INFO     ___FILE_ONLY___ Skaffold (Platform Specific)                       
2024-12-04 15:42:52,181 INFO     ___FILE_ONLY___  
2024-12-04 15:42:52,181 INFO     ___FILE_ONLY___ │ 
2024-12-04 15:42:52,181 INFO     ___FILE_ONLY___     2.13.1
2024-12-04 15:42:52,181 INFO     ___FILE_ONLY___  
2024-12-04 15:42:52,181 INFO     ___FILE_ONLY___ │ 
2024-12-04 15:42:52,181 INFO     ___FILE_ONLY___ 22.9 MiB
2024-12-04 15:42:52,181 INFO     ___FILE_ONLY___  
2024-12-04 15:42:52,181 INFO     ___FILE_ONLY___ │
2024-12-04 15:42:52,181 INFO     ___FILE_ONLY___ 

2024-12-04 15:42:52,186 INFO     ___FILE_ONLY___ │ 
2024-12-04 15:42:52,186 INFO     ___FILE_ONLY___ gcloud Alpha Commands                              
2024-12-04 15:42:52,186 INFO     ___FILE_ONLY___  
2024-12-04 15:42:52,186 INFO     ___FILE_ONLY___ │ 
2024-12-04 15:42:52,186 INFO     ___FILE_ONLY___ 2024.11.15
2024-12-04 15:42:52,186 INFO     ___FILE_ONLY___  
2024-12-04 15:42:52,186 INFO     ___FILE_ONLY___ │ 
2024-12-04 15:42:52,186 INFO     ___FILE_ONLY___  < 1 MiB
2024-12-04 15:42:52,186 INFO     ___FILE_ONLY___  
2024-12-04 15:42:52,186 INFO     ___FILE_ONLY___ │
2024-12-04 15:42:52,186 INFO     ___FILE_ONLY___ 

2024-12-04 15:42:52,186 INFO     ___FILE_ONLY___ │ 
2024-12-04 15:42:52,186 INFO     ___FILE_ONLY___ gcloud Beta Commands                               
2024-12-04 15:42:52,186 INFO     ___FILE_ONLY___  
2024-12-04 15:42:52,186 INFO     ___FILE_ONLY___ │ 
2024-12-04 15:42:52,186 INFO     ___FILE_ONLY___ 2024.11.15
2024-12-04 15:42:52,186 INFO     ___FILE_ONLY___  
2024-12-04 15:42:52,186 INFO     ___FILE_ONLY___ │ 
2024-12-04 15:42:52,186 INFO     ___FILE_ONLY___  < 1 MiB
2024-12-04 15:42:52,186 INFO     ___FILE_ONLY___  
2024-12-04 15:42:52,186 INFO     ___FILE_ONLY___ │
2024-12-04 15:42:52,186 INFO     ___FILE_ONLY___ 

2024-12-04 15:42:52,186 INFO     ___FILE_ONLY___ │ 
2024-12-04 15:42:52,186 INFO     ___FILE_ONLY___ gcloud cli dependencies (Platform Specific)        
2024-12-04 15:42:52,186 INFO     ___FILE_ONLY___  
2024-12-04 15:42:52,186 INFO     ___FILE_ONLY___ │ 
2024-12-04 15:42:52,186 INFO     ___FILE_ONLY___ 2021.04.16
2024-12-04 15:42:52,186 INFO     ___FILE_ONLY___  
2024-12-04 15:42:52,186 INFO     ___FILE_ONLY___ │ 
2024-12-04 15:42:52,186 INFO     ___FILE_ONLY___  < 1 MiB
2024-12-04 15:42:52,186 INFO     ___FILE_ONLY___  
2024-12-04 15:42:52,186 INFO     ___FILE_ONLY___ │
2024-12-04 15:42:52,187 INFO     ___FILE_ONLY___ 

2024-12-04 15:42:52,187 INFO     ___FILE_ONLY___ │ 
2024-12-04 15:42:52,187 INFO     ___FILE_ONLY___ gke-gcloud-auth-plugin (Platform Specific)         
2024-12-04 15:42:52,187 INFO     ___FILE_ONLY___  
2024-12-04 15:42:52,187 INFO     ___FILE_ONLY___ │ 
2024-12-04 15:42:52,187 INFO     ___FILE_ONLY___      0.5.9
2024-12-04 15:42:52,187 INFO     ___FILE_ONLY___  
2024-12-04 15:42:52,187 INFO     ___FILE_ONLY___ │ 
2024-12-04 15:42:52,187 INFO     ___FILE_ONLY___  4.0 MiB
2024-12-04 15:42:52,187 INFO     ___FILE_ONLY___  
2024-12-04 15:42:52,187 INFO     ___FILE_ONLY___ │
2024-12-04 15:42:52,187 INFO     ___FILE_ONLY___ 

2024-12-04 15:42:52,187 INFO     ___FILE_ONLY___ │ 
2024-12-04 15:42:52,187 INFO     ___FILE_ONLY___ kubectl                                            
2024-12-04 15:42:52,187 INFO     ___FILE_ONLY___  
2024-12-04 15:42:52,187 INFO     ___FILE_ONLY___ │ 
2024-12-04 15:42:52,187 INFO     ___FILE_ONLY___     1.30.5
2024-12-04 15:42:52,187 INFO     ___FILE_ONLY___  
2024-12-04 15:42:52,187 INFO     ___FILE_ONLY___ │ 
2024-12-04 15:42:52,187 INFO     ___FILE_ONLY___  < 1 MiB
2024-12-04 15:42:52,187 INFO     ___FILE_ONLY___  
2024-12-04 15:42:52,187 INFO     ___FILE_ONLY___ │
2024-12-04 15:42:52,187 INFO     ___FILE_ONLY___ 

2024-12-04 15:42:52,187 INFO     ___FILE_ONLY___ │ 
2024-12-04 15:42:52,187 INFO     ___FILE_ONLY___ kubectl (Platform Specific)                        
2024-12-04 15:42:52,187 INFO     ___FILE_ONLY___  
2024-12-04 15:42:52,187 INFO     ___FILE_ONLY___ │ 
2024-12-04 15:42:52,187 INFO     ___FILE_ONLY___     1.30.6
2024-12-04 15:42:52,187 INFO     ___FILE_ONLY___  
2024-12-04 15:42:52,187 INFO     ___FILE_ONLY___ │ 
2024-12-04 15:42:52,187 INFO     ___FILE_ONLY___ 86.1 MiB
2024-12-04 15:42:52,187 INFO     ___FILE_ONLY___  
2024-12-04 15:42:52,187 INFO     ___FILE_ONLY___ │
2024-12-04 15:42:52,187 INFO     ___FILE_ONLY___ 

2024-12-04 15:42:52,187 INFO     ___FILE_ONLY___ └─────────────────────────────────────────────────────┴────────────┴──────────┘
2024-12-04 15:42:52,187 INFO     ___FILE_ONLY___ 

2024-12-04 15:42:52,187 INFO     ___FILE_ONLY___ 

2024-12-04 15:42:52,189 DEBUG    urllib3.connectionpool Starting new HTTPS connection (1): dl.google.com:443
2024-12-04 15:42:52,466 DEBUG    urllib3.connectionpool https://dl.google.com:443 "GET /dl/cloudsdk/channels/rapid/RELEASE_NOTES HTTP/1.1" 200 1314602
2024-12-04 15:42:52,690 INFO     ___FILE_ONLY___ For the latest full release notes, please visit:
  https://cloud.google.com/sdk/release_notes


2024-12-04 15:42:52,691 INFO     ___FILE_ONLY___ Performing in place update...


2024-12-04 15:42:52,703 INFO     ___FILE_ONLY___ ╔════════════════════════════════════════════════════════════╗

2024-12-04 15:42:52,703 INFO     ___FILE_ONLY___ ╠═ Downloading: Google Cloud CLI Core Libraries (Platfor... ═╣

2024-12-04 15:42:52,703 INFO     ___FILE_ONLY___ ╚
2024-12-04 15:42:52,707 DEBUG    urllib3.connectionpool Starting new HTTPS connection (1): dl.google.com:443
2024-12-04 15:42:52,896 DEBUG    urllib3.connectionpool https://dl.google.com:443 "GET /dl/cloudsdk/channels/rapid/components/google-cloud-sdk-core-nix-20240830134514.tar.gz HTTP/1.1" 200 2306
2024-12-04 15:42:52,897 INFO     ___FILE_ONLY___ ════════════════════════════════════════════════════════════
2024-12-04 15:42:52,897 INFO     ___FILE_ONLY___ ╝

2024-12-04 15:42:52,910 INFO     ___FILE_ONLY___ ╔════════════════════════════════════════════════════════════╗

2024-12-04 15:42:52,910 INFO     ___FILE_ONLY___ ╠═ Downloading: Minikube                                    ═╣

2024-12-04 15:42:52,910 INFO     ___FILE_ONLY___ ╚
2024-12-04 15:42:52,910 INFO     ___FILE_ONLY___ ════════════════════════════════════════════════════════════
2024-12-04 15:42:52,910 INFO     ___FILE_ONLY___ ╝

2024-12-04 15:42:52,919 INFO     ___FILE_ONLY___ ╔════════════════════════════════════════════════════════════╗

2024-12-04 15:42:52,919 INFO     ___FILE_ONLY___ ╠═ Downloading: Minikube (Platform Specific)                ═╣

2024-12-04 15:42:52,919 INFO     ___FILE_ONLY___ ╚
2024-12-04 15:42:52,923 DEBUG    urllib3.connectionpool Starting new HTTPS connection (1): dl.google.com:443
2024-12-04 15:42:53,139 DEBUG    urllib3.connectionpool https://dl.google.com:443 "GET /dl/cloudsdk/channels/rapid/components/google-cloud-sdk-minikube-darwin-arm-20240927140238.tar.gz HTTP/1.1" 200 38981244
2024-12-04 15:42:55,770 INFO     ___FILE_ONLY___ ═
2024-12-04 15:42:55,771 INFO     ___FILE_ONLY___ ═
2024-12-04 15:42:55,772 INFO     ___FILE_ONLY___ ═
2024-12-04 15:42:55,774 INFO     ___FILE_ONLY___ ═
2024-12-04 15:42:55,775 INFO     ___FILE_ONLY___ ═
2024-12-04 15:42:55,775 INFO     ___FILE_ONLY___ ═
2024-12-04 15:42:55,776 INFO     ___FILE_ONLY___ ═
2024-12-04 15:42:55,776 INFO     ___FILE_ONLY___ ═
2024-12-04 15:42:55,777 INFO     ___FILE_ONLY___ ═
2024-12-04 15:42:55,777 INFO     ___FILE_ONLY___ ═
2024-12-04 15:42:55,778 INFO     ___FILE_ONLY___ ═
2024-12-04 15:42:55,778 INFO     ___FILE_ONLY___ ═
2024-12-04 15:42:55,779 INFO     ___FILE_ONLY___ ═
2024-12-04 15:42:55,780 INFO     ___FILE_ONLY___ ═
2024-12-04 15:42:55,781 INFO     ___FILE_ONLY___ ═
2024-12-04 15:42:55,782 INFO     ___FILE_ONLY___ ═
2024-12-04 15:42:55,782 INFO     ___FILE_ONLY___ ═
2024-12-04 15:42:55,783 INFO     ___FILE_ONLY___ ═
2024-12-04 15:42:55,783 INFO     ___FILE_ONLY___ ═
2024-12-04 15:42:55,784 INFO     ___FILE_ONLY___ ═
2024-12-04 15:42:55,784 INFO     ___FILE_ONLY___ ═
2024-12-04 15:42:55,784 INFO     ___FILE_ONLY___ ═
2024-12-04 15:42:55,785 INFO     ___FILE_ONLY___ ═
2024-12-04 15:42:55,785 INFO     ___FILE_ONLY___ ═
2024-12-04 15:42:55,786 INFO     ___FILE_ONLY___ ═
2024-12-04 15:42:55,790 INFO     ___FILE_ONLY___ ═
2024-12-04 15:42:55,790 INFO     ___FILE_ONLY___ ═
2024-12-04 15:42:55,791 INFO     ___FILE_ONLY___ ═
2024-12-04 15:42:55,791 INFO     ___FILE_ONLY___ ═
2024-12-04 15:42:55,792 INFO     ___FILE_ONLY___ ═
2024-12-04 15:42:55,792 INFO     ___FILE_ONLY___ ═
2024-12-04 15:42:55,792 INFO     ___FILE_ONLY___ ═
2024-12-04 15:42:55,793 INFO     ___FILE_ONLY___ ═
2024-12-04 15:42:55,793 INFO     ___FILE_ONLY___ ═
2024-12-04 15:42:55,794 INFO     ___FILE_ONLY___ ═
2024-12-04 15:42:55,794 INFO     ___FILE_ONLY___ ═
2024-12-04 15:42:55,795 INFO     ___FILE_ONLY___ ═
2024-12-04 15:42:55,795 INFO     ___FILE_ONLY___ ═
2024-12-04 15:42:55,800 INFO     ___FILE_ONLY___ ═
2024-12-04 15:42:55,800 INFO     ___FILE_ONLY___ ═
2024-12-04 15:42:55,801 INFO     ___FILE_ONLY___ ═
2024-12-04 15:42:55,801 INFO     ___FILE_ONLY___ ═
2024-12-04 15:42:55,802 INFO     ___FILE_ONLY___ ═
2024-12-04 15:42:55,802 INFO     ___FILE_ONLY___ ═
2024-12-04 15:42:55,802 INFO     ___FILE_ONLY___ ═
2024-12-04 15:42:55,803 INFO     ___FILE_ONLY___ ═
2024-12-04 15:42:55,803 INFO     ___FILE_ONLY___ ═
2024-12-04 15:42:55,804 INFO     ___FILE_ONLY___ ═
2024-12-04 15:42:55,804 INFO     ___FILE_ONLY___ ═
2024-12-04 15:42:55,805 INFO     ___FILE_ONLY___ ═
2024-12-04 15:42:55,805 INFO     ___FILE_ONLY___ ═
2024-12-04 15:42:55,809 INFO     ___FILE_ONLY___ ═
2024-12-04 15:42:55,809 INFO     ___FILE_ONLY___ ═
2024-12-04 15:42:55,810 INFO     ___FILE_ONLY___ ═
2024-12-04 15:42:55,810 INFO     ___FILE_ONLY___ ═
2024-12-04 15:42:55,811 INFO     ___FILE_ONLY___ ═
2024-12-04 15:42:55,811 INFO     ___FILE_ONLY___ ═
2024-12-04 15:42:55,812 INFO     ___FILE_ONLY___ ═
2024-12-04 15:42:55,812 INFO     ___FILE_ONLY___ ═
2024-12-04 15:42:55,812 INFO     ___FILE_ONLY___ ═
2024-12-04 15:42:55,812 INFO     ___FILE_ONLY___ ╝

2024-12-04 15:42:55,823 INFO     ___FILE_ONLY___ ╔════════════════════════════════════════════════════════════╗

2024-12-04 15:42:55,824 INFO     ___FILE_ONLY___ ╠═ Downloading: Skaffold                                    ═╣

2024-12-04 15:42:55,824 INFO     ___FILE_ONLY___ ╚
2024-12-04 15:42:55,824 INFO     ___FILE_ONLY___ ════════════════════════════════════════════════════════════
2024-12-04 15:42:55,824 INFO     ___FILE_ONLY___ ╝

2024-12-04 15:42:55,829 INFO     ___FILE_ONLY___ ╔════════════════════════════════════════════════════════════╗

2024-12-04 15:42:55,829 INFO     ___FILE_ONLY___ ╠═ Downloading: Skaffold (Platform Specific)                ═╣

2024-12-04 15:42:55,829 INFO     ___FILE_ONLY___ ╚
2024-12-04 15:42:55,831 DEBUG    urllib3.connectionpool Starting new HTTPS connection (1): dl.google.com:443
2024-12-04 15:42:56,019 DEBUG    urllib3.connectionpool https://dl.google.com:443 "GET /dl/cloudsdk/channels/rapid/components/google-cloud-sdk-skaffold-darwin-arm-20240806142304.tar.gz HTTP/1.1" 200 24031362
2024-12-04 15:42:57,414 INFO     ___FILE_ONLY___ ═
2024-12-04 15:42:57,415 INFO     ___FILE_ONLY___ ═
2024-12-04 15:42:57,415 INFO     ___FILE_ONLY___ ═
2024-12-04 15:42:57,415 INFO     ___FILE_ONLY___ ═
2024-12-04 15:42:57,416 INFO     ___FILE_ONLY___ ═
2024-12-04 15:42:57,416 INFO     ___FILE_ONLY___ ═
2024-12-04 15:42:57,417 INFO     ___FILE_ONLY___ ═
2024-12-04 15:42:57,417 INFO     ___FILE_ONLY___ ═
2024-12-04 15:42:57,418 INFO     ___FILE_ONLY___ ═
2024-12-04 15:42:57,418 INFO     ___FILE_ONLY___ ═
2024-12-04 15:42:57,419 INFO     ___FILE_ONLY___ ═
2024-12-04 15:42:57,419 INFO     ___FILE_ONLY___ ═
2024-12-04 15:42:57,420 INFO     ___FILE_ONLY___ ═
2024-12-04 15:42:57,420 INFO     ___FILE_ONLY___ ═
2024-12-04 15:42:57,420 INFO     ___FILE_ONLY___ ═
2024-12-04 15:42:57,421 INFO     ___FILE_ONLY___ ═
2024-12-04 15:42:57,421 INFO     ___FILE_ONLY___ ═
2024-12-04 15:42:57,421 INFO     ___FILE_ONLY___ ═
2024-12-04 15:42:57,422 INFO     ___FILE_ONLY___ ═
2024-12-04 15:42:57,422 INFO     ___FILE_ONLY___ ═
2024-12-04 15:42:57,423 INFO     ___FILE_ONLY___ ═
2024-12-04 15:42:57,423 INFO     ___FILE_ONLY___ ═
2024-12-04 15:42:57,424 INFO     ___FILE_ONLY___ ═
2024-12-04 15:42:57,424 INFO     ___FILE_ONLY___ ═
2024-12-04 15:42:57,424 INFO     ___FILE_ONLY___ ═
2024-12-04 15:42:57,425 INFO     ___FILE_ONLY___ ═
2024-12-04 15:42:57,425 INFO     ___FILE_ONLY___ ═
2024-12-04 15:42:57,426 INFO     ___FILE_ONLY___ ═
2024-12-04 15:42:57,426 INFO     ___FILE_ONLY___ ═
2024-12-04 15:42:57,426 INFO     ___FILE_ONLY___ ═
2024-12-04 15:42:57,427 INFO     ___FILE_ONLY___ ═
2024-12-04 15:42:57,427 INFO     ___FILE_ONLY___ ═
2024-12-04 15:42:57,427 INFO     ___FILE_ONLY___ ═
2024-12-04 15:42:57,428 INFO     ___FILE_ONLY___ ═
2024-12-04 15:42:57,428 INFO     ___FILE_ONLY___ ═
2024-12-04 15:42:57,429 INFO     ___FILE_ONLY___ ═
2024-12-04 15:42:57,429 INFO     ___FILE_ONLY___ ═
2024-12-04 15:42:57,429 INFO     ___FILE_ONLY___ ═
2024-12-04 15:42:57,430 INFO     ___FILE_ONLY___ ═
2024-12-04 15:42:57,430 INFO     ___FILE_ONLY___ ═
2024-12-04 15:42:57,430 INFO     ___FILE_ONLY___ ═
2024-12-04 15:42:57,434 INFO     ___FILE_ONLY___ ═
2024-12-04 15:42:57,435 INFO     ___FILE_ONLY___ ═
2024-12-04 15:42:57,435 INFO     ___FILE_ONLY___ ═
2024-12-04 15:42:57,435 INFO     ___FILE_ONLY___ ═
2024-12-04 15:42:57,436 INFO     ___FILE_ONLY___ ═
2024-12-04 15:42:57,436 INFO     ___FILE_ONLY___ ═
2024-12-04 15:42:57,436 INFO     ___FILE_ONLY___ ═
2024-12-04 15:42:57,437 INFO     ___FILE_ONLY___ ═
2024-12-04 15:42:57,437 INFO     ___FILE_ONLY___ ═
2024-12-04 15:42:57,437 INFO     ___FILE_ONLY___ ═
2024-12-04 15:42:57,438 INFO     ___FILE_ONLY___ ═
2024-12-04 15:42:57,438 INFO     ___FILE_ONLY___ ═
2024-12-04 15:42:57,438 INFO     ___FILE_ONLY___ ═
2024-12-04 15:42:57,438 INFO     ___FILE_ONLY___ ═
2024-12-04 15:42:57,439 INFO     ___FILE_ONLY___ ═
2024-12-04 15:42:57,439 INFO     ___FILE_ONLY___ ═
2024-12-04 15:42:57,439 INFO     ___FILE_ONLY___ ═
2024-12-04 15:42:57,440 INFO     ___FILE_ONLY___ ═
2024-12-04 15:42:57,440 INFO     ___FILE_ONLY___ ═
2024-12-04 15:42:57,440 INFO     ___FILE_ONLY___ ╝

2024-12-04 15:42:57,448 INFO     ___FILE_ONLY___ ╔════════════════════════════════════════════════════════════╗

2024-12-04 15:42:57,448 INFO     ___FILE_ONLY___ ╠═ Downloading: gcloud Alpha Commands                       ═╣

2024-12-04 15:42:57,448 INFO     ___FILE_ONLY___ ╚
2024-12-04 15:42:57,450 DEBUG    urllib3.connectionpool Starting new HTTPS connection (1): dl.google.com:443
2024-12-04 15:42:57,655 DEBUG    urllib3.connectionpool https://dl.google.com:443 "GET /dl/cloudsdk/channels/rapid/components/google-cloud-sdk-alpha-20241115154308.tar.gz HTTP/1.1" 200 800
2024-12-04 15:42:57,660 INFO     ___FILE_ONLY___ ════════════════════════════════════════════════════════════
2024-12-04 15:42:57,660 INFO     ___FILE_ONLY___ ╝

2024-12-04 15:42:57,675 INFO     ___FILE_ONLY___ ╔════════════════════════════════════════════════════════════╗

2024-12-04 15:42:57,675 INFO     ___FILE_ONLY___ ╠═ Downloading: gcloud Beta Commands                        ═╣

2024-12-04 15:42:57,675 INFO     ___FILE_ONLY___ ╚
2024-12-04 15:42:57,679 DEBUG    urllib3.connectionpool Starting new HTTPS connection (1): dl.google.com:443
2024-12-04 15:42:57,926 DEBUG    urllib3.connectionpool https://dl.google.com:443 "GET /dl/cloudsdk/channels/rapid/components/google-cloud-sdk-beta-20241115154308.tar.gz HTTP/1.1" 200 797
2024-12-04 15:42:57,927 INFO     ___FILE_ONLY___ ════════════════════════════════════════════════════════════
2024-12-04 15:42:57,927 INFO     ___FILE_ONLY___ ╝

2024-12-04 15:42:57,943 INFO     ___FILE_ONLY___ ╔════════════════════════════════════════════════════════════╗

2024-12-04 15:42:57,943 INFO     ___FILE_ONLY___ ╠═ Downloading: gcloud cli dependencies (Platform Specific) ═╣

2024-12-04 15:42:57,943 INFO     ___FILE_ONLY___ ╚
2024-12-04 15:42:57,948 DEBUG    urllib3.connectionpool Starting new HTTPS connection (1): dl.google.com:443
2024-12-04 15:42:58,148 DEBUG    urllib3.connectionpool https://dl.google.com:443 "GET /dl/cloudsdk/channels/rapid/components/google-cloud-sdk-gcloud-deps-darwin-x86_64-20210416153011.tar.gz HTTP/1.1" 200 105
2024-12-04 15:42:58,149 INFO     ___FILE_ONLY___ ════════════════════════════════════════════════════════════
2024-12-04 15:42:58,149 INFO     ___FILE_ONLY___ ╝

2024-12-04 15:42:58,167 INFO     ___FILE_ONLY___ ╔════════════════════════════════════════════════════════════╗

2024-12-04 15:42:58,167 INFO     ___FILE_ONLY___ ╠═ Downloading: gke-gcloud-auth-plugin                      ═╣

2024-12-04 15:42:58,167 INFO     ___FILE_ONLY___ ╚
2024-12-04 15:42:58,167 INFO     ___FILE_ONLY___ ════════════════════════════════════════════════════════════
2024-12-04 15:42:58,167 INFO     ___FILE_ONLY___ ╝

2024-12-04 15:42:58,178 INFO     ___FILE_ONLY___ ╔════════════════════════════════════════════════════════════╗

2024-12-04 15:42:58,178 INFO     ___FILE_ONLY___ ╠═ Downloading: gke-gcloud-auth-plugin (Platform Specific)  ═╣

2024-12-04 15:42:58,179 INFO     ___FILE_ONLY___ ╚
2024-12-04 15:42:58,182 DEBUG    urllib3.connectionpool Starting new HTTPS connection (1): dl.google.com:443
2024-12-04 15:42:58,385 DEBUG    urllib3.connectionpool https://dl.google.com:443 "GET /dl/cloudsdk/channels/rapid/components/google-cloud-sdk-gke-gcloud-auth-plugin-darwin-arm-20240628141907.tar.gz HTTP/1.1" 200 4148014
2024-12-04 15:42:58,737 INFO     ___FILE_ONLY___ ═
2024-12-04 15:42:58,737 INFO     ___FILE_ONLY___ ═
2024-12-04 15:42:58,738 INFO     ___FILE_ONLY___ ═
2024-12-04 15:42:58,738 INFO     ___FILE_ONLY___ ═
2024-12-04 15:42:58,738 INFO     ___FILE_ONLY___ ═
2024-12-04 15:42:58,738 INFO     ___FILE_ONLY___ ═
2024-12-04 15:42:58,738 INFO     ___FILE_ONLY___ ═
2024-12-04 15:42:58,738 INFO     ___FILE_ONLY___ ═
2024-12-04 15:42:58,738 INFO     ___FILE_ONLY___ ═
2024-12-04 15:42:58,739 INFO     ___FILE_ONLY___ ═
2024-12-04 15:42:58,739 INFO     ___FILE_ONLY___ ═
2024-12-04 15:42:58,739 INFO     ___FILE_ONLY___ ═
2024-12-04 15:42:58,739 INFO     ___FILE_ONLY___ ═
2024-12-04 15:42:58,739 INFO     ___FILE_ONLY___ ═
2024-12-04 15:42:58,739 INFO     ___FILE_ONLY___ ═
2024-12-04 15:42:58,739 INFO     ___FILE_ONLY___ ═
2024-12-04 15:42:58,739 INFO     ___FILE_ONLY___ ═
2024-12-04 15:42:58,740 INFO     ___FILE_ONLY___ ═
2024-12-04 15:42:58,740 INFO     ___FILE_ONLY___ ═
2024-12-04 15:42:58,740 INFO     ___FILE_ONLY___ ═
2024-12-04 15:42:58,740 INFO     ___FILE_ONLY___ ═
2024-12-04 15:42:58,740 INFO     ___FILE_ONLY___ ═
2024-12-04 15:42:58,740 INFO     ___FILE_ONLY___ ═
2024-12-04 15:42:58,740 INFO     ___FILE_ONLY___ ═
2024-12-04 15:42:58,740 INFO     ___FILE_ONLY___ ═
2024-12-04 15:42:58,741 INFO     ___FILE_ONLY___ ═
2024-12-04 15:42:58,741 INFO     ___FILE_ONLY___ ═
2024-12-04 15:42:58,741 INFO     ___FILE_ONLY___ ═
2024-12-04 15:42:58,741 INFO     ___FILE_ONLY___ ═
2024-12-04 15:42:58,741 INFO     ___FILE_ONLY___ ═
2024-12-04 15:42:58,741 INFO     ___FILE_ONLY___ ═
2024-12-04 15:42:58,741 INFO     ___FILE_ONLY___ ═
2024-12-04 15:42:58,741 INFO     ___FILE_ONLY___ ═
2024-12-04 15:42:58,741 INFO     ___FILE_ONLY___ ═
2024-12-04 15:42:58,742 INFO     ___FILE_ONLY___ ═
2024-12-04 15:42:58,742 INFO     ___FILE_ONLY___ ═
2024-12-04 15:42:58,742 INFO     ___FILE_ONLY___ ═
2024-12-04 15:42:58,742 INFO     ___FILE_ONLY___ ═
2024-12-04 15:42:58,742 INFO     ___FILE_ONLY___ ═
2024-12-04 15:42:58,742 INFO     ___FILE_ONLY___ ═
2024-12-04 15:42:58,742 INFO     ___FILE_ONLY___ ═
2024-12-04 15:42:58,742 INFO     ___FILE_ONLY___ ═
2024-12-04 15:42:58,743 INFO     ___FILE_ONLY___ ═
2024-12-04 15:42:58,743 INFO     ___FILE_ONLY___ ═
2024-12-04 15:42:58,743 INFO     ___FILE_ONLY___ ═
2024-12-04 15:42:58,743 INFO     ___FILE_ONLY___ ═
2024-12-04 15:42:58,743 INFO     ___FILE_ONLY___ ═
2024-12-04 15:42:58,743 INFO     ___FILE_ONLY___ ═
2024-12-04 15:42:58,743 INFO     ___FILE_ONLY___ ═
2024-12-04 15:42:58,743 INFO     ___FILE_ONLY___ ═
2024-12-04 15:42:58,743 INFO     ___FILE_ONLY___ ═
2024-12-04 15:42:58,744 INFO     ___FILE_ONLY___ ═
2024-12-04 15:42:58,744 INFO     ___FILE_ONLY___ ═
2024-12-04 15:42:58,744 INFO     ___FILE_ONLY___ ═
2024-12-04 15:42:58,744 INFO     ___FILE_ONLY___ ═
2024-12-04 15:42:58,744 INFO     ___FILE_ONLY___ ═
2024-12-04 15:42:58,744 INFO     ___FILE_ONLY___ ═
2024-12-04 15:42:58,744 INFO     ___FILE_ONLY___ ═
2024-12-04 15:42:58,744 INFO     ___FILE_ONLY___ ═
2024-12-04 15:42:58,745 INFO     ___FILE_ONLY___ ═
2024-12-04 15:42:58,745 INFO     ___FILE_ONLY___ ╝

2024-12-04 15:42:58,755 INFO     ___FILE_ONLY___ ╔════════════════════════════════════════════════════════════╗

2024-12-04 15:42:58,755 INFO     ___FILE_ONLY___ ╠═ Downloading: kubectl                                     ═╣

2024-12-04 15:42:58,755 INFO     ___FILE_ONLY___ ╚
2024-12-04 15:42:58,759 DEBUG    urllib3.connectionpool Starting new HTTPS connection (1): dl.google.com:443
2024-12-04 15:42:58,958 DEBUG    urllib3.connectionpool https://dl.google.com:443 "GET /dl/cloudsdk/channels/rapid/components/google-cloud-sdk-kubectl-20241004144944.tar.gz HTTP/1.1" 200 36206
2024-12-04 15:42:59,032 INFO     ___FILE_ONLY___ ═══════════════════════════
2024-12-04 15:42:59,033 INFO     ___FILE_ONLY___ ═══════════════════════════
2024-12-04 15:42:59,033 INFO     ___FILE_ONLY___ ══════
2024-12-04 15:42:59,033 INFO     ___FILE_ONLY___ ╝

2024-12-04 15:42:59,051 INFO     ___FILE_ONLY___ ╔════════════════════════════════════════════════════════════╗

2024-12-04 15:42:59,051 INFO     ___FILE_ONLY___ ╠═ Downloading: kubectl (Platform Specific)                 ═╣

2024-12-04 15:42:59,051 INFO     ___FILE_ONLY___ ╚
2024-12-04 15:42:59,056 DEBUG    urllib3.connectionpool Starting new HTTPS connection (1): dl.google.com:443
2024-12-04 15:42:59,253 DEBUG    urllib3.connectionpool https://dl.google.com:443 "GET /dl/cloudsdk/channels/rapid/components/google-cloud-sdk-kubectl-darwin-arm-20241108162203.tar.gz HTTP/1.1" 200 90277960
2024-12-04 15:43:04,202 INFO     ___FILE_ONLY___ ═
2024-12-04 15:43:04,204 INFO     ___FILE_ONLY___ ═
2024-12-04 15:43:04,205 INFO     ___FILE_ONLY___ ═
2024-12-04 15:43:04,206 INFO     ___FILE_ONLY___ ═
2024-12-04 15:43:04,207 INFO     ___FILE_ONLY___ ═
2024-12-04 15:43:04,208 INFO     ___FILE_ONLY___ ═
2024-12-04 15:43:04,209 INFO     ___FILE_ONLY___ ═
2024-12-04 15:43:04,210 INFO     ___FILE_ONLY___ ═
2024-12-04 15:43:04,211 INFO     ___FILE_ONLY___ ═
2024-12-04 15:43:04,211 INFO     ___FILE_ONLY___ ═
2024-12-04 15:43:04,212 INFO     ___FILE_ONLY___ ═
2024-12-04 15:43:04,216 INFO     ___FILE_ONLY___ ═
2024-12-04 15:43:04,217 INFO     ___FILE_ONLY___ ═
2024-12-04 15:43:04,218 INFO     ___FILE_ONLY___ ═
2024-12-04 15:43:04,219 INFO     ___FILE_ONLY___ ═
2024-12-04 15:43:04,220 INFO     ___FILE_ONLY___ ═
2024-12-04 15:43:04,226 INFO     ___FILE_ONLY___ ═
2024-12-04 15:43:04,227 INFO     ___FILE_ONLY___ ═
2024-12-04 15:43:04,228 INFO     ___FILE_ONLY___ ═
2024-12-04 15:43:04,232 INFO     ___FILE_ONLY___ ═
2024-12-04 15:43:04,235 INFO     ___FILE_ONLY___ ═
2024-12-04 15:43:04,236 INFO     ___FILE_ONLY___ ═
2024-12-04 15:43:04,247 INFO     ___FILE_ONLY___ ═
2024-12-04 15:43:04,248 INFO     ___FILE_ONLY___ ═
2024-12-04 15:43:04,250 INFO     ___FILE_ONLY___ ═
2024-12-04 15:43:04,254 INFO     ___FILE_ONLY___ ═
2024-12-04 15:43:04,255 INFO     ___FILE_ONLY___ ═
2024-12-04 15:43:04,257 INFO     ___FILE_ONLY___ ═
2024-12-04 15:43:04,258 INFO     ___FILE_ONLY___ ═
2024-12-04 15:43:04,259 INFO     ___FILE_ONLY___ ═
2024-12-04 15:43:04,261 INFO     ___FILE_ONLY___ ═
2024-12-04 15:43:04,262 INFO     ___FILE_ONLY___ ═
2024-12-04 15:43:04,263 INFO     ___FILE_ONLY___ ═
2024-12-04 15:43:04,264 INFO     ___FILE_ONLY___ ═
2024-12-04 15:43:04,268 INFO     ___FILE_ONLY___ ═
2024-12-04 15:43:04,270 INFO     ___FILE_ONLY___ ═
2024-12-04 15:43:04,271 INFO     ___FILE_ONLY___ ═
2024-12-04 15:43:04,272 INFO     ___FILE_ONLY___ ═
2024-12-04 15:43:04,273 INFO     ___FILE_ONLY___ ═
2024-12-04 15:43:04,274 INFO     ___FILE_ONLY___ ═
2024-12-04 15:43:04,275 INFO     ___FILE_ONLY___ ═
2024-12-04 15:43:04,277 INFO     ___FILE_ONLY___ ═
2024-12-04 15:43:04,278 INFO     ___FILE_ONLY___ ═
2024-12-04 15:43:04,279 INFO     ___FILE_ONLY___ ═
2024-12-04 15:43:04,282 INFO     ___FILE_ONLY___ ═
2024-12-04 15:43:04,283 INFO     ___FILE_ONLY___ ═
2024-12-04 15:43:04,285 INFO     ___FILE_ONLY___ ═
2024-12-04 15:43:04,288 INFO     ___FILE_ONLY___ ═
2024-12-04 15:43:04,289 INFO     ___FILE_ONLY___ ═
2024-12-04 15:43:04,290 INFO     ___FILE_ONLY___ ═
2024-12-04 15:43:04,292 INFO     ___FILE_ONLY___ ═
2024-12-04 15:43:04,293 INFO     ___FILE_ONLY___ ═
2024-12-04 15:43:04,294 INFO     ___FILE_ONLY___ ═
2024-12-04 15:43:04,295 INFO     ___FILE_ONLY___ ═
2024-12-04 15:43:04,296 INFO     ___FILE_ONLY___ ═
2024-12-04 15:43:04,300 INFO     ___FILE_ONLY___ ═
2024-12-04 15:43:04,301 INFO     ___FILE_ONLY___ ═
2024-12-04 15:43:04,302 INFO     ___FILE_ONLY___ ═
2024-12-04 15:43:04,303 INFO     ___FILE_ONLY___ ═
2024-12-04 15:43:04,304 INFO     ___FILE_ONLY___ ═
2024-12-04 15:43:04,304 INFO     ___FILE_ONLY___ ╝

2024-12-04 15:43:04,365 INFO     ___FILE_ONLY___ ╔════════════════════════════════════════════════════════════╗

2024-12-04 15:43:04,365 INFO     ___FILE_ONLY___ ╠═ Installing: Google Cloud CLI Core Libraries (Platform... ═╣

2024-12-04 15:43:04,365 INFO     ___FILE_ONLY___ ╚
2024-12-04 15:43:04,370 INFO     ___FILE_ONLY___ ══════════════════════════════
2024-12-04 15:43:04,371 INFO     ___FILE_ONLY___ ══════════════════════════════
2024-12-04 15:43:04,371 INFO     ___FILE_ONLY___ ╝

2024-12-04 15:43:04,387 INFO     ___FILE_ONLY___ ╔════════════════════════════════════════════════════════════╗

2024-12-04 15:43:04,387 INFO     ___FILE_ONLY___ ╠═ Installing: Minikube                                     ═╣

2024-12-04 15:43:04,387 INFO     ___FILE_ONLY___ ╚
2024-12-04 15:43:04,396 INFO     ___FILE_ONLY___ ════════════════════════════════════════════════════════════
2024-12-04 15:43:04,396 INFO     ___FILE_ONLY___ ╝

2024-12-04 15:43:04,405 INFO     ___FILE_ONLY___ ╔════════════════════════════════════════════════════════════╗

2024-12-04 15:43:04,405 INFO     ___FILE_ONLY___ ╠═ Installing: Minikube (Platform Specific)                 ═╣

2024-12-04 15:43:04,405 INFO     ___FILE_ONLY___ ╚
2024-12-04 15:43:04,828 INFO     ___FILE_ONLY___ ════════════════════════════════════════════════════════════
2024-12-04 15:43:04,833 INFO     ___FILE_ONLY___ ╝

2024-12-04 15:43:04,883 INFO     ___FILE_ONLY___ ╔════════════════════════════════════════════════════════════╗

2024-12-04 15:43:04,883 INFO     ___FILE_ONLY___ ╠═ Installing: Skaffold                                     ═╣

2024-12-04 15:43:04,883 INFO     ___FILE_ONLY___ ╚
2024-12-04 15:43:04,885 INFO     ___FILE_ONLY___ ════════════════════════════════════════════════════════════
2024-12-04 15:43:04,885 INFO     ___FILE_ONLY___ ╝

2024-12-04 15:43:04,892 INFO     ___FILE_ONLY___ ╔════════════════════════════════════════════════════════════╗

2024-12-04 15:43:04,892 INFO     ___FILE_ONLY___ ╠═ Installing: Skaffold (Platform Specific)                 ═╣

2024-12-04 15:43:04,892 INFO     ___FILE_ONLY___ ╚
2024-12-04 15:43:05,237 INFO     ___FILE_ONLY___ ════════════════════════════════════════════════════════════
2024-12-04 15:43:05,237 INFO     ___FILE_ONLY___ ╝

2024-12-04 15:43:05,245 INFO     ___FILE_ONLY___ ╔════════════════════════════════════════════════════════════╗

2024-12-04 15:43:05,245 INFO     ___FILE_ONLY___ ╠═ Installing: gcloud Alpha Commands                        ═╣

2024-12-04 15:43:05,245 INFO     ___FILE_ONLY___ ╚
2024-12-04 15:43:05,246 INFO     ___FILE_ONLY___ ════════════════════════════════════════════════════════════
2024-12-04 15:43:05,246 INFO     ___FILE_ONLY___ ╝

2024-12-04 15:43:05,252 INFO     ___FILE_ONLY___ ╔════════════════════════════════════════════════════════════╗

2024-12-04 15:43:05,252 INFO     ___FILE_ONLY___ ╠═ Installing: gcloud Beta Commands                         ═╣

2024-12-04 15:43:05,252 INFO     ___FILE_ONLY___ ╚
2024-12-04 15:43:05,253 INFO     ___FILE_ONLY___ ════════════════════════════════════════════════════════════
2024-12-04 15:43:05,253 INFO     ___FILE_ONLY___ ╝

2024-12-04 15:43:05,260 INFO     ___FILE_ONLY___ ╔════════════════════════════════════════════════════════════╗

2024-12-04 15:43:05,260 INFO     ___FILE_ONLY___ ╠═ Installing: gcloud cli dependencies (Platform Specific)  ═╣

2024-12-04 15:43:05,260 INFO     ___FILE_ONLY___ ╚
2024-12-04 15:43:05,260 INFO     ___FILE_ONLY___ ════════════════════════════════════════════════════════════
2024-12-04 15:43:05,260 INFO     ___FILE_ONLY___ ╝

2024-12-04 15:43:05,267 INFO     ___FILE_ONLY___ ╔════════════════════════════════════════════════════════════╗

2024-12-04 15:43:05,267 INFO     ___FILE_ONLY___ ╠═ Installing: gke-gcloud-auth-plugin                       ═╣

2024-12-04 15:43:05,267 INFO     ___FILE_ONLY___ ╚
2024-12-04 15:43:05,269 INFO     ___FILE_ONLY___ ════════════════════════════════════════════════════════════
2024-12-04 15:43:05,269 INFO     ___FILE_ONLY___ ╝

2024-12-04 15:43:05,274 INFO     ___FILE_ONLY___ ╔════════════════════════════════════════════════════════════╗

2024-12-04 15:43:05,274 INFO     ___FILE_ONLY___ ╠═ Installing: gke-gcloud-auth-plugin (Platform Specific)   ═╣

2024-12-04 15:43:05,274 INFO     ___FILE_ONLY___ ╚
2024-12-04 15:43:05,330 INFO     ___FILE_ONLY___ ════════════════════════════════════════════════════════════
2024-12-04 15:43:05,330 INFO     ___FILE_ONLY___ ╝

2024-12-04 15:43:05,338 INFO     ___FILE_ONLY___ ╔════════════════════════════════════════════════════════════╗

2024-12-04 15:43:05,338 INFO     ___FILE_ONLY___ ╠═ Installing: kubectl                                      ═╣

2024-12-04 15:43:05,338 INFO     ___FILE_ONLY___ ╚
2024-12-04 15:43:05,341 INFO     ___FILE_ONLY___ ════════════════════════════════════════════════════════════
2024-12-04 15:43:05,341 INFO     ___FILE_ONLY___ ╝

2024-12-04 15:43:05,348 INFO     ___FILE_ONLY___ ╔════════════════════════════════════════════════════════════╗

2024-12-04 15:43:05,348 INFO     ___FILE_ONLY___ ╠═ Installing: kubectl (Platform Specific)                  ═╣

2024-12-04 15:43:05,348 INFO     ___FILE_ONLY___ ╚
2024-12-04 15:43:05,943 INFO     ___FILE_ONLY___ ══════════
2024-12-04 15:43:06,057 INFO     ___FILE_ONLY___ ══════════
2024-12-04 15:43:06,175 INFO     ___FILE_ONLY___ ══════════
2024-12-04 15:43:06,296 INFO     ___FILE_ONLY___ ══════════
2024-12-04 15:43:06,419 INFO     ___FILE_ONLY___ ══════════
2024-12-04 15:43:06,551 INFO     ___FILE_ONLY___ ══════════
2024-12-04 15:43:06,551 INFO     ___FILE_ONLY___ ╝

2024-12-04 15:43:06,561 DEBUG    root            Updating notification cache...
2024-12-04 15:43:06,562 INFO     ___FILE_ONLY___ 

2024-12-04 15:43:06,568 INFO     ___FILE_ONLY___ Performing post processing steps...
2024-12-04 15:43:06,569 DEBUG    root            Executing command: ['/Users/demetris.mina/Library/Application Support/cloud-code/installer/google-cloud-sdk/bin/gcloud', 'components', 'post-process', '--no-compile-python']
2024-12-04 15:43:07,254 DEBUG    ___FILE_ONLY___ 
2024-12-04 15:43:07,254 DEBUG    ___FILE_ONLY___ 
2024-12-04 15:43:07,339 INFO     ___FILE_ONLY___ 
Update done!


2024-12-04 15:43:07,342 WARNING  root              There are other instances of Google Cloud tools on your system PATH.
  Please remove the following to avoid confusion or accidental invocation:

  /opt/homebrew/share/google-cloud-sdk/bin/gcloud
/opt/homebrew/share/google-cloud-sdk/bin/docker-credential-gcloud

  
2024-12-04 15:43:07,344 DEBUG    root            Chosen display Format:none
2024-12-04 15:43:07,344 INFO     root            Display format: "none"
2024-12-04 15:43:07,348 DEBUG    root            Executing command: ['curl', '--silent', '-O', 'https://dl.google.com/dl/cloudsdk/channels/rapid/python-3.11.6-macos11.tar.gz']
2024-12-04 15:43:09,992 DEBUG    root            Executing command: ['tar', '-xf', 'python-3.11.6-macos11.tar.gz']
2024-12-04 15:43:10,079 DEBUG    root            Executing command: ['sudo', 'installer', '-target', '/', '-pkg', './python-3.11.6-macos11.pkg']
