2024-12-04 15:50:17,767 DEBUG    root            Metrics collector initialized...
2024-12-04 15:50:17,768 DEBUG    root            Loaded Command Group: ['gcloud', 'components']
2024-12-04 15:50:17,771 DEBUG    root            Loaded Command Group: ['gcloud', 'components', 'update']
2024-12-04 15:50:17,772 DEBUG    root            Running [gcloud.components.update] with arguments: [--no-compile-python: "False", --quiet: "True", COMPONENT-IDS:6: "['alpha', 'beta', 'gke-gcloud-auth-plugin', 'kubectl', 'skaffold', 'minikube']"]
2024-12-04 15:50:17,772 INFO     ___FILE_ONLY___ Beginning update. This process may take several minutes.

2024-12-04 15:50:17,794 DEBUG    urllib3.connectionpool Starting new HTTPS connection (1): dl.google.com:443
2024-12-04 15:50:18,294 DEBUG    urllib3.connectionpool https://dl.google.com:443 "GET /dl/cloudsdk/channels/rapid/components-2.json HTTP/1.1" 200 227816
2024-12-04 15:50:18,409 INFO     ___FILE_ONLY___ 

2024-12-04 15:50:18,409 INFO     ___FILE_ONLY___ 
Your current Google Cloud CLI version is: 502.0.0

2024-12-04 15:50:18,410 INFO     ___FILE_ONLY___ Installing components from version: 502.0.0

2024-12-04 15:50:18,410 INFO     ___FILE_ONLY___ 

2024-12-04 15:50:18,410 DEBUG    root            Chosen display Format:table[box,title="These components will be removed."](details.display_name:label=Name:align=left,version.version_string:label=Version:align=right,data.size.size(zero="",min=1048576):label=Size:align=right)
2024-12-04 15:50:18,410 DEBUG    root            Chosen display Format:table[box,title="These components will be updated."](details.display_name:label=Name:align=left,version.version_string:label=Version:align=right,data.size.size(zero="",min=1048576):label=Size:align=right)
2024-12-04 15:50:18,410 DEBUG    root            Chosen display Format:table[box,title="These components will be installed."](details.display_name:label=Name:align=left,version.version_string:label=Version:align=right,data.size.size(zero="",min=1048576):label=Size:align=right)
2024-12-04 15:50:18,443 INFO     ___FILE_ONLY___ ┌─────────────────────────────────────────────────────────────────────────────┐
2024-12-04 15:50:18,444 INFO     ___FILE_ONLY___ 

2024-12-04 15:50:18,444 INFO     ___FILE_ONLY___ │                     These components will be installed.                     │
2024-12-04 15:50:18,444 INFO     ___FILE_ONLY___ 

2024-12-04 15:50:18,444 INFO     ___FILE_ONLY___ ├─────────────────────────────────────────────────────┬────────────┬──────────┤
2024-12-04 15:50:18,444 INFO     ___FILE_ONLY___ 

2024-12-04 15:50:18,444 INFO     ___FILE_ONLY___ │                         Name                        │  Version   │   Size   │
2024-12-04 15:50:18,444 INFO     ___FILE_ONLY___ 

2024-12-04 15:50:18,444 INFO     ___FILE_ONLY___ ├─────────────────────────────────────────────────────┼────────────┼──────────┤
2024-12-04 15:50:18,444 INFO     ___FILE_ONLY___ 

2024-12-04 15:50:18,444 INFO     ___FILE_ONLY___ │ 
2024-12-04 15:50:18,444 INFO     ___FILE_ONLY___ Google Cloud CLI Core Libraries (Platform Specific)
2024-12-04 15:50:18,444 INFO     ___FILE_ONLY___  
2024-12-04 15:50:18,444 INFO     ___FILE_ONLY___ │ 
2024-12-04 15:50:18,444 INFO     ___FILE_ONLY___ 2024.08.30
2024-12-04 15:50:18,444 INFO     ___FILE_ONLY___  
2024-12-04 15:50:18,444 INFO     ___FILE_ONLY___ │ 
2024-12-04 15:50:18,444 INFO     ___FILE_ONLY___  < 1 MiB
2024-12-04 15:50:18,444 INFO     ___FILE_ONLY___  
2024-12-04 15:50:18,444 INFO     ___FILE_ONLY___ │
2024-12-04 15:50:18,444 INFO     ___FILE_ONLY___ 

2024-12-04 15:50:18,444 INFO     ___FILE_ONLY___ │ 
2024-12-04 15:50:18,444 INFO     ___FILE_ONLY___ Minikube (Platform Specific)                       
2024-12-04 15:50:18,444 INFO     ___FILE_ONLY___  
2024-12-04 15:50:18,444 INFO     ___FILE_ONLY___ │ 
2024-12-04 15:50:18,444 INFO     ___FILE_ONLY___     1.34.0
2024-12-04 15:50:18,444 INFO     ___FILE_ONLY___  
2024-12-04 15:50:18,444 INFO     ___FILE_ONLY___ │ 
2024-12-04 15:50:18,444 INFO     ___FILE_ONLY___ 37.2 MiB
2024-12-04 15:50:18,444 INFO     ___FILE_ONLY___  
2024-12-04 15:50:18,444 INFO     ___FILE_ONLY___ │
2024-12-04 15:50:18,444 INFO     ___FILE_ONLY___ 

2024-12-04 15:50:18,444 INFO     ___FILE_ONLY___ │ 
2024-12-04 15:50:18,444 INFO     ___FILE_ONLY___ Skaffold (Platform Specific)                       
2024-12-04 15:50:18,444 INFO     ___FILE_ONLY___  
2024-12-04 15:50:18,444 INFO     ___FILE_ONLY___ │ 
2024-12-04 15:50:18,444 INFO     ___FILE_ONLY___     2.13.1
2024-12-04 15:50:18,444 INFO     ___FILE_ONLY___  
2024-12-04 15:50:18,444 INFO     ___FILE_ONLY___ │ 
2024-12-04 15:50:18,444 INFO     ___FILE_ONLY___ 22.9 MiB
2024-12-04 15:50:18,444 INFO     ___FILE_ONLY___  
2024-12-04 15:50:18,444 INFO     ___FILE_ONLY___ │
2024-12-04 15:50:18,444 INFO     ___FILE_ONLY___ 

2024-12-04 15:50:18,444 INFO     ___FILE_ONLY___ │ 
2024-12-04 15:50:18,444 INFO     ___FILE_ONLY___ gcloud Alpha Commands                              
2024-12-04 15:50:18,444 INFO     ___FILE_ONLY___  
2024-12-04 15:50:18,444 INFO     ___FILE_ONLY___ │ 
2024-12-04 15:50:18,444 INFO     ___FILE_ONLY___ 2024.11.15
2024-12-04 15:50:18,445 INFO     ___FILE_ONLY___  
2024-12-04 15:50:18,445 INFO     ___FILE_ONLY___ │ 
2024-12-04 15:50:18,445 INFO     ___FILE_ONLY___  < 1 MiB
2024-12-04 15:50:18,445 INFO     ___FILE_ONLY___  
2024-12-04 15:50:18,445 INFO     ___FILE_ONLY___ │
2024-12-04 15:50:18,445 INFO     ___FILE_ONLY___ 

2024-12-04 15:50:18,445 INFO     ___FILE_ONLY___ │ 
2024-12-04 15:50:18,445 INFO     ___FILE_ONLY___ gcloud Beta Commands                               
2024-12-04 15:50:18,445 INFO     ___FILE_ONLY___  
2024-12-04 15:50:18,445 INFO     ___FILE_ONLY___ │ 
2024-12-04 15:50:18,445 INFO     ___FILE_ONLY___ 2024.11.15
2024-12-04 15:50:18,445 INFO     ___FILE_ONLY___  
2024-12-04 15:50:18,445 INFO     ___FILE_ONLY___ │ 
2024-12-04 15:50:18,445 INFO     ___FILE_ONLY___  < 1 MiB
2024-12-04 15:50:18,445 INFO     ___FILE_ONLY___  
2024-12-04 15:50:18,445 INFO     ___FILE_ONLY___ │
2024-12-04 15:50:18,445 INFO     ___FILE_ONLY___ 

2024-12-04 15:50:18,445 INFO     ___FILE_ONLY___ │ 
2024-12-04 15:50:18,445 INFO     ___FILE_ONLY___ gcloud cli dependencies (Platform Specific)        
2024-12-04 15:50:18,445 INFO     ___FILE_ONLY___  
2024-12-04 15:50:18,445 INFO     ___FILE_ONLY___ │ 
2024-12-04 15:50:18,445 INFO     ___FILE_ONLY___ 2021.04.16
2024-12-04 15:50:18,445 INFO     ___FILE_ONLY___  
2024-12-04 15:50:18,445 INFO     ___FILE_ONLY___ │ 
2024-12-04 15:50:18,445 INFO     ___FILE_ONLY___  < 1 MiB
2024-12-04 15:50:18,445 INFO     ___FILE_ONLY___  
2024-12-04 15:50:18,445 INFO     ___FILE_ONLY___ │
2024-12-04 15:50:18,445 INFO     ___FILE_ONLY___ 

2024-12-04 15:50:18,445 INFO     ___FILE_ONLY___ │ 
2024-12-04 15:50:18,445 INFO     ___FILE_ONLY___ gke-gcloud-auth-plugin (Platform Specific)         
2024-12-04 15:50:18,445 INFO     ___FILE_ONLY___  
2024-12-04 15:50:18,445 INFO     ___FILE_ONLY___ │ 
2024-12-04 15:50:18,445 INFO     ___FILE_ONLY___      0.5.9
2024-12-04 15:50:18,445 INFO     ___FILE_ONLY___  
2024-12-04 15:50:18,445 INFO     ___FILE_ONLY___ │ 
2024-12-04 15:50:18,445 INFO     ___FILE_ONLY___  4.0 MiB
2024-12-04 15:50:18,445 INFO     ___FILE_ONLY___  
2024-12-04 15:50:18,445 INFO     ___FILE_ONLY___ │
2024-12-04 15:50:18,445 INFO     ___FILE_ONLY___ 

2024-12-04 15:50:18,445 INFO     ___FILE_ONLY___ │ 
2024-12-04 15:50:18,445 INFO     ___FILE_ONLY___ kubectl                                            
2024-12-04 15:50:18,445 INFO     ___FILE_ONLY___  
2024-12-04 15:50:18,445 INFO     ___FILE_ONLY___ │ 
2024-12-04 15:50:18,445 INFO     ___FILE_ONLY___     1.30.5
2024-12-04 15:50:18,445 INFO     ___FILE_ONLY___  
2024-12-04 15:50:18,445 INFO     ___FILE_ONLY___ │ 
2024-12-04 15:50:18,445 INFO     ___FILE_ONLY___  < 1 MiB
2024-12-04 15:50:18,445 INFO     ___FILE_ONLY___  
2024-12-04 15:50:18,445 INFO     ___FILE_ONLY___ │
2024-12-04 15:50:18,446 INFO     ___FILE_ONLY___ 

2024-12-04 15:50:18,446 INFO     ___FILE_ONLY___ │ 
2024-12-04 15:50:18,446 INFO     ___FILE_ONLY___ kubectl (Platform Specific)                        
2024-12-04 15:50:18,446 INFO     ___FILE_ONLY___  
2024-12-04 15:50:18,446 INFO     ___FILE_ONLY___ │ 
2024-12-04 15:50:18,446 INFO     ___FILE_ONLY___     1.30.6
2024-12-04 15:50:18,446 INFO     ___FILE_ONLY___  
2024-12-04 15:50:18,446 INFO     ___FILE_ONLY___ │ 
2024-12-04 15:50:18,446 INFO     ___FILE_ONLY___ 86.1 MiB
2024-12-04 15:50:18,446 INFO     ___FILE_ONLY___  
2024-12-04 15:50:18,446 INFO     ___FILE_ONLY___ │
2024-12-04 15:50:18,446 INFO     ___FILE_ONLY___ 

2024-12-04 15:50:18,446 INFO     ___FILE_ONLY___ └─────────────────────────────────────────────────────┴────────────┴──────────┘
2024-12-04 15:50:18,446 INFO     ___FILE_ONLY___ 

2024-12-04 15:50:18,446 INFO     ___FILE_ONLY___ 

2024-12-04 15:50:18,448 DEBUG    urllib3.connectionpool Starting new HTTPS connection (1): dl.google.com:443
2024-12-04 15:50:18,677 DEBUG    urllib3.connectionpool https://dl.google.com:443 "GET /dl/cloudsdk/channels/rapid/RELEASE_NOTES HTTP/1.1" 200 1314602
2024-12-04 15:50:18,880 INFO     ___FILE_ONLY___ For the latest full release notes, please visit:
  https://cloud.google.com/sdk/release_notes


2024-12-04 15:50:18,881 INFO     ___FILE_ONLY___ Performing in place update...


2024-12-04 15:50:18,894 INFO     ___FILE_ONLY___ ╔════════════════════════════════════════════════════════════╗

2024-12-04 15:50:18,894 INFO     ___FILE_ONLY___ ╠═ Downloading: Google Cloud CLI Core Libraries (Platfor... ═╣

2024-12-04 15:50:18,895 INFO     ___FILE_ONLY___ ╚
2024-12-04 15:50:18,900 DEBUG    urllib3.connectionpool Starting new HTTPS connection (1): dl.google.com:443
2024-12-04 15:50:19,088 DEBUG    urllib3.connectionpool https://dl.google.com:443 "GET /dl/cloudsdk/channels/rapid/components/google-cloud-sdk-core-nix-20240830134514.tar.gz HTTP/1.1" 200 2306
2024-12-04 15:50:19,090 INFO     ___FILE_ONLY___ ════════════════════════════════════════════════════════════
2024-12-04 15:50:19,091 INFO     ___FILE_ONLY___ ╝

2024-12-04 15:50:19,107 INFO     ___FILE_ONLY___ ╔════════════════════════════════════════════════════════════╗

2024-12-04 15:50:19,108 INFO     ___FILE_ONLY___ ╠═ Downloading: Minikube                                    ═╣

2024-12-04 15:50:19,108 INFO     ___FILE_ONLY___ ╚
2024-12-04 15:50:19,108 INFO     ___FILE_ONLY___ ════════════════════════════════════════════════════════════
2024-12-04 15:50:19,108 INFO     ___FILE_ONLY___ ╝

2024-12-04 15:50:19,119 INFO     ___FILE_ONLY___ ╔════════════════════════════════════════════════════════════╗

2024-12-04 15:50:19,119 INFO     ___FILE_ONLY___ ╠═ Downloading: Minikube (Platform Specific)                ═╣

2024-12-04 15:50:19,119 INFO     ___FILE_ONLY___ ╚
2024-12-04 15:50:19,123 DEBUG    urllib3.connectionpool Starting new HTTPS connection (1): dl.google.com:443
2024-12-04 15:50:19,321 DEBUG    urllib3.connectionpool https://dl.google.com:443 "GET /dl/cloudsdk/channels/rapid/components/google-cloud-sdk-minikube-darwin-arm-20240927140238.tar.gz HTTP/1.1" 200 38981244
2024-12-04 15:50:22,624 INFO     ___FILE_ONLY___ ═
2024-12-04 15:50:22,626 INFO     ___FILE_ONLY___ ═
2024-12-04 15:50:22,626 INFO     ___FILE_ONLY___ ═
2024-12-04 15:50:22,627 INFO     ___FILE_ONLY___ ═
2024-12-04 15:50:22,628 INFO     ___FILE_ONLY___ ═
2024-12-04 15:50:22,629 INFO     ___FILE_ONLY___ ═
2024-12-04 15:50:22,629 INFO     ___FILE_ONLY___ ═
2024-12-04 15:50:22,630 INFO     ___FILE_ONLY___ ═
2024-12-04 15:50:22,631 INFO     ___FILE_ONLY___ ═
2024-12-04 15:50:22,631 INFO     ___FILE_ONLY___ ═
2024-12-04 15:50:22,632 INFO     ___FILE_ONLY___ ═
2024-12-04 15:50:22,633 INFO     ___FILE_ONLY___ ═
2024-12-04 15:50:22,634 INFO     ___FILE_ONLY___ ═
2024-12-04 15:50:22,635 INFO     ___FILE_ONLY___ ═
2024-12-04 15:50:22,635 INFO     ___FILE_ONLY___ ═
2024-12-04 15:50:22,636 INFO     ___FILE_ONLY___ ═
2024-12-04 15:50:22,637 INFO     ___FILE_ONLY___ ═
2024-12-04 15:50:22,637 INFO     ___FILE_ONLY___ ═
2024-12-04 15:50:22,638 INFO     ___FILE_ONLY___ ═
2024-12-04 15:50:22,638 INFO     ___FILE_ONLY___ ═
2024-12-04 15:50:22,639 INFO     ___FILE_ONLY___ ═
2024-12-04 15:50:22,640 INFO     ___FILE_ONLY___ ═
2024-12-04 15:50:22,640 INFO     ___FILE_ONLY___ ═
2024-12-04 15:50:22,641 INFO     ___FILE_ONLY___ ═
2024-12-04 15:50:22,642 INFO     ___FILE_ONLY___ ═
2024-12-04 15:50:22,643 INFO     ___FILE_ONLY___ ═
2024-12-04 15:50:22,644 INFO     ___FILE_ONLY___ ═
2024-12-04 15:50:22,645 INFO     ___FILE_ONLY___ ═
2024-12-04 15:50:22,645 INFO     ___FILE_ONLY___ ═
2024-12-04 15:50:22,646 INFO     ___FILE_ONLY___ ═
2024-12-04 15:50:22,646 INFO     ___FILE_ONLY___ ═
2024-12-04 15:50:22,647 INFO     ___FILE_ONLY___ ═
2024-12-04 15:50:22,647 INFO     ___FILE_ONLY___ ═
2024-12-04 15:50:22,648 INFO     ___FILE_ONLY___ ═
2024-12-04 15:50:22,648 INFO     ___FILE_ONLY___ ═
2024-12-04 15:50:22,649 INFO     ___FILE_ONLY___ ═
2024-12-04 15:50:22,649 INFO     ___FILE_ONLY___ ═
2024-12-04 15:50:22,650 INFO     ___FILE_ONLY___ ═
2024-12-04 15:50:22,651 INFO     ___FILE_ONLY___ ═
2024-12-04 15:50:22,653 INFO     ___FILE_ONLY___ ═
2024-12-04 15:50:22,653 INFO     ___FILE_ONLY___ ═
2024-12-04 15:50:22,654 INFO     ___FILE_ONLY___ ═
2024-12-04 15:50:22,654 INFO     ___FILE_ONLY___ ═
2024-12-04 15:50:22,655 INFO     ___FILE_ONLY___ ═
2024-12-04 15:50:22,655 INFO     ___FILE_ONLY___ ═
2024-12-04 15:50:22,656 INFO     ___FILE_ONLY___ ═
2024-12-04 15:50:22,656 INFO     ___FILE_ONLY___ ═
2024-12-04 15:50:22,657 INFO     ___FILE_ONLY___ ═
2024-12-04 15:50:22,657 INFO     ___FILE_ONLY___ ═
2024-12-04 15:50:22,658 INFO     ___FILE_ONLY___ ═
2024-12-04 15:50:22,658 INFO     ___FILE_ONLY___ ═
2024-12-04 15:50:22,659 INFO     ___FILE_ONLY___ ═
2024-12-04 15:50:22,660 INFO     ___FILE_ONLY___ ═
2024-12-04 15:50:22,660 INFO     ___FILE_ONLY___ ═
2024-12-04 15:50:22,661 INFO     ___FILE_ONLY___ ═
2024-12-04 15:50:22,661 INFO     ___FILE_ONLY___ ═
2024-12-04 15:50:22,662 INFO     ___FILE_ONLY___ ═
2024-12-04 15:50:22,662 INFO     ___FILE_ONLY___ ═
2024-12-04 15:50:22,663 INFO     ___FILE_ONLY___ ═
2024-12-04 15:50:22,664 INFO     ___FILE_ONLY___ ═
2024-12-04 15:50:22,664 INFO     ___FILE_ONLY___ ╝

2024-12-04 15:50:22,678 INFO     ___FILE_ONLY___ ╔════════════════════════════════════════════════════════════╗

2024-12-04 15:50:22,678 INFO     ___FILE_ONLY___ ╠═ Downloading: Skaffold                                    ═╣

2024-12-04 15:50:22,678 INFO     ___FILE_ONLY___ ╚
2024-12-04 15:50:22,678 INFO     ___FILE_ONLY___ ════════════════════════════════════════════════════════════
2024-12-04 15:50:22,678 INFO     ___FILE_ONLY___ ╝

2024-12-04 15:50:22,683 INFO     ___FILE_ONLY___ ╔════════════════════════════════════════════════════════════╗

2024-12-04 15:50:22,683 INFO     ___FILE_ONLY___ ╠═ Downloading: Skaffold (Platform Specific)                ═╣

2024-12-04 15:50:22,683 INFO     ___FILE_ONLY___ ╚
2024-12-04 15:50:22,686 DEBUG    urllib3.connectionpool Starting new HTTPS connection (1): dl.google.com:443
2024-12-04 15:50:22,880 DEBUG    urllib3.connectionpool https://dl.google.com:443 "GET /dl/cloudsdk/channels/rapid/components/google-cloud-sdk-skaffold-darwin-arm-20240806142304.tar.gz HTTP/1.1" 200 24031362
2024-12-04 15:50:24,259 INFO     ___FILE_ONLY___ ═
2024-12-04 15:50:24,260 INFO     ___FILE_ONLY___ ═
2024-12-04 15:50:24,261 INFO     ___FILE_ONLY___ ═
2024-12-04 15:50:24,261 INFO     ___FILE_ONLY___ ═
2024-12-04 15:50:24,262 INFO     ___FILE_ONLY___ ═
2024-12-04 15:50:24,262 INFO     ___FILE_ONLY___ ═
2024-12-04 15:50:24,262 INFO     ___FILE_ONLY___ ═
2024-12-04 15:50:24,263 INFO     ___FILE_ONLY___ ═
2024-12-04 15:50:24,263 INFO     ___FILE_ONLY___ ═
2024-12-04 15:50:24,264 INFO     ___FILE_ONLY___ ═
2024-12-04 15:50:24,265 INFO     ___FILE_ONLY___ ═
2024-12-04 15:50:24,265 INFO     ___FILE_ONLY___ ═
2024-12-04 15:50:24,266 INFO     ___FILE_ONLY___ ═
2024-12-04 15:50:24,266 INFO     ___FILE_ONLY___ ═
2024-12-04 15:50:24,266 INFO     ___FILE_ONLY___ ═
2024-12-04 15:50:24,267 INFO     ___FILE_ONLY___ ═
2024-12-04 15:50:24,267 INFO     ___FILE_ONLY___ ═
2024-12-04 15:50:24,268 INFO     ___FILE_ONLY___ ═
2024-12-04 15:50:24,268 INFO     ___FILE_ONLY___ ═
2024-12-04 15:50:24,269 INFO     ___FILE_ONLY___ ═
2024-12-04 15:50:24,269 INFO     ___FILE_ONLY___ ═
2024-12-04 15:50:24,270 INFO     ___FILE_ONLY___ ═
2024-12-04 15:50:24,270 INFO     ___FILE_ONLY___ ═
2024-12-04 15:50:24,270 INFO     ___FILE_ONLY___ ═
2024-12-04 15:50:24,272 INFO     ___FILE_ONLY___ ═
2024-12-04 15:50:24,273 INFO     ___FILE_ONLY___ ═
2024-12-04 15:50:24,273 INFO     ___FILE_ONLY___ ═
2024-12-04 15:50:24,274 INFO     ___FILE_ONLY___ ═
2024-12-04 15:50:24,274 INFO     ___FILE_ONLY___ ═
2024-12-04 15:50:24,274 INFO     ___FILE_ONLY___ ═
2024-12-04 15:50:24,275 INFO     ___FILE_ONLY___ ═
2024-12-04 15:50:24,275 INFO     ___FILE_ONLY___ ═
2024-12-04 15:50:24,276 INFO     ___FILE_ONLY___ ═
2024-12-04 15:50:24,276 INFO     ___FILE_ONLY___ ═
2024-12-04 15:50:24,276 INFO     ___FILE_ONLY___ ═
2024-12-04 15:50:24,277 INFO     ___FILE_ONLY___ ═
2024-12-04 15:50:24,277 INFO     ___FILE_ONLY___ ═
2024-12-04 15:50:24,277 INFO     ___FILE_ONLY___ ═
2024-12-04 15:50:24,278 INFO     ___FILE_ONLY___ ═
2024-12-04 15:50:24,278 INFO     ___FILE_ONLY___ ═
2024-12-04 15:50:24,279 INFO     ___FILE_ONLY___ ═
2024-12-04 15:50:24,279 INFO     ___FILE_ONLY___ ═
2024-12-04 15:50:24,280 INFO     ___FILE_ONLY___ ═
2024-12-04 15:50:24,280 INFO     ___FILE_ONLY___ ═
2024-12-04 15:50:24,280 INFO     ___FILE_ONLY___ ═
2024-12-04 15:50:24,281 INFO     ___FILE_ONLY___ ═
2024-12-04 15:50:24,281 INFO     ___FILE_ONLY___ ═
2024-12-04 15:50:24,281 INFO     ___FILE_ONLY___ ═
2024-12-04 15:50:24,282 INFO     ___FILE_ONLY___ ═
2024-12-04 15:50:24,282 INFO     ___FILE_ONLY___ ═
2024-12-04 15:50:24,282 INFO     ___FILE_ONLY___ ═
2024-12-04 15:50:24,283 INFO     ___FILE_ONLY___ ═
2024-12-04 15:50:24,283 INFO     ___FILE_ONLY___ ═
2024-12-04 15:50:24,284 INFO     ___FILE_ONLY___ ═
2024-12-04 15:50:24,284 INFO     ___FILE_ONLY___ ═
2024-12-04 15:50:24,284 INFO     ___FILE_ONLY___ ═
2024-12-04 15:50:24,285 INFO     ___FILE_ONLY___ ═
2024-12-04 15:50:24,285 INFO     ___FILE_ONLY___ ═
2024-12-04 15:50:24,285 INFO     ___FILE_ONLY___ ═
2024-12-04 15:50:24,286 INFO     ___FILE_ONLY___ ═
2024-12-04 15:50:24,286 INFO     ___FILE_ONLY___ ╝

2024-12-04 15:50:24,298 INFO     ___FILE_ONLY___ ╔════════════════════════════════════════════════════════════╗

2024-12-04 15:50:24,299 INFO     ___FILE_ONLY___ ╠═ Downloading: gcloud Alpha Commands                       ═╣

2024-12-04 15:50:24,299 INFO     ___FILE_ONLY___ ╚
2024-12-04 15:50:24,301 DEBUG    urllib3.connectionpool Starting new HTTPS connection (1): dl.google.com:443
2024-12-04 15:50:24,490 DEBUG    urllib3.connectionpool https://dl.google.com:443 "GET /dl/cloudsdk/channels/rapid/components/google-cloud-sdk-alpha-20241115154308.tar.gz HTTP/1.1" 200 800
2024-12-04 15:50:24,493 INFO     ___FILE_ONLY___ ════════════════════════════════════════════════════════════
2024-12-04 15:50:24,493 INFO     ___FILE_ONLY___ ╝

2024-12-04 15:50:24,508 INFO     ___FILE_ONLY___ ╔════════════════════════════════════════════════════════════╗

2024-12-04 15:50:24,509 INFO     ___FILE_ONLY___ ╠═ Downloading: gcloud Beta Commands                        ═╣

2024-12-04 15:50:24,509 INFO     ___FILE_ONLY___ ╚
2024-12-04 15:50:24,513 DEBUG    urllib3.connectionpool Starting new HTTPS connection (1): dl.google.com:443
2024-12-04 15:50:24,705 DEBUG    urllib3.connectionpool https://dl.google.com:443 "GET /dl/cloudsdk/channels/rapid/components/google-cloud-sdk-beta-20241115154308.tar.gz HTTP/1.1" 200 797
2024-12-04 15:50:24,707 INFO     ___FILE_ONLY___ ════════════════════════════════════════════════════════════
2024-12-04 15:50:24,707 INFO     ___FILE_ONLY___ ╝

2024-12-04 15:50:24,720 INFO     ___FILE_ONLY___ ╔════════════════════════════════════════════════════════════╗

2024-12-04 15:50:24,721 INFO     ___FILE_ONLY___ ╠═ Downloading: gcloud cli dependencies (Platform Specific) ═╣

2024-12-04 15:50:24,721 INFO     ___FILE_ONLY___ ╚
2024-12-04 15:50:24,725 DEBUG    urllib3.connectionpool Starting new HTTPS connection (1): dl.google.com:443
2024-12-04 15:50:24,916 DEBUG    urllib3.connectionpool https://dl.google.com:443 "GET /dl/cloudsdk/channels/rapid/components/google-cloud-sdk-gcloud-deps-darwin-x86_64-20210416153011.tar.gz HTTP/1.1" 200 105
2024-12-04 15:50:24,918 INFO     ___FILE_ONLY___ ════════════════════════════════════════════════════════════
2024-12-04 15:50:24,918 INFO     ___FILE_ONLY___ ╝

2024-12-04 15:50:24,932 INFO     ___FILE_ONLY___ ╔════════════════════════════════════════════════════════════╗

2024-12-04 15:50:24,932 INFO     ___FILE_ONLY___ ╠═ Downloading: gke-gcloud-auth-plugin                      ═╣

2024-12-04 15:50:24,932 INFO     ___FILE_ONLY___ ╚
2024-12-04 15:50:24,932 INFO     ___FILE_ONLY___ ════════════════════════════════════════════════════════════
2024-12-04 15:50:24,932 INFO     ___FILE_ONLY___ ╝

2024-12-04 15:50:24,940 INFO     ___FILE_ONLY___ ╔════════════════════════════════════════════════════════════╗

2024-12-04 15:50:24,940 INFO     ___FILE_ONLY___ ╠═ Downloading: gke-gcloud-auth-plugin (Platform Specific)  ═╣

2024-12-04 15:50:24,940 INFO     ___FILE_ONLY___ ╚
2024-12-04 15:50:24,943 DEBUG    urllib3.connectionpool Starting new HTTPS connection (1): dl.google.com:443
2024-12-04 15:50:25,148 DEBUG    urllib3.connectionpool https://dl.google.com:443 "GET /dl/cloudsdk/channels/rapid/components/google-cloud-sdk-gke-gcloud-auth-plugin-darwin-arm-20240628141907.tar.gz HTTP/1.1" 200 4148014
2024-12-04 15:50:25,532 INFO     ___FILE_ONLY___ ═
2024-12-04 15:50:25,533 INFO     ___FILE_ONLY___ ═
2024-12-04 15:50:25,533 INFO     ___FILE_ONLY___ ═
2024-12-04 15:50:25,533 INFO     ___FILE_ONLY___ ═
2024-12-04 15:50:25,533 INFO     ___FILE_ONLY___ ═
2024-12-04 15:50:25,534 INFO     ___FILE_ONLY___ ═
2024-12-04 15:50:25,534 INFO     ___FILE_ONLY___ ═
2024-12-04 15:50:25,534 INFO     ___FILE_ONLY___ ═
2024-12-04 15:50:25,535 INFO     ___FILE_ONLY___ ═
2024-12-04 15:50:25,535 INFO     ___FILE_ONLY___ ═
2024-12-04 15:50:25,535 INFO     ___FILE_ONLY___ ═
2024-12-04 15:50:25,536 INFO     ___FILE_ONLY___ ═
2024-12-04 15:50:25,536 INFO     ___FILE_ONLY___ ═
2024-12-04 15:50:25,537 INFO     ___FILE_ONLY___ ═
2024-12-04 15:50:25,537 INFO     ___FILE_ONLY___ ═
2024-12-04 15:50:25,537 INFO     ___FILE_ONLY___ ═
2024-12-04 15:50:25,537 INFO     ___FILE_ONLY___ ═
2024-12-04 15:50:25,537 INFO     ___FILE_ONLY___ ═
2024-12-04 15:50:25,537 INFO     ___FILE_ONLY___ ═
2024-12-04 15:50:25,538 INFO     ___FILE_ONLY___ ═
2024-12-04 15:50:25,538 INFO     ___FILE_ONLY___ ═
2024-12-04 15:50:25,538 INFO     ___FILE_ONLY___ ═
2024-12-04 15:50:25,538 INFO     ___FILE_ONLY___ ═
2024-12-04 15:50:25,538 INFO     ___FILE_ONLY___ ═
2024-12-04 15:50:25,539 INFO     ___FILE_ONLY___ ═
2024-12-04 15:50:25,539 INFO     ___FILE_ONLY___ ═
2024-12-04 15:50:25,539 INFO     ___FILE_ONLY___ ═
2024-12-04 15:50:25,539 INFO     ___FILE_ONLY___ ═
2024-12-04 15:50:25,539 INFO     ___FILE_ONLY___ ═
2024-12-04 15:50:25,539 INFO     ___FILE_ONLY___ ═
2024-12-04 15:50:25,540 INFO     ___FILE_ONLY___ ═
2024-12-04 15:50:25,540 INFO     ___FILE_ONLY___ ═
2024-12-04 15:50:25,540 INFO     ___FILE_ONLY___ ═
2024-12-04 15:50:25,540 INFO     ___FILE_ONLY___ ═
2024-12-04 15:50:25,540 INFO     ___FILE_ONLY___ ═
2024-12-04 15:50:25,540 INFO     ___FILE_ONLY___ ═
2024-12-04 15:50:25,541 INFO     ___FILE_ONLY___ ═
2024-12-04 15:50:25,541 INFO     ___FILE_ONLY___ ═
2024-12-04 15:50:25,541 INFO     ___FILE_ONLY___ ═
2024-12-04 15:50:25,541 INFO     ___FILE_ONLY___ ═
2024-12-04 15:50:25,541 INFO     ___FILE_ONLY___ ═
2024-12-04 15:50:25,541 INFO     ___FILE_ONLY___ ═
2024-12-04 15:50:25,542 INFO     ___FILE_ONLY___ ═
2024-12-04 15:50:25,542 INFO     ___FILE_ONLY___ ═
2024-12-04 15:50:25,542 INFO     ___FILE_ONLY___ ═
2024-12-04 15:50:25,542 INFO     ___FILE_ONLY___ ═
2024-12-04 15:50:25,542 INFO     ___FILE_ONLY___ ═
2024-12-04 15:50:25,542 INFO     ___FILE_ONLY___ ═
2024-12-04 15:50:25,542 INFO     ___FILE_ONLY___ ═
2024-12-04 15:50:25,543 INFO     ___FILE_ONLY___ ═
2024-12-04 15:50:25,543 INFO     ___FILE_ONLY___ ═
2024-12-04 15:50:25,543 INFO     ___FILE_ONLY___ ═
2024-12-04 15:50:25,543 INFO     ___FILE_ONLY___ ═
2024-12-04 15:50:25,543 INFO     ___FILE_ONLY___ ═
2024-12-04 15:50:25,543 INFO     ___FILE_ONLY___ ═
2024-12-04 15:50:25,543 INFO     ___FILE_ONLY___ ═
2024-12-04 15:50:25,544 INFO     ___FILE_ONLY___ ═
2024-12-04 15:50:25,544 INFO     ___FILE_ONLY___ ═
2024-12-04 15:50:25,544 INFO     ___FILE_ONLY___ ═
2024-12-04 15:50:25,544 INFO     ___FILE_ONLY___ ═
2024-12-04 15:50:25,544 INFO     ___FILE_ONLY___ ╝

2024-12-04 15:50:25,550 INFO     ___FILE_ONLY___ ╔════════════════════════════════════════════════════════════╗

2024-12-04 15:50:25,551 INFO     ___FILE_ONLY___ ╠═ Downloading: kubectl                                     ═╣

2024-12-04 15:50:25,551 INFO     ___FILE_ONLY___ ╚
2024-12-04 15:50:25,553 DEBUG    urllib3.connectionpool Starting new HTTPS connection (1): dl.google.com:443
2024-12-04 15:50:25,737 DEBUG    urllib3.connectionpool https://dl.google.com:443 "GET /dl/cloudsdk/channels/rapid/components/google-cloud-sdk-kubectl-20241004144944.tar.gz HTTP/1.1" 200 36206
2024-12-04 15:50:25,880 INFO     ___FILE_ONLY___ ═══════════════════════════
2024-12-04 15:50:25,880 INFO     ___FILE_ONLY___ ═══════════════════════════
2024-12-04 15:50:25,880 INFO     ___FILE_ONLY___ ══════
2024-12-04 15:50:25,881 INFO     ___FILE_ONLY___ ╝

2024-12-04 15:50:25,893 INFO     ___FILE_ONLY___ ╔════════════════════════════════════════════════════════════╗

2024-12-04 15:50:25,894 INFO     ___FILE_ONLY___ ╠═ Downloading: kubectl (Platform Specific)                 ═╣

2024-12-04 15:50:25,894 INFO     ___FILE_ONLY___ ╚
2024-12-04 15:50:25,896 DEBUG    urllib3.connectionpool Starting new HTTPS connection (1): dl.google.com:443
2024-12-04 15:50:26,134 DEBUG    urllib3.connectionpool https://dl.google.com:443 "GET /dl/cloudsdk/channels/rapid/components/google-cloud-sdk-kubectl-darwin-arm-20241108162203.tar.gz HTTP/1.1" 200 90277960
2024-12-04 15:50:30,947 INFO     ___FILE_ONLY___ ═
2024-12-04 15:50:30,949 INFO     ___FILE_ONLY___ ═
2024-12-04 15:50:30,950 INFO     ___FILE_ONLY___ ═
2024-12-04 15:50:30,951 INFO     ___FILE_ONLY___ ═
2024-12-04 15:50:30,952 INFO     ___FILE_ONLY___ ═
2024-12-04 15:50:30,953 INFO     ___FILE_ONLY___ ═
2024-12-04 15:50:30,954 INFO     ___FILE_ONLY___ ═
2024-12-04 15:50:30,955 INFO     ___FILE_ONLY___ ═
2024-12-04 15:50:30,957 INFO     ___FILE_ONLY___ ═
2024-12-04 15:50:30,959 INFO     ___FILE_ONLY___ ═
2024-12-04 15:50:30,960 INFO     ___FILE_ONLY___ ═
2024-12-04 15:50:30,961 INFO     ___FILE_ONLY___ ═
2024-12-04 15:50:30,962 INFO     ___FILE_ONLY___ ═
2024-12-04 15:50:30,963 INFO     ___FILE_ONLY___ ═
2024-12-04 15:50:30,964 INFO     ___FILE_ONLY___ ═
2024-12-04 15:50:30,965 INFO     ___FILE_ONLY___ ═
2024-12-04 15:50:30,967 INFO     ___FILE_ONLY___ ═
2024-12-04 15:50:30,968 INFO     ___FILE_ONLY___ ═
2024-12-04 15:50:30,969 INFO     ___FILE_ONLY___ ═
2024-12-04 15:50:30,970 INFO     ___FILE_ONLY___ ═
2024-12-04 15:50:30,971 INFO     ___FILE_ONLY___ ═
2024-12-04 15:50:30,972 INFO     ___FILE_ONLY___ ═
2024-12-04 15:50:30,978 INFO     ___FILE_ONLY___ ═
2024-12-04 15:50:30,979 INFO     ___FILE_ONLY___ ═
2024-12-04 15:50:30,980 INFO     ___FILE_ONLY___ ═
2024-12-04 15:50:30,981 INFO     ___FILE_ONLY___ ═
2024-12-04 15:50:30,982 INFO     ___FILE_ONLY___ ═
2024-12-04 15:50:30,987 INFO     ___FILE_ONLY___ ═
2024-12-04 15:50:30,988 INFO     ___FILE_ONLY___ ═
2024-12-04 15:50:30,989 INFO     ___FILE_ONLY___ ═
2024-12-04 15:50:30,990 INFO     ___FILE_ONLY___ ═
2024-12-04 15:50:30,992 INFO     ___FILE_ONLY___ ═
2024-12-04 15:50:30,993 INFO     ___FILE_ONLY___ ═
2024-12-04 15:50:30,997 INFO     ___FILE_ONLY___ ═
2024-12-04 15:50:30,997 INFO     ___FILE_ONLY___ ═
2024-12-04 15:50:30,998 INFO     ___FILE_ONLY___ ═
2024-12-04 15:50:30,999 INFO     ___FILE_ONLY___ ═
2024-12-04 15:50:31,000 INFO     ___FILE_ONLY___ ═
2024-12-04 15:50:31,001 INFO     ___FILE_ONLY___ ═
2024-12-04 15:50:31,006 INFO     ___FILE_ONLY___ ═
2024-12-04 15:50:31,007 INFO     ___FILE_ONLY___ ═
2024-12-04 15:50:31,009 INFO     ___FILE_ONLY___ ═
2024-12-04 15:50:31,010 INFO     ___FILE_ONLY___ ═
2024-12-04 15:50:31,011 INFO     ___FILE_ONLY___ ═
2024-12-04 15:50:31,015 INFO     ___FILE_ONLY___ ═
2024-12-04 15:50:31,016 INFO     ___FILE_ONLY___ ═
2024-12-04 15:50:31,017 INFO     ___FILE_ONLY___ ═
2024-12-04 15:50:31,018 INFO     ___FILE_ONLY___ ═
2024-12-04 15:50:31,019 INFO     ___FILE_ONLY___ ═
2024-12-04 15:50:31,020 INFO     ___FILE_ONLY___ ═
2024-12-04 15:50:31,021 INFO     ___FILE_ONLY___ ═
2024-12-04 15:50:31,028 INFO     ___FILE_ONLY___ ═
2024-12-04 15:50:31,029 INFO     ___FILE_ONLY___ ═
2024-12-04 15:50:31,030 INFO     ___FILE_ONLY___ ═
2024-12-04 15:50:31,030 INFO     ___FILE_ONLY___ ═
2024-12-04 15:50:31,037 INFO     ___FILE_ONLY___ ═
2024-12-04 15:50:31,038 INFO     ___FILE_ONLY___ ═
2024-12-04 15:50:31,039 INFO     ___FILE_ONLY___ ═
2024-12-04 15:50:31,040 INFO     ___FILE_ONLY___ ═
2024-12-04 15:50:31,041 INFO     ___FILE_ONLY___ ═
2024-12-04 15:50:31,041 INFO     ___FILE_ONLY___ ╝

2024-12-04 15:50:31,064 INFO     ___FILE_ONLY___ ╔════════════════════════════════════════════════════════════╗

2024-12-04 15:50:31,065 INFO     ___FILE_ONLY___ ╠═ Installing: Google Cloud CLI Core Libraries (Platform... ═╣

2024-12-04 15:50:31,065 INFO     ___FILE_ONLY___ ╚
2024-12-04 15:50:31,067 INFO     ___FILE_ONLY___ ══════════════════════════════
2024-12-04 15:50:31,067 INFO     ___FILE_ONLY___ ══════════════════════════════
2024-12-04 15:50:31,067 INFO     ___FILE_ONLY___ ╝

2024-12-04 15:50:31,082 INFO     ___FILE_ONLY___ ╔════════════════════════════════════════════════════════════╗

2024-12-04 15:50:31,082 INFO     ___FILE_ONLY___ ╠═ Installing: Minikube                                     ═╣

2024-12-04 15:50:31,082 INFO     ___FILE_ONLY___ ╚
2024-12-04 15:50:31,087 INFO     ___FILE_ONLY___ ════════════════════════════════════════════════════════════
2024-12-04 15:50:31,087 INFO     ___FILE_ONLY___ ╝

2024-12-04 15:50:31,092 INFO     ___FILE_ONLY___ ╔════════════════════════════════════════════════════════════╗

2024-12-04 15:50:31,092 INFO     ___FILE_ONLY___ ╠═ Installing: Minikube (Platform Specific)                 ═╣

2024-12-04 15:50:31,092 INFO     ___FILE_ONLY___ ╚
2024-12-04 15:50:31,465 INFO     ___FILE_ONLY___ ════════════════════════════════════════════════════════════
2024-12-04 15:50:31,468 INFO     ___FILE_ONLY___ ╝

2024-12-04 15:50:31,485 INFO     ___FILE_ONLY___ ╔════════════════════════════════════════════════════════════╗

2024-12-04 15:50:31,485 INFO     ___FILE_ONLY___ ╠═ Installing: Skaffold                                     ═╣

2024-12-04 15:50:31,485 INFO     ___FILE_ONLY___ ╚
2024-12-04 15:50:31,486 INFO     ___FILE_ONLY___ ════════════════════════════════════════════════════════════
2024-12-04 15:50:31,486 INFO     ___FILE_ONLY___ ╝

2024-12-04 15:50:31,491 INFO     ___FILE_ONLY___ ╔════════════════════════════════════════════════════════════╗

2024-12-04 15:50:31,491 INFO     ___FILE_ONLY___ ╠═ Installing: Skaffold (Platform Specific)                 ═╣

2024-12-04 15:50:31,491 INFO     ___FILE_ONLY___ ╚
2024-12-04 15:50:31,808 INFO     ___FILE_ONLY___ ════════════════════════════════════════════════════════════
2024-12-04 15:50:31,808 INFO     ___FILE_ONLY___ ╝

2024-12-04 15:50:31,817 INFO     ___FILE_ONLY___ ╔════════════════════════════════════════════════════════════╗

2024-12-04 15:50:31,817 INFO     ___FILE_ONLY___ ╠═ Installing: gcloud Alpha Commands                        ═╣

2024-12-04 15:50:31,817 INFO     ___FILE_ONLY___ ╚
2024-12-04 15:50:31,818 INFO     ___FILE_ONLY___ ════════════════════════════════════════════════════════════
2024-12-04 15:50:31,818 INFO     ___FILE_ONLY___ ╝

2024-12-04 15:50:31,824 INFO     ___FILE_ONLY___ ╔════════════════════════════════════════════════════════════╗

2024-12-04 15:50:31,824 INFO     ___FILE_ONLY___ ╠═ Installing: gcloud Beta Commands                         ═╣

2024-12-04 15:50:31,824 INFO     ___FILE_ONLY___ ╚
2024-12-04 15:50:31,825 INFO     ___FILE_ONLY___ ════════════════════════════════════════════════════════════
2024-12-04 15:50:31,825 INFO     ___FILE_ONLY___ ╝

2024-12-04 15:50:31,832 INFO     ___FILE_ONLY___ ╔════════════════════════════════════════════════════════════╗

2024-12-04 15:50:31,832 INFO     ___FILE_ONLY___ ╠═ Installing: gcloud cli dependencies (Platform Specific)  ═╣

2024-12-04 15:50:31,832 INFO     ___FILE_ONLY___ ╚
2024-12-04 15:50:31,832 INFO     ___FILE_ONLY___ ════════════════════════════════════════════════════════════
2024-12-04 15:50:31,832 INFO     ___FILE_ONLY___ ╝

2024-12-04 15:50:31,838 INFO     ___FILE_ONLY___ ╔════════════════════════════════════════════════════════════╗

2024-12-04 15:50:31,838 INFO     ___FILE_ONLY___ ╠═ Installing: gke-gcloud-auth-plugin                       ═╣

2024-12-04 15:50:31,838 INFO     ___FILE_ONLY___ ╚
2024-12-04 15:50:31,840 INFO     ___FILE_ONLY___ ════════════════════════════════════════════════════════════
2024-12-04 15:50:31,840 INFO     ___FILE_ONLY___ ╝

2024-12-04 15:50:31,845 INFO     ___FILE_ONLY___ ╔════════════════════════════════════════════════════════════╗

2024-12-04 15:50:31,845 INFO     ___FILE_ONLY___ ╠═ Installing: gke-gcloud-auth-plugin (Platform Specific)   ═╣

2024-12-04 15:50:31,845 INFO     ___FILE_ONLY___ ╚
2024-12-04 15:50:31,898 INFO     ___FILE_ONLY___ ════════════════════════════════════════════════════════════
2024-12-04 15:50:31,898 INFO     ___FILE_ONLY___ ╝

2024-12-04 15:50:31,905 INFO     ___FILE_ONLY___ ╔════════════════════════════════════════════════════════════╗

2024-12-04 15:50:31,905 INFO     ___FILE_ONLY___ ╠═ Installing: kubectl                                      ═╣

2024-12-04 15:50:31,905 INFO     ___FILE_ONLY___ ╚
2024-12-04 15:50:31,907 INFO     ___FILE_ONLY___ ════════════════════════════════════════════════════════════
2024-12-04 15:50:31,907 INFO     ___FILE_ONLY___ ╝

2024-12-04 15:50:31,914 INFO     ___FILE_ONLY___ ╔════════════════════════════════════════════════════════════╗

2024-12-04 15:50:31,914 INFO     ___FILE_ONLY___ ╠═ Installing: kubectl (Platform Specific)                  ═╣

2024-12-04 15:50:31,914 INFO     ___FILE_ONLY___ ╚
2024-12-04 15:50:32,500 INFO     ___FILE_ONLY___ ══════════
2024-12-04 15:50:32,617 INFO     ___FILE_ONLY___ ══════════
2024-12-04 15:50:32,743 INFO     ___FILE_ONLY___ ══════════
2024-12-04 15:50:33,012 INFO     ___FILE_ONLY___ ══════════
2024-12-04 15:50:33,131 INFO     ___FILE_ONLY___ ══════════
2024-12-04 15:50:33,257 INFO     ___FILE_ONLY___ ══════════
2024-12-04 15:50:33,257 INFO     ___FILE_ONLY___ ╝

2024-12-04 15:50:33,268 DEBUG    root            Updating notification cache...
2024-12-04 15:50:33,269 INFO     ___FILE_ONLY___ 

2024-12-04 15:50:33,275 INFO     ___FILE_ONLY___ Performing post processing steps...
2024-12-04 15:50:33,276 DEBUG    root            Executing command: ['/Users/demetris.mina/Library/Application Support/cloud-code/installer/google-cloud-sdk/bin/gcloud', 'components', 'post-process', '--no-compile-python']
2024-12-04 15:50:33,969 DEBUG    ___FILE_ONLY___ 
2024-12-04 15:50:33,970 DEBUG    ___FILE_ONLY___ 
2024-12-04 15:50:34,041 INFO     ___FILE_ONLY___ 
Update done!


2024-12-04 15:50:34,045 WARNING  root              There are other instances of Google Cloud tools on your system PATH.
  Please remove the following to avoid confusion or accidental invocation:

  /opt/homebrew/share/google-cloud-sdk/bin/docker-credential-gcloud
/opt/homebrew/share/google-cloud-sdk/bin/gcloud

  
2024-12-04 15:50:34,048 DEBUG    root            Chosen display Format:none
2024-12-04 15:50:34,048 INFO     root            Display format: "none"
2024-12-04 15:50:34,052 DEBUG    root            Executing command: ['curl', '--silent', '-O', 'https://dl.google.com/dl/cloudsdk/channels/rapid/python-3.11.6-macos11.tar.gz']
2024-12-04 15:50:36,736 DEBUG    root            Executing command: ['tar', '-xf', 'python-3.11.6-macos11.tar.gz']
2024-12-04 15:50:36,840 DEBUG    root            Executing command: ['sudo', 'installer', '-target', '/', '-pkg', './python-3.11.6-macos11.pkg']
