2024-12-02 11:42:03,671 DEBUG    root            Loaded Command Group: ['gcloud', 'auth']
2024-12-02 11:42:03,707 DEBUG    root            Loaded Command Group: ['gcloud', 'auth', 'login']
2024-12-02 11:42:03,708 DEBUG    root            Running [gcloud.auth.login] with arguments: []
2024-12-02 11:42:03,838 DEBUG    requests_oauthlib.oauth2_session Generated new state WcdTaT5Fj5gIrmqUe3douaO6Bg4LGP.
2024-12-02 11:42:04,119 INFO     ___FILE_ONLY___ Your browser has been opened to visit:

    https://accounts.google.com/o/oauth2/auth?response_type=code&client_id=32555940559.apps.googleusercontent.com&redirect_uri=http%3A%2F%2Flocalhost%3A8085%2F&scope=openid+https%3A%2F%2Fwww.googleapis.com%2Fauth%2Fuserinfo.email+https%3A%2F%2Fwww.googleapis.com%2Fauth%2Fcloud-platform+https%3A%2F%2Fwww.googleapis.com%2Fauth%2Fappengine.admin+https%3A%2F%2Fwww.googleapis.com%2Fauth%2Fsqlservice.login+https%3A%2F%2Fwww.googleapis.com%2Fauth%2Fcompute+https%3A%2F%2Fwww.googleapis.com%2Fauth%2Faccounts.reauth&state=WcdTaT5Fj5gIrmqUe3douaO6Bg4LGP&access_type=offline&code_challenge=PH_hAouv6snnz2dsaeVZxACcXmFRjkTf-zw_CmS9O_E&code_challenge_method=S256


2024-12-02 11:42:25,800 INFO     google_auth_oauthlib.flow "GET /?state=WcdTaT5Fj5gIrmqUe3douaO6Bg4LGP&code=4/0AeanS0Ya54N6549WOlO22j4Xw2pQiR81iJt4IKFkK2i0Q-ymiVYjO4sFd_ZIzAiDeIiNlA&scope=email%20openid%20https://www.googleapis.com/auth/userinfo.email%20https://www.googleapis.com/auth/cloud-platform%20https://www.googleapis.com/auth/appengine.admin%20https://www.googleapis.com/auth/sqlservice.login%20https://www.googleapis.com/auth/compute%20https://www.googleapis.com/auth/accounts.reauth&authuser=1&hd=richemont.com&prompt=consent HTTP/1.1" 200 959
2024-12-02 11:42:25,802 DEBUG    requests_oauthlib.oauth2_session Requesting url https://oauth2.googleapis.com/token using method POST.
2024-12-02 11:42:25,802 DEBUG    requests_oauthlib.oauth2_session Supplying headers {b'Accept': b'application/json', b'Content-Type': b'application/x-www-form-urlencoded;charset=UTF-8', b'user-agent': b'google-cloud-sdk gcloud/502.0.0 command/gcloud.auth.login invocation-id/4fba391149654861978463d63e58b322 environment/None environment-version/None client-os/MACOSX client-os-ver/24.1.0 client-pltf-arch/arm interactive/True from-script/False python/3.11.10 term/xterm-256color (Macintosh; Intel Mac OS X 24.1.0)'} and data {'grant_type': 'authorization_code', 'client_id': '32555940559.apps.googleusercontent.com', 'client_secret': 'ZmssLNjJy2998hD4CTg2ejr2', 'code': '4/0AeanS0Ya54N6549WOlO22j4Xw2pQiR81iJt4IKFkK2i0Q-ymiVYjO4sFd_ZIzAiDeIiNlA', 'redirect_uri': 'http://localhost:8085/', 'code_verifier': 'aulHncMcVBXdrb33XI5pIUb43T3lI_pcNM8AtmOdwv4c8r2mf0o9JNrALSe7WzT6CU5Zn-6ZikSOFBK4WDEKGsMGoypHy5NTrALZIoB2n5S0k323JDe4mHZUgk7N8Kss'}
2024-12-02 11:42:25,802 DEBUG    requests_oauthlib.oauth2_session Passing through key word arguments {'json': None, 'timeout': None, 'auth': None, 'verify': None, 'proxies': None}.
2024-12-02 11:42:25,809 DEBUG    urllib3.connectionpool Starting new HTTPS connection (1): oauth2.googleapis.com:443
2024-12-02 11:42:26,083 DEBUG    urllib3.connectionpool https://oauth2.googleapis.com:443 "POST /token HTTP/1.1" 200 None
2024-12-02 11:42:26,086 DEBUG    requests_oauthlib.oauth2_session Prepared fetch token request body grant_type=authorization_code&client_id=32555940559.apps.googleusercontent.com&client_secret=ZmssLNjJy2998hD4CTg2ejr2&code=4%2F0AeanS0Ya54N6549WOlO22j4Xw2pQiR81iJt4IKFkK2i0Q-ymiVYjO4sFd_ZIzAiDeIiNlA&redirect_uri=http%3A%2F%2Flocalhost%3A8085%2F&code_verifier=aulHncMcVBXdrb33XI5pIUb43T3lI_pcNM8AtmOdwv4c8r2mf0o9JNrALSe7WzT6CU5Zn-6ZikSOFBK4WDEKGsMGoypHy5NTrALZIoB2n5S0k323JDe4mHZUgk7N8Kss
2024-12-02 11:42:26,086 DEBUG    requests_oauthlib.oauth2_session Request to fetch token completed with status 200.
2024-12-02 11:42:26,087 DEBUG    requests_oauthlib.oauth2_session Request headers were {'user-agent': b'google-cloud-sdk gcloud/502.0.0 command/gcloud.auth.login invocation-id/4fba391149654861978463d63e58b322 environment/None environment-version/None client-os/MACOSX client-os-ver/24.1.0 client-pltf-arch/arm interactive/True from-script/False python/3.11.10 term/xterm-256color (Macintosh; Intel Mac OS X 24.1.0)', 'Accept-Encoding': 'gzip, deflate', 'Accept': b'application/json', 'Connection': 'keep-alive', 'Content-Type': b'application/x-www-form-urlencoded;charset=UTF-8', 'Content-Length': '387'}
2024-12-02 11:42:26,087 DEBUG    requests_oauthlib.oauth2_session Request body was grant_type=authorization_code&client_id=32555940559.apps.googleusercontent.com&client_secret=ZmssLNjJy2998hD4CTg2ejr2&code=4%2F0AeanS0Ya54N6549WOlO22j4Xw2pQiR81iJt4IKFkK2i0Q-ymiVYjO4sFd_ZIzAiDeIiNlA&redirect_uri=http%3A%2F%2Flocalhost%3A8085%2F&code_verifier=aulHncMcVBXdrb33XI5pIUb43T3lI_pcNM8AtmOdwv4c8r2mf0o9JNrALSe7WzT6CU5Zn-6ZikSOFBK4WDEKGsMGoypHy5NTrALZIoB2n5S0k323JDe4mHZUgk7N8Kss
2024-12-02 11:42:26,087 DEBUG    requests_oauthlib.oauth2_session Response headers were {'Pragma': 'no-cache', 'Date': 'Mon, 02 Dec 2024 10:42:26 GMT', 'Cache-Control': 'no-cache, no-store, max-age=0, must-revalidate', 'Expires': 'Mon, 01 Jan 1990 00:00:00 GMT', 'Content-Type': 'application/json; charset=utf-8', 'Vary': 'Origin, X-Origin, Referer', 'Content-Encoding': 'gzip', 'Server': 'scaffolding on HTTPServer2', 'X-XSS-Protection': '0', 'X-Frame-Options': 'SAMEORIGIN', 'X-Content-Type-Options': 'nosniff', 'Alt-Svc': 'h3=":443"; ma=2592000,h3-29=":443"; ma=2592000', 'Transfer-Encoding': 'chunked'} and content {
  "access_token": "ya29.a0AeDClZCR59dQvOgIPv_X0LHFEMTkJQSOpIXUdzkHEhOc-ONfk65lZ4vHyaFMHjyKzzLqN3P4xkKkqWeUb2MIU7tn8JtxP6__HB8oZDQn93nvThQNgqlvVvfVYjiyWViRA-AIGJjvDE9kx5vAikUf4l9DNY2m7mZmnt3kH9XSqgp96QaCgYKAbgSARESFQHGX2MiP297m38wS6fNWF9WVSd5Mw0181",
  "expires_in": 3599,
  "refresh_token": "1//09UBqKtAWbeTfCgYIARAAGAkSNwF-L9IrEGnWz2z-_-TKhlVTuJs5tyalH18b-K-R602cgEvUW0ujEhMwM_AUO3oWcilHxle0fWs",
  "scope": "https://www.googleapis.com/auth/appengine.admin https://www.googleapis.com/auth/sqlservice.login https://www.googleapis.com/auth/accounts.reauth https://www.googleapis.com/auth/cloud-platform https://www.googleapis.com/auth/userinfo.email https://www.googleapis.com/auth/compute openid",
  "token_type": "Bearer",
  "id_token": "eyJhbGciOiJSUzI1NiIsImtpZCI6IjM2MjgyNTg2MDExMTNlNjU3NmE0NTMzNzM2NWZlOGI4OTczZDE2NzEiLCJ0eXAiOiJKV1QifQ.eyJpc3MiOiJodHRwczovL2FjY291bnRzLmdvb2dsZS5jb20iLCJhenAiOiIzMjU1NTk0MDU1OS5hcHBzLmdvb2dsZXVzZXJjb250ZW50LmNvbSIsImF1ZCI6IjMyNTU1OTQwNTU5LmFwcHMuZ29vZ2xldXNlcmNvbnRlbnQuY29tIiwic3ViIjoiMTAwMzMyMDU0Mzg3MDAxMDA0MDYxIiwiaGQiOiJyaWNoZW1vbnQuY29tIiwiZW1haWwiOiJkZW1ldHJpcy5taW5hQHJpY2hlbW9udC5jb20iLCJlbWFpbF92ZXJpZmllZCI6dHJ1ZSwiYXRfaGFzaCI6IlYybjNlN1lnenZGcXJxT2RHTTZkaWciLCJpYXQiOjE3MzMxMzYxNDYsImV4cCI6MTczMzEzOTc0Nn0.U887lVW46BP04E_jAy9gd554O5b5ZGCsSNir6Tz3dcu4SxWShS-wnIUqamFIUm3lDF-OVrOVouPrr9Eq7vsUQxtN-CNk9wGY_6NklRJhTm6idgrRLCXG5_r2kg-Uqmr28AKwn8lqRHXL4LX6Btj4jIWS4GoVyDavYeTJaEPVKpIpeT0THYbbs41p4ILVeLCMKensj77K9S79U47Dh6XBZg9MaprDqjJmmqDKMhQR71ME7-nD2OUyzGotygIsFKtlrQySRZdk8piDKLiLBjaJB9h19SOXqJucQYxDh-My_LBrQVYE5qpkb8Y8d9ie-ct43_0hSe4_zKa-ahOWHLlojg"
}.
2024-12-02 11:42:26,087 DEBUG    requests_oauthlib.oauth2_session Invoking 0 token response hooks.
2024-12-02 11:42:26,087 DEBUG    requests_oauthlib.oauth2_session Obtained token {'access_token': 'ya29.a0AeDClZCR59dQvOgIPv_X0LHFEMTkJQSOpIXUdzkHEhOc-ONfk65lZ4vHyaFMHjyKzzLqN3P4xkKkqWeUb2MIU7tn8JtxP6__HB8oZDQn93nvThQNgqlvVvfVYjiyWViRA-AIGJjvDE9kx5vAikUf4l9DNY2m7mZmnt3kH9XSqgp96QaCgYKAbgSARESFQHGX2MiP297m38wS6fNWF9WVSd5Mw0181', 'expires_in': 3599, 'refresh_token': '1//09UBqKtAWbeTfCgYIARAAGAkSNwF-L9IrEGnWz2z-_-TKhlVTuJs5tyalH18b-K-R602cgEvUW0ujEhMwM_AUO3oWcilHxle0fWs', 'scope': ['https://www.googleapis.com/auth/appengine.admin', 'https://www.googleapis.com/auth/sqlservice.login', 'https://www.googleapis.com/auth/accounts.reauth', 'https://www.googleapis.com/auth/cloud-platform', 'https://www.googleapis.com/auth/userinfo.email', 'https://www.googleapis.com/auth/compute', 'openid'], 'token_type': 'Bearer', 'id_token': 'eyJhbGciOiJSUzI1NiIsImtpZCI6IjM2MjgyNTg2MDExMTNlNjU3NmE0NTMzNzM2NWZlOGI4OTczZDE2NzEiLCJ0eXAiOiJKV1QifQ.eyJpc3MiOiJodHRwczovL2FjY291bnRzLmdvb2dsZS5jb20iLCJhenAiOiIzMjU1NTk0MDU1OS5hcHBzLmdvb2dsZXVzZXJjb250ZW50LmNvbSIsImF1ZCI6IjMyNTU1OTQwNTU5LmFwcHMuZ29vZ2xldXNlcmNvbnRlbnQuY29tIiwic3ViIjoiMTAwMzMyMDU0Mzg3MDAxMDA0MDYxIiwiaGQiOiJyaWNoZW1vbnQuY29tIiwiZW1haWwiOiJkZW1ldHJpcy5taW5hQHJpY2hlbW9udC5jb20iLCJlbWFpbF92ZXJpZmllZCI6dHJ1ZSwiYXRfaGFzaCI6IlYybjNlN1lnenZGcXJxT2RHTTZkaWciLCJpYXQiOjE3MzMxMzYxNDYsImV4cCI6MTczMzEzOTc0Nn0.U887lVW46BP04E_jAy9gd554O5b5ZGCsSNir6Tz3dcu4SxWShS-wnIUqamFIUm3lDF-OVrOVouPrr9Eq7vsUQxtN-CNk9wGY_6NklRJhTm6idgrRLCXG5_r2kg-Uqmr28AKwn8lqRHXL4LX6Btj4jIWS4GoVyDavYeTJaEPVKpIpeT0THYbbs41p4ILVeLCMKensj77K9S79U47Dh6XBZg9MaprDqjJmmqDKMhQR71ME7-nD2OUyzGotygIsFKtlrQySRZdk8piDKLiLBjaJB9h19SOXqJucQYxDh-My_LBrQVYE5qpkb8Y8d9ie-ct43_0hSe4_zKa-ahOWHLlojg', 'expires_at': 1733139745.087803}.
2024-12-02 11:42:26,127 INFO     ___FILE_ONLY___ 
You are now logged in as [demetris.mina@richemont.com].
Your current project is [None].  You can change this setting by running:
  $ gcloud config set project PROJECT_ID

2024-12-02 11:42:26,128 DEBUG    root            Chosen display Format:none
2024-12-02 11:42:26,128 INFO     root            Display format: "none"
2024-12-02 11:42:26,168 DEBUG    root            Checking for updates...
2024-12-02 11:42:26,171 DEBUG    urllib3.connectionpool Starting new HTTPS connection (1): dl.google.com:443
2024-12-02 11:42:26,379 DEBUG    urllib3.connectionpool https://dl.google.com:443 "GET /dl/cloudsdk/channels/rapid/components-2.json HTTP/1.1" 200 227816
2024-12-02 11:42:26,512 DEBUG    root            Updating notification cache...
2024-12-02 11:42:26,515 INFO     ___FILE_ONLY___ 

To take a quick anonymous survey, run:
  $ gcloud survey


